2023-02-28 02:54:43.394 [info] Log level: Info
2023-02-28 02:54:43.394 [info] Validating found git in: "git"
2023-02-28 02:54:43.394 [info] Using git "2.39.2" from "git"
2023-02-28 02:54:43.394 [info] > git rev-parse --show-toplevel [5ms]
2023-02-28 02:54:43.418 [info] > git rev-parse --git-dir --git-common-dir [24ms]
2023-02-28 02:54:43.430 [info] Open repository: /home/alex/Projects/Webee
2023-02-28 02:54:43.447 [info] > git rev-parse --show-toplevel [9ms]
2023-02-28 02:54:43.458 [info] > git config --get commit.template [11ms]
2023-02-28 02:54:43.466 [info] > git rev-parse --show-toplevel [12ms]
2023-02-28 02:54:43.475 [info] > git for-each-ref --format=%(refname)%00%(upstream:short)%00%(objectname)%00%(upstream:track)%00%(upstream:remotename)%00%(upstream:remoteref) refs/heads/main refs/remotes/main [11ms]
2023-02-28 02:54:43.497 [info] > git rev-parse --show-toplevel [22ms]
2023-02-28 02:54:43.514 [info] > git for-each-ref --sort -committerdate --format %(refname) %(objectname) %(*objectname) [19ms]
2023-02-28 02:54:43.516 [info] > git rev-parse --show-toplevel [3ms]
2023-02-28 02:54:43.995 [info] > git check-ignore -v -z --stdin [25ms]
2023-02-28 02:54:44.518 [info] > git status -z -uall [1037ms]
2023-02-28 02:54:44.538 [info] > git config --get commit.template [7ms]
2023-02-28 02:54:44.539 [info] > git for-each-ref --format=%(refname)%00%(upstream:short)%00%(objectname)%00%(upstream:track)%00%(upstream:remotename)%00%(upstream:remoteref) refs/heads/main refs/remotes/main [3ms]
2023-02-28 02:54:44.555 [info] > git for-each-ref --sort -committerdate --format %(refname) %(objectname) %(*objectname) [6ms]
2023-02-28 02:54:44.922 [info] > git status -z -uall [379ms]
2023-02-28 02:54:51.054 [info] > git check-ignore -v -z --stdin [9ms]
2023-02-28 02:54:51.887 [info] > git show --textconv :api/database.py [10ms]
2023-02-28 02:54:51.893 [info] > git ls-files --stage -- /home/alex/Projects/Webee/api/database.py [6ms]
2023-02-28 02:54:51.900 [info] > git cat-file -s e69de29bb2d1d6434b8b29ae775ad8c2e48c5391 [1ms]
2023-02-28 02:55:16.974 [info] > git show --textconv :api/models.py [7ms]
2023-02-28 02:55:16.979 [info] > git ls-files --stage -- /home/alex/Projects/Webee/api/models.py [5ms]
2023-02-28 02:55:16.985 [info] > git cat-file -s e69de29bb2d1d6434b8b29ae775ad8c2e48c5391 [2ms]
2023-02-28 02:56:01.227 [info] > git show --textconv :api/schemas.py [6ms]
2023-02-28 02:56:01.231 [info] > git ls-files --stage -- /home/alex/Projects/Webee/api/schemas.py [5ms]
2023-02-28 02:56:01.236 [info] > git cat-file -s e69de29bb2d1d6434b8b29ae775ad8c2e48c5391 [1ms]
2023-02-28 02:56:14.152 [info] > git show --textconv :api/crud.py [7ms]
2023-02-28 02:56:14.155 [info] > git ls-files --stage -- /home/alex/Projects/Webee/api/crud.py [4ms]
2023-02-28 02:56:14.161 [info] > git cat-file -s e69de29bb2d1d6434b8b29ae775ad8c2e48c5391 [1ms]
2023-02-28 02:56:39.855 [info] > git show --textconv :api/api.py [8ms]
2023-02-28 02:56:39.860 [info] > git ls-files --stage -- /home/alex/Projects/Webee/api/api.py [5ms]
2023-02-28 02:56:40.152 [info] > git check-ignore -v -z --stdin [6ms]
2023-02-28 02:56:40.687 [info] > git config --get commit.template [5ms]
2023-02-28 02:56:40.687 [info] > git for-each-ref --format=%(refname)%00%(upstream:short)%00%(objectname)%00%(upstream:track)%00%(upstream:remotename)%00%(upstream:remoteref) refs/heads/main refs/remotes/main [1ms]
2023-02-28 02:56:40.701 [info] > git for-each-ref --sort -committerdate --format %(refname) %(objectname) %(*objectname) [2ms]
2023-02-28 02:56:41.032 [info] > git status -z -uall [340ms]
2023-02-28 02:57:07.006 [info] > git show --textconv :api/main.py [9ms]
2023-02-28 02:57:07.010 [info] > git ls-files --stage -- /home/alex/Projects/Webee/api/main.py [5ms]
2023-02-28 02:57:07.016 [info] > git cat-file -s e69de29bb2d1d6434b8b29ae775ad8c2e48c5391 [2ms]
2023-02-28 02:57:47.185 [info] > git show --textconv HEAD:entity.py [7ms]
2023-02-28 02:57:47.186 [info] > git ls-tree -l HEAD -- /home/alex/Projects/Webee/entity.py [2ms]
2023-02-28 02:57:47.985 [info] > git show --textconv HEAD:api/api.py [10ms]
2023-02-28 02:57:47.988 [info] > git ls-tree -l HEAD -- /home/alex/Projects/Webee/api/api.py [6ms]
2023-02-28 02:57:49.169 [info] > git ls-tree -l HEAD -- /home/alex/Projects/Webee/entity.py [3ms]
2023-02-28 03:02:04.308 [info] > git config --get commit.template [46ms]
2023-02-28 03:02:04.310 [info] > git ls-tree -l HEAD -- /home/alex/Projects/Webee/api/api.py [3ms]
2023-02-28 03:02:04.311 [info] > git ls-tree -l HEAD -- /home/alex/Projects/Webee/entity.py [8ms]
2023-02-28 03:02:04.311 [info] > git ls-files --stage -- /home/alex/Projects/Webee/api/main.py [13ms]
2023-02-28 03:02:04.315 [info] > git ls-files --stage -- /home/alex/Projects/Webee/api/api.py [21ms]
2023-02-28 03:02:04.319 [info] > git ls-files --stage -- /home/alex/Projects/Webee/api/crud.py [30ms]
2023-02-28 03:02:04.322 [info] > git ls-files --stage -- /home/alex/Projects/Webee/api/schemas.py [38ms]
2023-02-28 03:02:04.326 [info] > git ls-files --stage -- /home/alex/Projects/Webee/api/models.py [48ms]
2023-02-28 03:02:04.330 [info] > git ls-files --stage -- /home/alex/Projects/Webee/api/database.py [56ms]
2023-02-28 03:02:04.334 [info] > git for-each-ref --format=%(refname)%00%(upstream:short)%00%(objectname)%00%(upstream:track)%00%(upstream:remotename)%00%(upstream:remoteref) refs/heads/main refs/remotes/main [67ms]
2023-02-28 03:02:04.348 [info] > git cat-file -s e69de29bb2d1d6434b8b29ae775ad8c2e48c5391 [15ms]
2023-02-28 03:02:04.348 [info] > git cat-file -s e69de29bb2d1d6434b8b29ae775ad8c2e48c5391 [18ms]
2023-02-28 03:02:04.349 [info] > git cat-file -s e69de29bb2d1d6434b8b29ae775ad8c2e48c5391 [22ms]
2023-02-28 03:02:04.349 [info] > git cat-file -s e69de29bb2d1d6434b8b29ae775ad8c2e48c5391 [27ms]
2023-02-28 03:02:04.349 [info] > git cat-file -s e69de29bb2d1d6434b8b29ae775ad8c2e48c5391 [31ms]
2023-02-28 03:02:04.349 [info] > git cat-file -s e69de29bb2d1d6434b8b29ae775ad8c2e48c5391 [34ms]
2023-02-28 03:02:04.406 [info] > git for-each-ref --sort -committerdate --format %(refname) %(objectname) %(*objectname) [61ms]
2023-02-28 03:02:04.407 [info] > git show --textconv HEAD:api/api.py [38ms]
2023-02-28 03:02:04.407 [info] > git show --textconv HEAD:entity.py [33ms]
2023-02-28 03:02:04.407 [info] > git show --textconv :api/database.py [29ms]
2023-02-28 03:02:04.407 [info] > git show --textconv :api/models.py [22ms]
2023-02-28 03:02:04.407 [info] > git show --textconv :api/schemas.py [17ms]
2023-02-28 03:02:04.407 [info] > git show --textconv :api/crud.py [12ms]
2023-02-28 03:02:04.407 [info] > git status -z -uall [69ms]
2023-02-28 03:02:04.407 [info] > git show --textconv :api/api.py [6ms]
2023-02-28 03:02:04.412 [info] > git show --textconv :api/main.py [7ms]
2023-02-28 03:09:46.712 [info] > git show --textconv :entity.py [6ms]
2023-02-28 03:09:46.719 [info] > git ls-files --stage -- /home/alex/Projects/Webee/entity.py [7ms]
2023-02-28 03:09:46.726 [info] > git cat-file -s 14729a2f017f93bb3379edf1f7dcd0043a0f5d78 [1ms]
2023-02-28 03:12:19.807 [info] > git show --textconv :api/__init__.py [7ms]
2023-02-28 03:12:19.812 [info] > git ls-files --stage -- /home/alex/Projects/Webee/api/__init__.py [5ms]
2023-02-28 03:12:19.819 [info] > git cat-file -s e69de29bb2d1d6434b8b29ae775ad8c2e48c5391 [1ms]
2023-02-28 03:12:54.961 [info] > git show --textconv :entity.py [7ms]
2023-02-28 03:12:54.967 [info] > git ls-files --stage -- /home/alex/Projects/Webee/entity.py [7ms]
2023-02-28 03:12:54.974 [info] > git cat-file -s 14729a2f017f93bb3379edf1f7dcd0043a0f5d78 [2ms]
2023-02-28 03:46:25.807 [info] > git config --get commit.template [6ms]
2023-02-28 03:46:25.809 [info] > git for-each-ref --format=%(refname)%00%(upstream:short)%00%(objectname)%00%(upstream:track)%00%(upstream:remotename)%00%(upstream:remoteref) refs/heads/main refs/remotes/main [3ms]
2023-02-28 03:46:25.829 [info] > git for-each-ref --sort -committerdate --format %(refname) %(objectname) %(*objectname) [4ms]
2023-02-28 03:46:25.868 [info] > git status -z -uall [54ms]
2023-02-28 03:57:49.180 [info] > git config --get commit.template [5ms]
2023-02-28 03:57:49.181 [info] > git for-each-ref --format=%(refname)%00%(upstream:short)%00%(objectname)%00%(upstream:track)%00%(upstream:remotename)%00%(upstream:remoteref) refs/heads/main refs/remotes/main [1ms]
2023-02-28 03:57:49.194 [info] > git for-each-ref --sort -committerdate --format %(refname) %(objectname) %(*objectname) [3ms]
2023-02-28 03:57:49.238 [info] > git status -z -uall [53ms]
2023-02-28 03:57:54.267 [info] > git config --get commit.template [8ms]
2023-02-28 03:57:54.270 [info] > git for-each-ref --format=%(refname)%00%(upstream:short)%00%(objectname)%00%(upstream:track)%00%(upstream:remotename)%00%(upstream:remoteref) refs/heads/main refs/remotes/main [4ms]
2023-02-28 03:57:54.294 [info] > git for-each-ref --sort -committerdate --format %(refname) %(objectname) %(*objectname) [2ms]
2023-02-28 03:57:54.347 [info] > git status -z -uall [72ms]
2023-02-28 03:57:59.361 [info] > git config --get commit.template [7ms]
2023-02-28 03:57:59.363 [info] > git for-each-ref --format=%(refname)%00%(upstream:short)%00%(objectname)%00%(upstream:track)%00%(upstream:remotename)%00%(upstream:remoteref) refs/heads/main refs/remotes/main [3ms]
2023-02-28 03:57:59.393 [info] > git for-each-ref --sort -committerdate --format %(refname) %(objectname) %(*objectname) [3ms]
2023-02-28 03:57:59.431 [info] > git status -z -uall [62ms]
2023-02-28 03:58:04.459 [info] > git config --get commit.template [7ms]
2023-02-28 03:58:04.460 [info] > git for-each-ref --format=%(refname)%00%(upstream:short)%00%(objectname)%00%(upstream:track)%00%(upstream:remotename)%00%(upstream:remoteref) refs/heads/main refs/remotes/main [2ms]
2023-02-28 03:58:04.483 [info] > git for-each-ref --sort -committerdate --format %(refname) %(objectname) %(*objectname) [12ms]
2023-02-28 03:58:04.518 [info] > git status -z -uall [53ms]
2023-02-28 04:22:09.176 [info] > git ls-tree -l HEAD -- /home/alex/Projects/Webee/api/api.py [6ms]
2023-02-28 04:22:09.177 [info] > git ls-files --stage -- /home/alex/Projects/Webee/api/main.py [13ms]
2023-02-28 04:22:09.181 [info] > git ls-files --stage -- /home/alex/Projects/Webee/api/api.py [21ms]
2023-02-28 04:22:09.186 [info] > git ls-files --stage -- /home/alex/Projects/Webee/api/crud.py [31ms]
2023-02-28 04:22:09.190 [info] > git ls-files --stage -- /home/alex/Projects/Webee/api/schemas.py [41ms]
2023-02-28 04:22:09.195 [info] > git ls-files --stage -- /home/alex/Projects/Webee/api/models.py [51ms]
2023-02-28 04:22:09.198 [info] > git ls-files --stage -- /home/alex/Projects/Webee/api/database.py [59ms]
2023-02-28 04:22:09.203 [info] > git config --get commit.template [69ms]
2023-02-28 04:22:09.213 [info] > git cat-file -s 8c8d60e40c9b7960130e0a01e7d263aa3758c407 [15ms]
2023-02-28 04:22:09.213 [info] > git cat-file -s 96f48cf6599c9337b87dc48d379c172f21cf4c62 [19ms]
2023-02-28 04:22:09.213 [info] > git cat-file -s bbf17ac551e35861eea78e27bbb1448c32ae35a0 [23ms]
2023-02-28 04:22:09.214 [info] > git cat-file -s d52dca88a0c6f88afb3a7f029a2ad4fbec50834c [28ms]
2023-02-28 04:22:09.214 [info] > git cat-file -s 18ef0854679b3bd4fdd8ad72a8b08f981980a93e [33ms]
2023-02-28 04:22:09.214 [info] > git ls-files --stage -- /home/alex/Projects/Webee/entity.py [39ms]
2023-02-28 04:22:09.218 [info] > git show --textconv HEAD:api/api.py [6ms]
2023-02-28 04:22:09.219 [info] > git for-each-ref --format=%(refname)%00%(upstream:short)%00%(objectname)%00%(upstream:track)%00%(upstream:remotename)%00%(upstream:remoteref) refs/heads/main refs/remotes/main [12ms]
2023-02-28 04:22:09.238 [info] > git cat-file -s f8e2fde3f78cfd0d0ff38927ac07072922eca51d [35ms]
2023-02-28 04:22:09.270 [info] > git show --textconv :api/models.py [24ms]
2023-02-28 04:22:09.270 [info] > git show --textconv :api/schemas.py [17ms]
2023-02-28 04:22:09.270 [info] > git show --textconv :api/crud.py [11ms]
2023-02-28 04:22:09.270 [info] > git show --textconv :api/api.py [5ms]
2023-02-28 04:22:09.270 [info] > git for-each-ref --sort -committerdate --format %(refname) %(objectname) %(*objectname) [33ms]
2023-02-28 04:22:09.271 [info] > git cat-file -s 14729a2f017f93bb3379edf1f7dcd0043a0f5d78 [53ms]
2023-02-28 04:22:09.285 [info] > git show --textconv :api/main.py [15ms]
2023-02-28 04:22:09.285 [info] > git show --textconv :api/database.py [8ms]
2023-02-28 04:22:09.292 [info] > git show --textconv :entity.py [7ms]
2023-02-28 04:22:09.296 [info] > git status -z -uall [73ms]
2023-02-28 04:24:27.262 [info] > git config --get commit.template [7ms]
2023-02-28 04:24:27.263 [info] > git for-each-ref --format=%(refname)%00%(upstream:short)%00%(objectname)%00%(upstream:track)%00%(upstream:remotename)%00%(upstream:remoteref) refs/heads/main refs/remotes/main [2ms]
2023-02-28 04:24:27.280 [info] > git for-each-ref --sort -committerdate --format %(refname) %(objectname) %(*objectname) [4ms]
2023-02-28 04:24:27.329 [info] > git status -z -uall [60ms]
2023-02-28 04:24:32.343 [info] > git config --get commit.template [5ms]
2023-02-28 04:24:32.344 [info] > git for-each-ref --format=%(refname)%00%(upstream:short)%00%(objectname)%00%(upstream:track)%00%(upstream:remotename)%00%(upstream:remoteref) refs/heads/main refs/remotes/main [2ms]
2023-02-28 04:24:32.356 [info] > git for-each-ref --sort -committerdate --format %(refname) %(objectname) %(*objectname) [3ms]
2023-02-28 04:24:32.405 [info] > git status -z -uall [57ms]
2023-02-28 04:24:34.313 [info] > git show --textconv :api/__init__.py [8ms]
2023-02-28 04:24:34.316 [info] > git ls-files --stage -- /home/alex/Projects/Webee/api/__init__.py [5ms]
2023-02-28 04:24:34.323 [info] > git cat-file -s e69de29bb2d1d6434b8b29ae775ad8c2e48c5391 [2ms]
2023-02-28 04:24:37.419 [info] > git config --get commit.template [5ms]
2023-02-28 04:24:37.420 [info] > git for-each-ref --format=%(refname)%00%(upstream:short)%00%(objectname)%00%(upstream:track)%00%(upstream:remotename)%00%(upstream:remoteref) refs/heads/main refs/remotes/main [2ms]
2023-02-28 04:24:37.434 [info] > git for-each-ref --sort -committerdate --format %(refname) %(objectname) %(*objectname) [3ms]
2023-02-28 04:24:37.482 [info] > git status -z -uall [58ms]
2023-02-28 04:26:18.941 [info] > git ls-files --stage -- /home/alex/Projects/Webee/api/api.py [6ms]
2023-02-28 04:26:18.945 [info] > git ls-files --stage -- /home/alex/Projects/Webee/api/main.py [14ms]
2023-02-28 04:26:18.949 [info] > git ls-files --stage -- /home/alex/Projects/Webee/api/api.py [22ms]
2023-02-28 04:26:18.953 [info] > git ls-files --stage -- /home/alex/Projects/Webee/api/crud.py [32ms]
2023-02-28 04:26:18.957 [info] > git ls-files --stage -- /home/alex/Projects/Webee/api/schemas.py [40ms]
2023-02-28 04:26:18.961 [info] > git ls-files --stage -- /home/alex/Projects/Webee/api/models.py [50ms]
2023-02-28 04:26:18.965 [info] > git ls-files --stage -- /home/alex/Projects/Webee/api/database.py [59ms]
2023-02-28 04:26:18.970 [info] > git config --get commit.template [70ms]
2023-02-28 04:26:18.975 [info] > git cat-file -s 8c8d60e40c9b7960130e0a01e7d263aa3758c407 [10ms]
2023-02-28 04:26:18.976 [info] > git cat-file -s cd8a68ad625bdae21b579fd2153327b24ae7a5b8 [15ms]
2023-02-28 04:26:18.976 [info] > git cat-file -s bbf17ac551e35861eea78e27bbb1448c32ae35a0 [19ms]
2023-02-28 04:26:18.976 [info] > git cat-file -s d52dca88a0c6f88afb3a7f029a2ad4fbec50834c [23ms]
2023-02-28 04:26:18.976 [info] > git cat-file -s 18ef0854679b3bd4fdd8ad72a8b08f981980a93e [27ms]
2023-02-28 04:26:18.976 [info] > git cat-file -s d52dca88a0c6f88afb3a7f029a2ad4fbec50834c [31ms]
2023-02-28 04:26:18.976 [info] > git ls-files --stage -- /home/alex/Projects/Webee/api/__init__.py [36ms]
2023-02-28 04:26:18.980 [info] > git for-each-ref --format=%(refname)%00%(upstream:short)%00%(objectname)%00%(upstream:track)%00%(upstream:remotename)%00%(upstream:remoteref) refs/heads/main refs/remotes/main [7ms]
2023-02-28 04:26:18.990 [info] > git cat-file -s f8e2fde3f78cfd0d0ff38927ac07072922eca51d [21ms]
2023-02-28 04:26:19.028 [info] > git show --textconv :api/models.py [31ms]
2023-02-28 04:26:19.028 [info] > git show --textconv :api/schemas.py [22ms]
2023-02-28 04:26:19.028 [info] > git show --textconv :api/crud.py [17ms]
2023-02-28 04:26:19.028 [info] > git show --textconv :api/api.py [11ms]
2023-02-28 04:26:19.028 [info] > git show --textconv :api/main.py [7ms]
2023-02-28 04:26:19.028 [info] > git cat-file -s e69de29bb2d1d6434b8b29ae775ad8c2e48c5391 [48ms]
2023-02-28 04:26:19.036 [info] > git for-each-ref --sort -committerdate --format %(refname) %(objectname) %(*objectname) [46ms]
2023-02-28 04:26:19.042 [info] > git show --textconv :api/api.py [15ms]
2023-02-28 04:26:19.043 [info] > git show --textconv :api/database.py [10ms]
2023-02-28 04:26:19.046 [info] > git show --textconv :api/__init__.py [4ms]
2023-02-28 04:26:19.055 [info] > git status -z -uall [71ms]
2023-02-28 04:28:03.304 [info] > git config --get commit.template [5ms]
2023-02-28 04:28:03.305 [info] > git for-each-ref --format=%(refname)%00%(upstream:short)%00%(objectname)%00%(upstream:track)%00%(upstream:remotename)%00%(upstream:remoteref) refs/heads/main refs/remotes/main [2ms]
2023-02-28 04:28:03.321 [info] > git for-each-ref --sort -committerdate --format %(refname) %(objectname) %(*objectname) [3ms]
2023-02-28 04:28:03.364 [info] > git status -z -uall [56ms]
2023-02-28 04:30:59.608 [info] > git config --get commit.template [6ms]
2023-02-28 04:30:59.610 [info] > git for-each-ref --format=%(refname)%00%(upstream:short)%00%(objectname)%00%(upstream:track)%00%(upstream:remotename)%00%(upstream:remoteref) refs/heads/main refs/remotes/main [2ms]
2023-02-28 04:30:59.624 [info] > git for-each-ref --sort -committerdate --format %(refname) %(objectname) %(*objectname) [4ms]
2023-02-28 04:30:59.717 [info] > git status -z -uall [103ms]
2023-02-28 04:30:59.717 [info] > git ls-tree -l HEAD -- /home/alex/Projects/Webee/api/api.py [5ms]
2023-02-28 04:30:59.718 [info] > git ls-files --stage -- /home/alex/Projects/Webee/api/main.py [13ms]
2023-02-28 04:30:59.722 [info] > git ls-files --stage -- /home/alex/Projects/Webee/api/api.py [23ms]
2023-02-28 04:30:59.727 [info] > git ls-files --stage -- /home/alex/Projects/Webee/api/crud.py [35ms]
2023-02-28 04:30:59.731 [info] > git ls-files --stage -- /home/alex/Projects/Webee/api/schemas.py [45ms]
2023-02-28 04:30:59.735 [info] > git ls-files --stage -- /home/alex/Projects/Webee/api/models.py [57ms]
2023-02-28 04:30:59.739 [info] > git ls-files --stage -- /home/alex/Projects/Webee/api/database.py [68ms]
2023-02-28 04:30:59.747 [info] > git cat-file -s f8e2fde3f78cfd0d0ff38927ac07072922eca51d [3ms]
2023-02-28 04:30:59.747 [info] > git cat-file -s 8c8d60e40c9b7960130e0a01e7d263aa3758c407 [8ms]
2023-02-28 04:30:59.747 [info] > git cat-file -s cd8a68ad625bdae21b579fd2153327b24ae7a5b8 [12ms]
2023-02-28 04:30:59.747 [info] > git cat-file -s bbf17ac551e35861eea78e27bbb1448c32ae35a0 [16ms]
2023-02-28 04:30:59.747 [info] > git cat-file -s d52dca88a0c6f88afb3a7f029a2ad4fbec50834c [20ms]
2023-02-28 04:30:59.748 [info] > git cat-file -s 18ef0854679b3bd4fdd8ad72a8b08f981980a93e [26ms]
2023-02-28 04:30:59.748 [info] > git ls-files --stage -- /home/alex/Projects/Webee/api/__init__.py [32ms]
2023-02-28 04:30:59.784 [info] > git show --textconv HEAD:api/api.py [28ms]
2023-02-28 04:30:59.784 [info] > git show --textconv :api/database.py [23ms]
2023-02-28 04:30:59.784 [info] > git show --textconv :api/models.py [19ms]
2023-02-28 04:30:59.784 [info] > git show --textconv :api/schemas.py [15ms]
2023-02-28 04:30:59.784 [info] > git show --textconv :api/crud.py [10ms]
2023-02-28 04:30:59.784 [info] > git show --textconv :api/api.py [5ms]
2023-02-28 04:30:59.784 [info] > git cat-file -s e69de29bb2d1d6434b8b29ae775ad8c2e48c5391 [32ms]
2023-02-28 04:30:59.792 [info] > git show --textconv :api/main.py [8ms]
2023-02-28 04:30:59.796 [info] > git show --textconv :api/__init__.py [5ms]
2023-02-28 04:31:10.241 [info] > git config --get commit.template [6ms]
2023-02-28 04:31:10.242 [info] > git for-each-ref --format=%(refname)%00%(upstream:short)%00%(objectname)%00%(upstream:track)%00%(upstream:remotename)%00%(upstream:remoteref) refs/heads/main refs/remotes/main [1ms]
2023-02-28 04:31:10.258 [info] > git for-each-ref --sort -committerdate --format %(refname) %(objectname) %(*objectname) [2ms]
2023-02-28 04:31:10.307 [info] > git status -z -uall [59ms]
2023-02-28 04:31:15.321 [info] > git config --get commit.template [6ms]
2023-02-28 04:31:15.323 [info] > git for-each-ref --format=%(refname)%00%(upstream:short)%00%(objectname)%00%(upstream:track)%00%(upstream:remotename)%00%(upstream:remoteref) refs/heads/main refs/remotes/main [2ms]
2023-02-28 04:31:15.344 [info] > git for-each-ref --sort -committerdate --format %(refname) %(objectname) %(*objectname) [10ms]
2023-02-28 04:31:15.384 [info] > git status -z -uall [56ms]
2023-02-28 04:31:20.397 [info] > git config --get commit.template [5ms]
2023-02-28 04:31:20.397 [info] > git for-each-ref --format=%(refname)%00%(upstream:short)%00%(objectname)%00%(upstream:track)%00%(upstream:remotename)%00%(upstream:remoteref) refs/heads/main refs/remotes/main [1ms]
2023-02-28 04:31:20.416 [info] > git for-each-ref --sort -committerdate --format %(refname) %(objectname) %(*objectname) [7ms]
2023-02-28 04:31:20.456 [info] > git status -z -uall [55ms]
2023-02-28 04:31:55.973 [info] > git ls-tree -l HEAD -- /home/alex/Projects/Webee/api/api.py [5ms]
2023-02-28 04:31:55.974 [info] > git ls-files --stage -- /home/alex/Projects/Webee/api/main.py [10ms]
2023-02-28 04:31:55.978 [info] > git ls-files --stage -- /home/alex/Projects/Webee/api/api.py [20ms]
2023-02-28 04:31:55.983 [info] > git ls-files --stage -- /home/alex/Projects/Webee/api/crud.py [30ms]
2023-02-28 04:31:55.987 [info] > git ls-files --stage -- /home/alex/Projects/Webee/api/schemas.py [39ms]
2023-02-28 04:31:55.991 [info] > git ls-files --stage -- /home/alex/Projects/Webee/api/models.py [48ms]
2023-02-28 04:31:55.995 [info] > git ls-files --stage -- /home/alex/Projects/Webee/api/database.py [56ms]
2023-02-28 04:31:55.999 [info] > git config --get commit.template [67ms]
2023-02-28 04:31:56.010 [info] > git cat-file -s 10d76321e231055405c09baba4a6b8e683f09866 [15ms]
2023-02-28 04:31:56.011 [info] > git cat-file -s 268a35d6fd4a2d55bfc5afe8bcdb4cbcc60f3a35 [20ms]
2023-02-28 04:31:56.011 [info] > git cat-file -s 051d6cb5e13c9916915b6b108b5b5ed1e172fc62 [25ms]
2023-02-28 04:31:56.011 [info] > git cat-file -s d52dca88a0c6f88afb3a7f029a2ad4fbec50834c [29ms]
2023-02-28 04:31:56.011 [info] > git cat-file -s 18ef0854679b3bd4fdd8ad72a8b08f981980a93e [33ms]
2023-02-28 04:31:56.011 [info] > git ls-files --stage -- /home/alex/Projects/Webee/api/__init__.py [39ms]
2023-02-28 04:31:56.015 [info] > git show --textconv HEAD:api/api.py [5ms]
2023-02-28 04:31:56.016 [info] > git for-each-ref --format=%(refname)%00%(upstream:short)%00%(objectname)%00%(upstream:track)%00%(upstream:remotename)%00%(upstream:remoteref) refs/heads/main refs/remotes/main [12ms]
2023-02-28 04:31:56.026 [info] > git cat-file -s f8e2fde3f78cfd0d0ff38927ac07072922eca51d [27ms]
2023-02-28 04:31:56.060 [info] > git show --textconv :api/models.py [25ms]
2023-02-28 04:31:56.060 [info] > git show --textconv :api/schemas.py [16ms]
2023-02-28 04:31:56.060 [info] > git show --textconv :api/crud.py [10ms]
2023-02-28 04:31:56.061 [info] > git for-each-ref --sort -committerdate --format %(refname) %(objectname) %(*objectname) [34ms]
2023-02-28 04:31:56.061 [info] > git cat-file -s e69de29bb2d1d6434b8b29ae775ad8c2e48c5391 [46ms]
2023-02-28 04:31:56.067 [info] > git show --textconv :api/api.py [11ms]
2023-02-28 04:31:56.067 [info] > git show --textconv :api/main.py [7ms]
2023-02-28 04:31:56.076 [info] > git show --textconv :api/database.py [10ms]
2023-02-28 04:31:56.078 [info] > git show --textconv :api/__init__.py [3ms]
2023-02-28 04:31:56.087 [info] > git status -z -uall [67ms]
2023-02-28 04:33:33.036 [info] > git config --get commit.template [6ms]
2023-02-28 04:33:33.037 [info] > git for-each-ref --format=%(refname)%00%(upstream:short)%00%(objectname)%00%(upstream:track)%00%(upstream:remotename)%00%(upstream:remoteref) refs/heads/main refs/remotes/main [2ms]
2023-02-28 04:33:33.052 [info] > git for-each-ref --sort -committerdate --format %(refname) %(objectname) %(*objectname) [3ms]
2023-02-28 04:33:33.102 [info] > git status -z -uall [60ms]
2023-02-28 04:33:36.085 [info] > git show --textconv :README.md [50ms]
2023-02-28 04:33:36.085 [info] > git ls-files --stage -- /home/alex/Projects/Webee/README.md [42ms]
2023-02-28 04:33:36.099 [info] > git cat-file -s 6024719e644c2be3e4d9dbfc4f4a510443cda611 [1ms]
2023-02-28 04:34:13.232 [info] > git config --get commit.template [6ms]
2023-02-28 04:34:13.232 [info] > git for-each-ref --format=%(refname)%00%(upstream:short)%00%(objectname)%00%(upstream:track)%00%(upstream:remotename)%00%(upstream:remoteref) refs/heads/main refs/remotes/main [1ms]
2023-02-28 04:34:13.254 [info] > git for-each-ref --sort -committerdate --format %(refname) %(objectname) %(*objectname) [3ms]
2023-02-28 04:34:13.340 [info] > git status -z -uall [103ms]
2023-02-28 04:34:13.340 [info] > git ls-files --stage -- /home/alex/Projects/Webee/api/__init__.py [7ms]
2023-02-28 04:34:13.345 [info] > git ls-tree -l HEAD -- /home/alex/Projects/Webee/api/api.py [17ms]
2023-02-28 04:34:13.346 [info] > git ls-files --stage -- /home/alex/Projects/Webee/api/main.py [23ms]
2023-02-28 04:34:13.351 [info] > git ls-files --stage -- /home/alex/Projects/Webee/api/api.py [34ms]
2023-02-28 04:34:13.356 [info] > git ls-files --stage -- /home/alex/Projects/Webee/api/crud.py [45ms]
2023-02-28 04:34:13.360 [info] > git ls-files --stage -- /home/alex/Projects/Webee/api/schemas.py [54ms]
2023-02-28 04:34:13.365 [info] > git ls-files --stage -- /home/alex/Projects/Webee/api/models.py [66ms]
2023-02-28 04:34:13.370 [info] > git ls-files --stage -- /home/alex/Projects/Webee/api/database.py [78ms]
2023-02-28 04:34:13.378 [info] > git cat-file -s f8e2fde3f78cfd0d0ff38927ac07072922eca51d [4ms]
2023-02-28 04:34:13.378 [info] > git cat-file -s 10d76321e231055405c09baba4a6b8e683f09866 [9ms]
2023-02-28 04:34:13.379 [info] > git cat-file -s 268a35d6fd4a2d55bfc5afe8bcdb4cbcc60f3a35 [13ms]
2023-02-28 04:34:13.379 [info] > git cat-file -s 051d6cb5e13c9916915b6b108b5b5ed1e172fc62 [19ms]
2023-02-28 04:34:13.379 [info] > git cat-file -s d52dca88a0c6f88afb3a7f029a2ad4fbec50834c [23ms]
2023-02-28 04:34:13.379 [info] > git cat-file -s 18ef0854679b3bd4fdd8ad72a8b08f981980a93e [28ms]
2023-02-28 04:34:13.379 [info] > git cat-file -s e69de29bb2d1d6434b8b29ae775ad8c2e48c5391 [34ms]
2023-02-28 04:34:13.380 [info] > git ls-files --stage -- /home/alex/Projects/Webee/README.md [41ms]
2023-02-28 04:34:13.428 [info] > git show --textconv HEAD:api/api.py [39ms]
2023-02-28 04:34:13.428 [info] > git show --textconv :api/database.py [33ms]
2023-02-28 04:34:13.428 [info] > git show --textconv :api/models.py [28ms]
2023-02-28 04:34:13.428 [info] > git show --textconv :api/schemas.py [23ms]
2023-02-28 04:34:13.428 [info] > git show --textconv :api/crud.py [17ms]
2023-02-28 04:34:13.428 [info] > git show --textconv :api/api.py [11ms]
2023-02-28 04:34:13.428 [info] > git show --textconv :api/main.py [5ms]
2023-02-28 04:34:13.429 [info] > git cat-file -s 6024719e644c2be3e4d9dbfc4f4a510443cda611 [44ms]
2023-02-28 04:34:13.439 [info] > git show --textconv :api/__init__.py [11ms]
2023-02-28 04:34:13.441 [info] > git show --textconv :README.md [3ms]
2023-02-28 04:34:20.115 [info] > git config --get commit.template [7ms]
2023-02-28 04:34:20.116 [info] > git for-each-ref --format=%(refname)%00%(upstream:short)%00%(objectname)%00%(upstream:track)%00%(upstream:remotename)%00%(upstream:remoteref) refs/heads/main refs/remotes/main [2ms]
2023-02-28 04:34:20.146 [info] > git for-each-ref --sort -committerdate --format %(refname) %(objectname) %(*objectname) [16ms]
2023-02-28 04:34:20.178 [info] > git status -z -uall [56ms]
2023-02-28 05:02:10.748 [info] > git ls-files --stage -- /home/alex/Projects/Webee/api/__init__.py [7ms]
2023-02-28 05:02:10.753 [info] > git ls-tree -l HEAD -- /home/alex/Projects/Webee/api/api.py [18ms]
2023-02-28 05:02:10.754 [info] > git ls-files --stage -- /home/alex/Projects/Webee/api/main.py [23ms]
2023-02-28 05:02:10.758 [info] > git ls-files --stage -- /home/alex/Projects/Webee/api/api.py [33ms]
2023-02-28 05:02:10.762 [info] > git ls-files --stage -- /home/alex/Projects/Webee/api/crud.py [43ms]
2023-02-28 05:02:10.766 [info] > git ls-files --stage -- /home/alex/Projects/Webee/api/schemas.py [52ms]
2023-02-28 05:02:10.771 [info] > git ls-files --stage -- /home/alex/Projects/Webee/api/models.py [61ms]
2023-02-28 05:02:10.775 [info] > git ls-files --stage -- /home/alex/Projects/Webee/api/database.py [74ms]
2023-02-28 05:02:10.779 [info] > git config --get commit.template [84ms]
2023-02-28 05:02:10.791 [info] > git cat-file -s 10d76321e231055405c09baba4a6b8e683f09866 [16ms]
2023-02-28 05:02:10.791 [info] > git cat-file -s 268a35d6fd4a2d55bfc5afe8bcdb4cbcc60f3a35 [21ms]
2023-02-28 05:02:10.792 [info] > git cat-file -s 051d6cb5e13c9916915b6b108b5b5ed1e172fc62 [26ms]
2023-02-28 05:02:10.792 [info] > git cat-file -s d52dca88a0c6f88afb3a7f029a2ad4fbec50834c [30ms]
2023-02-28 05:02:10.792 [info] > git cat-file -s 18ef0854679b3bd4fdd8ad72a8b08f981980a93e [34ms]
2023-02-28 05:02:10.792 [info] > git cat-file -s e69de29bb2d1d6434b8b29ae775ad8c2e48c5391 [39ms]
2023-02-28 05:02:10.792 [info] > git ls-files --stage -- /home/alex/Projects/Webee/README.md [46ms]
2023-02-28 05:02:10.797 [info] > git show --textconv HEAD:api/api.py [7ms]
2023-02-28 05:02:10.798 [info] > git for-each-ref --format=%(refname)%00%(upstream:short)%00%(objectname)%00%(upstream:track)%00%(upstream:remotename)%00%(upstream:remoteref) refs/heads/main refs/remotes/main [14ms]
2023-02-28 05:02:10.809 [info] > git cat-file -s f8e2fde3f78cfd0d0ff38927ac07072922eca51d [30ms]
2023-02-28 05:02:10.853 [info] > git show --textconv :api/models.py [33ms]
2023-02-28 05:02:10.853 [info] > git show --textconv :api/schemas.py [24ms]
2023-02-28 05:02:10.853 [info] > git show --textconv :api/crud.py [18ms]
2023-02-28 05:02:10.853 [info] > git show --textconv :api/api.py [11ms]
2023-02-28 05:02:10.853 [info] > git show --textconv :api/main.py [7ms]
2023-02-28 05:02:10.854 [info] > git cat-file -s 3f807a22b14a9085401a22462cfac77a372d9b32 [58ms]
2023-02-28 05:02:10.862 [info] > git for-each-ref --sort -committerdate --format %(refname) %(objectname) %(*objectname) [54ms]
2023-02-28 05:02:10.868 [info] > git show --textconv :api/__init__.py [17ms]
2023-02-28 05:02:10.868 [info] > git show --textconv :api/database.py [8ms]
2023-02-28 05:02:10.872 [info] > git show --textconv :README.md [4ms]
2023-02-28 05:02:10.877 [info] > git status -z -uall [75ms]
2023-02-28 05:02:15.897 [info] > git config --get commit.template [6ms]
2023-02-28 05:02:15.898 [info] > git for-each-ref --format=%(refname)%00%(upstream:short)%00%(objectname)%00%(upstream:track)%00%(upstream:remotename)%00%(upstream:remoteref) refs/heads/main refs/remotes/main [2ms]
2023-02-28 05:02:15.923 [info] > git for-each-ref --sort -committerdate --format %(refname) %(objectname) %(*objectname) [14ms]
2023-02-28 05:02:15.958 [info] > git status -z -uall [55ms]
