2023-02-28 23:38:09.811 [info] Log level: Info
2023-02-28 23:38:09.811 [info] Validating found git in: "git"
2023-02-28 23:38:09.811 [info] Using git "2.39.2" from "git"
2023-02-28 23:38:09.811 [info] > git rev-parse --show-toplevel [5ms]
2023-02-28 23:38:09.811 [info] > git rev-parse --git-dir --git-common-dir [53ms]
2023-02-28 23:38:09.811 [info] Open repository: /home/alex/Projects/Webee
2023-02-28 23:38:09.819 [info] > git rev-parse --show-toplevel [28ms]
2023-02-28 23:38:09.844 [info] > git config --get commit.template [23ms]
2023-02-28 23:38:09.846 [info] > git rev-parse --show-toplevel [15ms]
2023-02-28 23:38:09.889 [info] > git rev-parse --show-toplevel [12ms]
2023-02-28 23:38:09.901 [info] > git for-each-ref --format=%(refname)%00%(upstream:short)%00%(objectname)%00%(upstream:track)%00%(upstream:remotename)%00%(upstream:remoteref) refs/heads/main refs/remotes/main [15ms]
2023-02-28 23:38:09.933 [info] > git rev-parse --show-toplevel [33ms]
2023-02-28 23:38:09.999 [info] > git for-each-ref --sort -committerdate --format %(refname) %(objectname) %(*objectname) [67ms]
2023-02-28 23:38:10.019 [info] > git rev-parse --show-toplevel [34ms]
2023-02-28 23:38:10.090 [info] > git status -z -uall [180ms]
2023-02-28 23:38:10.113 [info] > git config --get commit.template [9ms]
2023-02-28 23:38:10.115 [info] > git for-each-ref --format=%(refname)%00%(upstream:short)%00%(objectname)%00%(upstream:track)%00%(upstream:remotename)%00%(upstream:remoteref) refs/heads/main refs/remotes/main [4ms]
2023-02-28 23:38:10.139 [info] > git for-each-ref --sort -committerdate --format %(refname) %(objectname) %(*objectname) [7ms]
2023-02-28 23:38:10.210 [info] > git status -z -uall [87ms]
2023-02-28 23:38:10.336 [info] > git ls-files --stage -- /home/alex/Projects/Webee/database_api/schemas.py [5ms]
2023-02-28 23:38:10.350 [info] > git show --textconv :database_api/schemas.py [25ms]
2023-02-28 23:38:10.351 [info] > git cat-file -s 3e5010437f92de66797b2e93cba045f3fd97622f [9ms]
2023-02-28 23:38:10.377 [info] > git check-ignore -v -z --stdin [28ms]
2023-02-28 23:38:26.496 [info] > git show --textconv :database_api/models/mod_models.py [7ms]
2023-02-28 23:38:26.499 [info] > git ls-files --stage -- /home/alex/Projects/Webee/database_api/models/mod_models.py [4ms]
2023-02-28 23:38:26.507 [info] > git cat-file -s 37d95798f995c4da9ed7901b7da888558ef19ebc [2ms]
2023-02-28 23:38:29.325 [info] > git show --textconv :database_api/models/comp_modules.py [8ms]
2023-02-28 23:38:29.329 [info] > git ls-files --stage -- /home/alex/Projects/Webee/database_api/models/comp_modules.py [5ms]
2023-02-28 23:38:29.337 [info] > git cat-file -s 3fc6080e9d59b2bf63520b3734ea9abe25d1c1e7 [1ms]
2023-02-28 23:38:30.074 [info] > git show --textconv :database_api/models/data_models.py [8ms]
2023-02-28 23:38:30.078 [info] > git ls-files --stage -- /home/alex/Projects/Webee/database_api/models/data_models.py [5ms]
2023-02-28 23:38:30.085 [info] > git cat-file -s 5b210475e4622ac6c39d35ec1e71c746ccdc3c59 [2ms]
2023-03-01 01:12:47.612 [info] > git show --textconv :database_api/database.py [7ms]
2023-03-01 01:12:47.616 [info] > git ls-files --stage -- /home/alex/Projects/Webee/database_api/database.py [5ms]
2023-03-01 01:12:47.624 [info] > git cat-file -s f8e2fde3f78cfd0d0ff38927ac07072922eca51d [2ms]
2023-03-01 01:14:03.352 [info] > git show --textconv :database_api/main.py [7ms]
2023-03-01 01:14:03.356 [info] > git ls-files --stage -- /home/alex/Projects/Webee/database_api/main.py [5ms]
2023-03-01 01:14:03.361 [info] > git cat-file -s 18ef0854679b3bd4fdd8ad72a8b08f981980a93e [1ms]
2023-03-01 02:26:13.143 [info] > git check-ignore -v -z --stdin [7ms]
2023-03-01 02:26:17.510 [info] > git show --textconv :mod_alogrithms/day_mod.py [8ms]
2023-03-01 02:26:17.515 [info] > git ls-files --stage -- /home/alex/Projects/Webee/mod_alogrithms/day_mod.py [5ms]
2023-03-01 02:26:17.521 [info] > git cat-file -s 63defc024d8badbd8cb6c765900aa85b83108de2 [1ms]
2023-03-01 02:26:19.329 [info] > git show --textconv :mod_alogrithms/energy_mod.py [6ms]
2023-03-01 02:26:19.334 [info] > git ls-files --stage -- /home/alex/Projects/Webee/mod_alogrithms/energy_mod.py [5ms]
2023-03-01 02:26:19.342 [info] > git cat-file -s 9047267425353bf8f367cf20037c8dda0615ca90 [1ms]
