2023-02-28 01:03:22.755 [info] Extension host with pid 9716 started
2023-02-28 01:03:22.756 [info] Skipping acquiring lock for /home/alex/.config/Code - OSS/User/workspaceStorage/7ba5dbdbb1f98b5ae148935f272e3c02.
2023-02-28 01:03:22.854 [info] ExtensionService#_doActivateExtension vscode.emmet, startup: false, activationEvent: 'onLanguage'
2023-02-28 01:03:22.855 [info] ExtensionService#_doActivateExtension vscode.git-base, startup: true, activationEvent: '*'
2023-02-28 01:03:22.925 [info] ExtensionService#_doActivateExtension vscode.github, startup: true, activationEvent: '*'
2023-02-28 01:03:22.935 [info] Eager extensions activated
2023-02-28 01:03:22.939 [info] ExtensionService#_doActivateExtension vscode.debug-auto-launch, startup: false, activationEvent: 'onStartupFinished'
2023-02-28 01:03:22.940 [info] ExtensionService#_doActivateExtension vscode.merge-conflict, startup: false, activationEvent: 'onStartupFinished'
2023-02-28 01:03:31.189 [info] ExtensionService#_doActivateExtension vscode.git, startup: false, activationEvent: 'api', root cause: vscode.github
2023-02-28 01:06:25.267 [info] ExtensionService#_doActivateExtension vscode.configuration-editing, startup: false, activationEvent: 'onLanguage:jsonc'
2023-02-28 01:06:25.267 [info] ExtensionService#_doActivateExtension vscode.json-language-features, startup: false, activationEvent: 'onLanguage:jsonc'
2023-02-28 01:06:25.267 [info] ExtensionService#_doActivateExtension vscode.typescript-language-features, startup: false, activationEvent: 'onLanguage:jsonc'
2023-02-28 01:08:37.761 [info] Extension host terminating: received terminate message from renderer
2023-02-28 01:08:37.781 [error] Canceled: Canceled
	at new u (/usr/lib/code/out/vs/workbench/api/node/extensionHostProcess.js:96:88070)
	at l.O (/usr/lib/code/out/vs/workbench/api/node/extensionHostProcess.js:106:11276)
	at V.<computed>.M.charCodeAt.V.<computed> (/usr/lib/code/out/vs/workbench/api/node/extensionHostProcess.js:106:8557)
	at s.g (/usr/lib/code/out/vs/workbench/api/node/extensionHostProcess.js:96:107430)
	at s.executeCommand (/usr/lib/code/out/vs/workbench/api/node/extensionHostProcess.js:96:106806)
	at w.registerCommand.description (/usr/lib/code/out/vs/workbench/api/node/extensionHostProcess.js:96:106099)
	at s.h (/usr/lib/code/out/vs/workbench/api/node/extensionHostProcess.js:96:108016)
	at s.g (/usr/lib/code/out/vs/workbench/api/node/extensionHostProcess.js:96:106906)
	at s.executeCommand (/usr/lib/code/out/vs/workbench/api/node/extensionHostProcess.js:96:106806)
	at Object.executeCommand (/usr/lib/code/out/vs/workbench/api/node/extensionHostProcess.js:117:30778)
	at D (/usr/lib/code/extensions/git/dist/main.js:2:2055373)
	at f.invoke (/usr/lib/code/out/vs/workbench/api/node/extensionHostProcess.js:63:145)
	at g.deliver (/usr/lib/code/out/vs/workbench/api/node/extensionHostProcess.js:63:2029)
	at d.fire (/usr/lib/code/out/vs/workbench/api/node/extensionHostProcess.js:63:1667)
	at Object.h [as dispose] (/usr/lib/code/extensions/git/dist/main.js:2:2070210)
	at /usr/lib/code/extensions/git/dist/main.js:2:2074277
	at Array.forEach (<anonymous>)
	at g.dispose (/usr/lib/code/extensions/git/dist/main.js:2:2074263)
	at C.<anonymous> (/usr/lib/code/out/vs/workbench/api/node/extensionHostProcess.js:94:12431)
	at C.dispose (/usr/lib/code/out/vs/workbench/api/node/extensionHostProcess.js:94:12566)
	at C.<anonymous> (/usr/lib/code/extensions/git/dist/main.js:2:2057503)
	at C.dispose (/usr/lib/code/out/vs/workbench/api/node/extensionHostProcess.js:94:12566)
	at T (/usr/lib/code/out/vs/workbench/api/node/extensionHostProcess.js:10:12072)
	at f.X (/usr/lib/code/out/vs/workbench/api/node/extensionHostProcess.js:108:11242)
	at /usr/lib/code/out/vs/workbench/api/node/extensionHostProcess.js:108:9037
	at Array.map (<anonymous>)
	at f.Q (/usr/lib/code/out/vs/workbench/api/node/extensionHostProcess.js:108:9024)
	at f.terminate (/usr/lib/code/out/vs/workbench/api/node/extensionHostProcess.js:108:9298)
	at h.terminate (/usr/lib/code/out/vs/workbench/api/node/extensionHostProcess.js:112:1397)
	at p (/usr/lib/code/out/vs/workbench/api/node/extensionHostProcess.js:122:17851)
	at /usr/lib/code/out/vs/workbench/api/node/extensionHostProcess.js:122:15761
	at f.invoke (/usr/lib/code/out/vs/workbench/api/node/extensionHostProcess.js:63:145)
	at g.deliver (/usr/lib/code/out/vs/workbench/api/node/extensionHostProcess.js:63:2029)
	at d.fire (/usr/lib/code/out/vs/workbench/api/node/extensionHostProcess.js:63:1667)
	at p.fire (/usr/lib/code/out/vs/workbench/api/node/extensionHostProcess.js:72:14861)
	at t.E (/usr/lib/code/out/vs/workbench/api/node/extensionHostProcess.js:72:18927)
	at /usr/lib/code/out/vs/workbench/api/node/extensionHostProcess.js:72:16915
	at f.invoke (/usr/lib/code/out/vs/workbench/api/node/extensionHostProcess.js:63:145)
	at g.deliver (/usr/lib/code/out/vs/workbench/api/node/extensionHostProcess.js:63:2029)
	at d.fire (/usr/lib/code/out/vs/workbench/api/node/extensionHostProcess.js:63:1667)
	at h.acceptChunk (/usr/lib/code/out/vs/workbench/api/node/extensionHostProcess.js:72:12592)
	at /usr/lib/code/out/vs/workbench/api/node/extensionHostProcess.js:72:11879
	at Socket.t (/usr/lib/code/out/vs/workbench/api/node/extensionHostProcess.js:72:22415)
	at Socket.emit (node:events:526:28)
	at addChunk (node:internal/streams/readable:315:12)
	at readableAddChunk (node:internal/streams/readable:289:9)
	at Readable.push (node:internal/streams/readable:228:10)
	at Pipe.onStreamRead (node:internal/stream_base_commons:190:23) setContext undefined
2023-02-28 01:08:37.783 [info] Extension host with pid 9716 exiting with code 0
