2023-02-28 15:17:26.002 [info] Log level: Info
2023-02-28 15:17:26.002 [info] Validating found git in: "git"
2023-02-28 15:17:26.002 [info] Using git "2.39.2" from "git"
2023-02-28 15:17:26.002 [info] > git rev-parse --show-toplevel [5ms]
2023-02-28 15:17:26.002 [info] > git rev-parse --git-dir --git-common-dir [55ms]
2023-02-28 15:17:26.002 [info] Open repository: /home/alex/Projects/Webee
2023-02-28 15:17:26.036 [info] > git config --get commit.template [26ms]
2023-02-28 15:17:26.036 [info] > git rev-parse --show-toplevel [39ms]
2023-02-28 15:17:26.050 [info] > git rev-parse --show-toplevel [8ms]
2023-02-28 15:17:26.060 [info] > git rev-parse --show-toplevel [2ms]
2023-02-28 15:17:26.066 [info] > git for-each-ref --format=%(refname)%00%(upstream:short)%00%(objectname)%00%(upstream:track)%00%(upstream:remotename)%00%(upstream:remoteref) refs/heads/main refs/remotes/main [18ms]
2023-02-28 15:17:26.131 [info] > git rev-parse --show-toplevel [64ms]
2023-02-28 15:17:26.134 [info] > git for-each-ref --sort -committerdate --format %(refname) %(objectname) %(*objectname) [49ms]
2023-02-28 15:17:26.194 [info] > git status -z -uall [120ms]
2023-02-28 15:17:26.210 [info] > git config --get commit.template [3ms]
2023-02-28 15:17:26.226 [info] > git for-each-ref --format=%(refname)%00%(upstream:short)%00%(objectname)%00%(upstream:track)%00%(upstream:remotename)%00%(upstream:remoteref) refs/heads/main refs/remotes/main [3ms]
2023-02-28 15:17:26.247 [info] > git for-each-ref --sort -committerdate --format %(refname) %(objectname) %(*objectname) [3ms]
2023-02-28 15:17:26.315 [info] > git status -z -uall [82ms]
2023-02-28 15:17:26.623 [info] > git check-ignore -v -z --stdin [21ms]
2023-02-28 15:17:26.643 [info] > git show --textconv :README.md [9ms]
2023-02-28 15:17:26.653 [info] > git ls-files --stage -- /home/alex/Projects/Webee/README.md [10ms]
2023-02-28 15:17:26.661 [info] > git cat-file -s 3f807a22b14a9085401a22462cfac77a372d9b32 [2ms]
2023-02-28 15:20:48.993 [info] > git config --get commit.template [5ms]
2023-02-28 15:20:48.993 [info] > git for-each-ref --format=%(refname)%00%(upstream:short)%00%(objectname)%00%(upstream:track)%00%(upstream:remotename)%00%(upstream:remoteref) refs/heads/main refs/remotes/main [1ms]
2023-02-28 15:20:49.016 [info] > git for-each-ref --sort -committerdate --format %(refname) %(objectname) %(*objectname) [13ms]
2023-02-28 15:20:49.053 [info] > git status -z -uall [56ms]
2023-02-28 15:21:32.608 [info] > git config --get commit.template [8ms]
2023-02-28 15:21:32.614 [info] > git ls-files --stage -- /home/alex/Projects/Webee/README.md [6ms]
2023-02-28 15:21:32.619 [info] > git for-each-ref --format=%(refname)%00%(upstream:short)%00%(objectname)%00%(upstream:track)%00%(upstream:remotename)%00%(upstream:remoteref) refs/heads/main refs/remotes/main [6ms]
2023-02-28 15:21:32.637 [info] > git cat-file -s 3a15236b3bf50c324665bc7f6947369ed938e57a [18ms]
2023-02-28 15:21:32.640 [info] > git for-each-ref --sort -committerdate --format %(refname) %(objectname) %(*objectname) [4ms]
2023-02-28 15:21:32.655 [info] > git show --textconv :README.md [5ms]
2023-02-28 15:21:32.689 [info] > git status -z -uall [65ms]
2023-02-28 15:21:37.708 [info] > git config --get commit.template [7ms]
2023-02-28 15:21:37.709 [info] > git for-each-ref --format=%(refname)%00%(upstream:short)%00%(objectname)%00%(upstream:track)%00%(upstream:remotename)%00%(upstream:remoteref) refs/heads/main refs/remotes/main [2ms]
2023-02-28 15:21:37.739 [info] > git for-each-ref --sort -committerdate --format %(refname) %(objectname) %(*objectname) [16ms]
2023-02-28 15:21:37.773 [info] > git status -z -uall [58ms]
2023-02-28 15:29:19.520 [info] > git show --textconv :api/database.py [8ms]
2023-02-28 15:29:19.523 [info] > git ls-files --stage -- /home/alex/Projects/Webee/api/database.py [5ms]
2023-02-28 15:29:19.531 [info] > git cat-file -s f8e2fde3f78cfd0d0ff38927ac07072922eca51d [1ms]
2023-02-28 15:29:20.409 [info] > git show --textconv :api/models.py [8ms]
2023-02-28 15:29:20.414 [info] > git ls-files --stage -- /home/alex/Projects/Webee/api/models.py [5ms]
2023-02-28 15:29:20.422 [info] > git cat-file -s 806e0cac27e68ead8cef7e3d4d620e279ca6eb5d [2ms]
2023-02-28 15:42:12.656 [info] > git check-ignore -v -z --stdin [10ms]
2023-02-28 15:48:00.927 [info] > git config --get commit.template [2ms]
2023-02-28 15:48:00.936 [info] > git for-each-ref --format=%(refname)%00%(upstream:short)%00%(objectname)%00%(upstream:track)%00%(upstream:remotename)%00%(upstream:remoteref) refs/heads/main refs/remotes/main [2ms]
2023-02-28 15:48:00.966 [info] > git for-each-ref --sort -committerdate --format %(refname) %(objectname) %(*objectname) [15ms]
2023-02-28 15:48:01.002 [info] > git status -z -uall [60ms]
