2023-03-02 14:24:27.130 [info] Log level: Info
2023-03-02 14:24:27.130 [info] Validating found git in: "git"
2023-03-02 14:24:27.130 [info] Using git "2.39.2" from "git"
2023-03-02 14:24:27.134 [info] > git rev-parse --show-toplevel [8ms]
2023-03-02 14:24:27.169 [info] > git rev-parse --git-dir --git-common-dir [24ms]
2023-03-02 14:24:27.175 [info] Open repository: /home/alex/Projects/Webee
2023-03-02 14:24:27.194 [info] > git rev-parse --show-toplevel [12ms]
2023-03-02 14:24:27.207 [info] > git config --get commit.template [16ms]
2023-03-02 14:24:27.218 [info] > git rev-parse --show-toplevel [17ms]
2023-03-02 14:24:27.226 [info] > git for-each-ref --format=%(refname)%00%(upstream:short)%00%(objectname)%00%(upstream:track)%00%(upstream:remotename)%00%(upstream:remoteref) refs/heads/sql refs/remotes/sql [10ms]
2023-03-02 14:24:27.250 [info] > git rev-parse --show-toplevel [26ms]
2023-03-02 14:24:27.261 [info] > git for-each-ref --sort -committerdate --format %(refname) %(objectname) %(*objectname) [16ms]
2023-03-02 14:24:27.264 [info] > git rev-parse --show-toplevel [6ms]
2023-03-02 14:24:27.285 [info] > git rev-parse --show-toplevel [13ms]
2023-03-02 14:24:27.314 [info] > git status -z -uall [81ms]
2023-03-02 14:24:27.321 [info] > git rev-parse --show-toplevel [22ms]
2023-03-02 14:24:27.339 [info] > git rev-parse --show-toplevel [11ms]
2023-03-02 14:24:27.341 [info] > git config --get commit.template [5ms]
2023-03-02 14:24:27.407 [info] > git for-each-ref --format=%(refname)%00%(upstream:short)%00%(objectname)%00%(upstream:track)%00%(upstream:remotename)%00%(upstream:remoteref) refs/heads/sql refs/remotes/sql [59ms]
2023-03-02 14:24:27.454 [info] > git for-each-ref --sort -committerdate --format %(refname) %(objectname) %(*objectname) [31ms]
2023-03-02 14:24:27.482 [info] > git status -z -uall [68ms]
2023-03-02 14:24:27.740 [info] > git check-ignore -v -z --stdin [28ms]
2023-03-02 14:24:27.812 [info] > git show --textconv :database_api/schemas/data_schemas.py [10ms]
2023-03-02 14:24:27.816 [info] > git ls-files --stage -- /home/alex/Projects/Webee/database_api/schemas/data_schemas.py [5ms]
2023-03-02 14:24:27.827 [info] > git cat-file -s b534e3f9f7553f99cfa588333dd15e2d1c7a528b [2ms]
2023-03-02 14:24:35.536 [info] > git check-ignore -v -z --stdin [6ms]
2023-03-02 14:24:50.228 [info] > git show --textconv :database_api/main.py [7ms]
2023-03-02 14:24:50.231 [info] > git ls-files --stage -- /home/alex/Projects/Webee/database_api/main.py [4ms]
2023-03-02 14:24:50.238 [info] > git cat-file -s 422b5ef6287edba095147387d73ae5b6b06f951f [2ms]
2023-03-02 14:25:09.417 [info] > git show --textconv :database_api/crud/data_crud.py [7ms]
2023-03-02 14:25:09.420 [info] > git ls-files --stage -- /home/alex/Projects/Webee/database_api/crud/data_crud.py [3ms]
2023-03-02 14:25:09.426 [info] > git cat-file -s 1a425c26354a70bbb80011f79444902569f67214 [1ms]
2023-03-02 14:25:16.290 [info] > git show --textconv :database_api/crud/comp_crud.py [8ms]
2023-03-02 14:25:16.293 [info] > git ls-files --stage -- /home/alex/Projects/Webee/database_api/crud/comp_crud.py [4ms]
2023-03-02 14:25:16.299 [info] > git cat-file -s e69de29bb2d1d6434b8b29ae775ad8c2e48c5391 [1ms]
2023-03-02 14:25:16.991 [info] > git show --textconv :database_api/crud/mod_curd.py [8ms]
2023-03-02 14:25:16.996 [info] > git ls-files --stage -- /home/alex/Projects/Webee/database_api/crud/mod_curd.py [6ms]
2023-03-02 14:25:17.005 [info] > git cat-file -s e69de29bb2d1d6434b8b29ae775ad8c2e48c5391 [2ms]
2023-03-02 14:25:18.744 [info] > git show --textconv :database_api/models/data_models.py [7ms]
2023-03-02 14:25:18.747 [info] > git ls-files --stage -- /home/alex/Projects/Webee/database_api/models/data_models.py [5ms]
2023-03-02 14:25:18.754 [info] > git cat-file -s 5466a3cf58f3b2392ed203a9080593b19f4da587 [1ms]
2023-03-02 14:25:23.646 [info] > git show --textconv :database_api/models/comp_models.py [10ms]
2023-03-02 14:25:23.650 [info] > git ls-files --stage -- /home/alex/Projects/Webee/database_api/models/comp_models.py [6ms]
2023-03-02 14:25:23.658 [info] > git cat-file -s 8848960ba08112b493af642791580f0e31abcb1e [2ms]
2023-03-02 14:25:25.332 [info] > git show --textconv :database_api/models/mod_models.py [8ms]
2023-03-02 14:25:25.335 [info] > git ls-files --stage -- /home/alex/Projects/Webee/database_api/models/mod_models.py [4ms]
2023-03-02 14:25:25.342 [info] > git cat-file -s 247721a8451c888a790eef1bad57828952d53739 [1ms]
2023-03-02 14:25:28.874 [info] > git show --textconv :database_api/schemas/mod_shema.py [10ms]
2023-03-02 14:25:28.878 [info] > git ls-files --stage -- /home/alex/Projects/Webee/database_api/schemas/mod_shema.py [6ms]
2023-03-02 14:25:28.887 [info] > git cat-file -s e69de29bb2d1d6434b8b29ae775ad8c2e48c5391 [2ms]
2023-03-02 14:26:21.906 [info] > git check-ignore -v -z --stdin [10ms]
2023-03-02 14:26:27.346 [info] > git check-ignore -v -z --stdin [8ms]
2023-03-02 14:27:15.025 [info] > git check-ignore -v -z --stdin [8ms]
2023-03-02 14:27:15.597 [info] > git config --get commit.template [10ms]
2023-03-02 14:27:15.597 [info] > git for-each-ref --format=%(refname)%00%(upstream:short)%00%(objectname)%00%(upstream:track)%00%(upstream:remotename)%00%(upstream:remoteref) refs/heads/sql refs/remotes/sql [3ms]
2023-03-02 14:27:15.629 [info] > git for-each-ref --sort -committerdate --format %(refname) %(objectname) %(*objectname) [4ms]
2023-03-02 14:27:15.674 [info] > git status -z -uall [69ms]
2023-03-02 14:49:04.132 [info] > git config --get commit.template [6ms]
2023-03-02 14:49:04.132 [info] > git for-each-ref --format=%(refname)%00%(upstream:short)%00%(objectname)%00%(upstream:track)%00%(upstream:remotename)%00%(upstream:remoteref) refs/heads/sql refs/remotes/sql [1ms]
2023-03-02 14:49:04.168 [info] > git for-each-ref --sort -committerdate --format %(refname) %(objectname) %(*objectname) [1ms]
2023-03-02 14:49:04.204 [info] > git status -z -uall [65ms]
2023-03-02 15:23:51.786 [info] Log level: Info
2023-03-02 15:23:51.786 [info] Validating found git in: "git"
2023-03-02 15:23:51.786 [info] Using git "2.39.2" from "git"
2023-03-02 15:23:51.792 [info] > git rev-parse --show-toplevel [14ms]
2023-03-02 15:23:51.828 [info] > git rev-parse --git-dir --git-common-dir [22ms]
2023-03-02 15:23:51.836 [info] Open repository: /home/alex/Projects/Webee
2023-03-02 15:23:51.863 [info] > git rev-parse --show-toplevel [19ms]
2023-03-02 15:23:51.879 [info] > git config --get commit.template [22ms]
2023-03-02 15:23:51.892 [info] > git rev-parse --show-toplevel [20ms]
2023-03-02 15:23:51.902 [info] > git rev-parse --show-toplevel [4ms]
2023-03-02 15:23:51.911 [info] > git for-each-ref --format=%(refname)%00%(upstream:short)%00%(objectname)%00%(upstream:track)%00%(upstream:remotename)%00%(upstream:remoteref) refs/heads/sql refs/remotes/sql [22ms]
2023-03-02 15:23:51.951 [info] > git rev-parse --show-toplevel [41ms]
2023-03-02 15:23:51.962 [info] > git for-each-ref --sort -committerdate --format %(refname) %(objectname) %(*objectname) [25ms]
2023-03-02 15:23:52.001 [info] > git rev-parse --show-toplevel [41ms]
2023-03-02 15:23:52.019 [info] > git status -z -uall [98ms]
2023-03-02 15:23:52.019 [info] > git rev-parse --show-toplevel [9ms]
2023-03-02 15:23:52.061 [info] > git rev-parse --show-toplevel [35ms]
2023-03-02 15:23:52.090 [info] > git config --get commit.template [12ms]
2023-03-02 15:23:52.134 [info] > git for-each-ref --format=%(refname)%00%(upstream:short)%00%(objectname)%00%(upstream:track)%00%(upstream:remotename)%00%(upstream:remoteref) refs/heads/sql refs/remotes/sql [45ms]
2023-03-02 15:23:52.202 [info] > git for-each-ref --sort -committerdate --format %(refname) %(objectname) %(*objectname) [39ms]
2023-03-02 15:23:52.287 [info] > git status -z -uall [144ms]
2023-03-02 15:23:52.463 [info] > git show --textconv :database_api/schemas/data_schemas.py [42ms]
2023-03-02 15:23:52.463 [info] > git ls-files --stage -- /home/alex/Projects/Webee/database_api/schemas/data_schemas.py [13ms]
2023-03-02 15:23:52.478 [info] > git cat-file -s b534e3f9f7553f99cfa588333dd15e2d1c7a528b [3ms]
2023-03-02 15:23:52.480 [info] > git check-ignore -v -z --stdin [18ms]
2023-03-02 15:24:05.287 [info] > git check-ignore -v -z --stdin [28ms]
2023-03-02 15:24:08.524 [info] > git show --textconv :database_api/crud/data_crud.py [7ms]
2023-03-02 15:24:08.527 [info] > git ls-files --stage -- /home/alex/Projects/Webee/database_api/crud/data_crud.py [3ms]
2023-03-02 15:24:08.534 [info] > git cat-file -s 1a425c26354a70bbb80011f79444902569f67214 [1ms]
