2023-03-01 18:44:42.449 [info] Added views:workbench.panel.markers.view in workbench.panel.markers
2023-03-01 18:44:42.449 [info] Added views:workbench.panel.output in workbench.panel.output
2023-03-01 18:44:42.449 [info] Added views:terminal in terminal
2023-03-01 18:44:42.449 [info] Added views:outline in workbench.view.explorer
2023-03-01 18:44:42.449 [info] Added views:workbench.scm in workbench.view.scm
2023-03-01 18:44:42.449 [info] Added views:workbench.view.search in workbench.view.search
2023-03-01 18:44:42.449 [info] Added views:timeline in workbench.view.explorer
2023-03-01 18:44:42.449 [info] Added views:workbench.explorer.fileView in workbench.view.explorer
2023-03-01 18:44:42.809 [info] Added views:workbench.debug.welcome in workbench.view.debug
2023-03-01 18:44:43.491 [info] Added views:workbench.panel.repl.view in workbench.panel.repl
2023-03-02 03:10:40.202 [info] Added views:workbench.views.extensions.installed,workbench.views.extensions.popular,extensions.recommendedList in workbench.view.extensions
2023-03-02 03:10:40.209 [info] Removed views:workbench.views.extensions.popular from workbench.view.extensions
2023-03-02 03:12:40.968 [info] Removed views:extensions.recommendedList,workbench.views.extensions.installed from workbench.view.extensions
2023-03-02 03:12:41.015 [info] Added views:workbench.views.extensions.marketplace in workbench.view.extensions
2023-03-02 03:13:13.833 [info] Added views:jupyterViewVariables in workbench.view.extension.jupyter-variables
2023-03-02 03:13:13.834 [info] Added views:cell-tag in workbench.view.extension.jupyter
2023-03-02 03:13:14.958 [info] Added views:workbench.view.testing in workbench.view.extension.test
2023-03-02 03:24:29.771 [info] Removed views:workbench.views.extensions.marketplace from workbench.view.extensions
2023-03-02 03:24:29.782 [info] Added views:workbench.views.extensions.installed,extensions.recommendedList in workbench.view.extensions
2023-03-02 03:24:31.654 [info] Removed views:extensions.recommendedList,workbench.views.extensions.installed from workbench.view.extensions
2023-03-02 03:24:31.682 [info] Added views:workbench.views.extensions.marketplace in workbench.view.extensions
2023-03-02 03:24:36.392 [info] Removed views:workbench.views.extensions.marketplace from workbench.view.extensions
2023-03-02 03:24:36.409 [info] Added views:workbench.views.extensions.installed,extensions.recommendedList in workbench.view.extensions
2023-03-02 03:24:59.094 [info] Removed views:extensions.recommendedList,workbench.views.extensions.installed from workbench.view.extensions
2023-03-02 03:24:59.115 [info] Added views:workbench.views.extensions.marketplace in workbench.view.extensions
2023-03-02 03:34:11.592 [info] Removed views:workbench.views.extensions.marketplace from workbench.view.extensions
2023-03-02 03:34:11.626 [info] Added views:workbench.views.extensions.installed,extensions.recommendedList in workbench.view.extensions
2023-03-02 03:34:13.284 [info] Removed views:extensions.recommendedList,workbench.views.extensions.installed from workbench.view.extensions
2023-03-02 03:34:13.302 [info] Added views:workbench.views.extensions.marketplace in workbench.view.extensions
