2023-03-01 18:44:43.629 [info] Starting worker process with pid 6246 (type: fileWatcher, window: 1).
2023-03-02 03:13:04.370 [info] Getting Manifest... ms-python.python
2023-03-02 03:13:04.470 [info] Installing extension: ms-python.python
2023-03-02 03:13:04.865 [info] Getting Manifest... ms-toolsai.jupyter
2023-03-02 03:13:05.469 [info] Getting Manifest... ms-toolsai.jupyter-renderers
2023-03-02 03:13:05.844 [info] Getting Manifest... ms-toolsai.jupyter-keymap
2023-03-02 03:13:06.235 [info] Getting Manifest... ms-toolsai.vscode-jupyter-cell-tags
2023-03-02 03:13:06.609 [info] Getting Manifest... ms-toolsai.vscode-jupyter-slideshow
2023-03-02 03:13:06.985 [info] Getting Manifest... ms-python.isort
2023-03-02 03:13:07.447 [info] Installing extension: ms-toolsai.jupyter ms-python.python
2023-03-02 03:13:07.448 [info] Installing extension: ms-toolsai.jupyter-renderers ms-python.python
2023-03-02 03:13:07.448 [info] Installing extension: ms-toolsai.jupyter-keymap ms-python.python
2023-03-02 03:13:07.448 [info] Installing extension: ms-toolsai.vscode-jupyter-cell-tags ms-python.python
2023-03-02 03:13:07.448 [info] Installing extension: ms-toolsai.vscode-jupyter-slideshow ms-python.python
2023-03-02 03:13:07.448 [info] Installing extension: ms-python.isort ms-python.python
2023-03-02 03:13:08.820 [info] Extracted extension to /home/alex/.vscode-oss/extensions/.5257884b-db51-49a0-9e90-ddc1f47e08fe: ms-toolsai.jupyter-keymap
2023-03-02 03:13:08.826 [info] Renamed to /home/alex/.vscode-oss/extensions/ms-toolsai.jupyter-keymap-1.1.0-universal
2023-03-02 03:13:08.828 [info] Extracting completed. ms-toolsai.jupyter-keymap
2023-03-02 03:13:08.909 [info] Extracted extension to /home/alex/.vscode-oss/extensions/.6e5def3b-544d-4a19-ab62-de534bf04f7b: ms-toolsai.vscode-jupyter-slideshow
2023-03-02 03:13:08.916 [info] Renamed to /home/alex/.vscode-oss/extensions/ms-toolsai.vscode-jupyter-slideshow-0.1.5-universal
2023-03-02 03:13:08.918 [info] Extracting completed. ms-toolsai.vscode-jupyter-slideshow
2023-03-02 03:13:09.851 [info] Extracted extension to /home/alex/.vscode-oss/extensions/.55fddd84-2aa3-4a0e-932a-5a058dfcd58e: ms-toolsai.vscode-jupyter-cell-tags
2023-03-02 03:13:09.856 [info] Renamed to /home/alex/.vscode-oss/extensions/ms-toolsai.vscode-jupyter-cell-tags-0.1.6-universal
2023-03-02 03:13:09.859 [info] Extracting completed. ms-toolsai.vscode-jupyter-cell-tags
2023-03-02 03:13:10.587 [info] Extracted extension to /home/alex/.vscode-oss/extensions/.72ad3f87-aa63-4bcf-a0d8-c488dc40dba6: ms-toolsai.jupyter-renderers
2023-03-02 03:13:10.596 [info] Renamed to /home/alex/.vscode-oss/extensions/ms-toolsai.jupyter-renderers-1.0.12-universal
2023-03-02 03:13:10.598 [info] Extracting completed. ms-toolsai.jupyter-renderers
2023-03-02 03:13:10.606 [info] Extracted extension to /home/alex/.vscode-oss/extensions/.24bc2ad3-13ee-4ae7-a598-5e00629d90ad: ms-toolsai.jupyter
2023-03-02 03:13:10.613 [info] Renamed to /home/alex/.vscode-oss/extensions/ms-toolsai.jupyter-2022.10.110-universal
2023-03-02 03:13:10.625 [info] Extracting completed. ms-toolsai.jupyter
2023-03-02 03:13:12.592 [info] Extracted extension to /home/alex/.vscode-oss/extensions/.9c1ff014-8af7-4721-be72-f4d7fc880d3a: ms-python.python
2023-03-02 03:13:12.605 [info] Renamed to /home/alex/.vscode-oss/extensions/ms-python.python-2023.2.0-universal
2023-03-02 03:13:12.610 [info] Extracting completed. ms-python.python
2023-03-02 03:13:13.613 [info] Extracted extension to /home/alex/.vscode-oss/extensions/.8671bbbb-457e-4b0a-97c8-7b3192e97fd3: ms-python.isort
2023-03-02 03:13:13.619 [info] Renamed to /home/alex/.vscode-oss/extensions/ms-python.isort-2022.8.0-universal
2023-03-02 03:13:13.621 [info] Extracting completed. ms-python.isort
2023-03-02 03:13:13.640 [info] Extension installed successfully: ms-toolsai.jupyter-keymap
2023-03-02 03:13:13.640 [info] Extension installed successfully: ms-toolsai.vscode-jupyter-slideshow
2023-03-02 03:13:13.640 [info] Extension installed successfully: ms-toolsai.vscode-jupyter-cell-tags
2023-03-02 03:13:13.640 [info] Extension installed successfully: ms-toolsai.jupyter-renderers
2023-03-02 03:13:13.640 [info] Extension installed successfully: ms-toolsai.jupyter
2023-03-02 03:13:13.641 [info] Extension installed successfully: ms-python.python
2023-03-02 03:13:13.641 [info] Extension installed successfully: ms-python.isort
2023-03-02 03:29:05.356 [info] Getting Manifest... mvllow.rose-pine
2023-03-02 03:29:05.462 [info] Installing extension: mvllow.rose-pine
2023-03-02 03:29:06.225 [info] Extracted extension to /home/alex/.vscode-oss/extensions/.462102a8-dc29-4979-aa46-7cdd45a69916: mvllow.rose-pine
2023-03-02 03:29:06.230 [info] Renamed to /home/alex/.vscode-oss/extensions/mvllow.rose-pine-2.7.1-universal
2023-03-02 03:29:06.232 [info] Extracting completed. mvllow.rose-pine
2023-03-02 03:29:06.242 [info] Extension installed successfully: mvllow.rose-pine
2023-03-02 03:30:16.139 [info] Getting Manifest... ahmadawais.shades-of-purple
2023-03-02 03:30:16.245 [info] Installing extension: ahmadawais.shades-of-purple
2023-03-02 03:30:17.185 [info] Extracted extension to /home/alex/.vscode-oss/extensions/.7a39b418-6b40-4288-95a4-dca4f6d7fb1e: ahmadawais.shades-of-purple
2023-03-02 03:30:17.191 [info] Renamed to /home/alex/.vscode-oss/extensions/ahmadawais.shades-of-purple-7.1.5-universal
2023-03-02 03:30:17.193 [info] Extracting completed. ahmadawais.shades-of-purple
2023-03-02 03:30:17.203 [info] Extension installed successfully: ahmadawais.shades-of-purple
2023-03-02 03:35:42.471 [info] Getting Manifest... laurenttreguier.vscode-simple-icons
2023-03-02 03:35:42.575 [info] Installing extension: laurenttreguier.vscode-simple-icons
2023-03-02 03:35:44.062 [info] Extracted extension to /home/alex/.vscode-oss/extensions/.e92e349f-dd26-4bf6-8e83-9122a8840439: laurenttreguier.vscode-simple-icons
2023-03-02 03:35:44.069 [info] Renamed to /home/alex/.vscode-oss/extensions/laurenttreguier.vscode-simple-icons-1.16.0-universal
2023-03-02 03:35:44.071 [info] Extracting completed. laurenttreguier.vscode-simple-icons
2023-03-02 03:35:44.080 [info] Extension installed successfully: laurenttreguier.vscode-simple-icons
