2023-03-01 13:53:26.954 [info] Extension host with pid 873 started
2023-03-01 13:53:26.954 [info] Skipping acquiring lock for /home/alex/.config/Code - OSS/User/workspaceStorage/7ba5dbdbb1f98b5ae148935f272e3c02.
2023-03-01 13:53:27.465 [info] ExtensionService#_doActivateExtension vscode.emmet, startup: false, activationEvent: 'onLanguage'
2023-03-01 13:53:27.466 [info] ExtensionService#_doActivateExtension vscode.configuration-editing, startup: false, activationEvent: 'onLanguage:json'
2023-03-01 13:53:27.466 [info] ExtensionService#_doActivateExtension vscode.extension-editing, startup: false, activationEvent: 'onLanguage:json'
2023-03-01 13:53:27.466 [info] ExtensionService#_doActivateExtension vscode.json-language-features, startup: false, activationEvent: 'onLanguage:json'
2023-03-01 13:53:27.466 [info] ExtensionService#_doActivateExtension vscode.npm, startup: false, activationEvent: 'onLanguage:json'
2023-03-01 13:53:27.467 [info] ExtensionService#_doActivateExtension tht13.python, startup: false, activationEvent: 'onLanguage:python'
2023-03-01 13:53:27.467 [info] ExtensionService#_doActivateExtension vscode.markdown-language-features, startup: false, activationEvent: 'onLanguage:markdown'
2023-03-01 13:53:27.467 [info] ExtensionService#_doActivateExtension vscode.git-base, startup: true, activationEvent: '*', root cause: vscode.git
2023-03-01 13:53:27.713 [info] ExtensionService#_doActivateExtension vscode.git, startup: true, activationEvent: '*'
2023-03-01 13:53:27.714 [info] ExtensionService#_doActivateExtension vscode.github, startup: true, activationEvent: '*'
2023-03-01 13:53:27.966 [info] Eager extensions activated
2023-03-01 13:53:28.052 [info] ExtensionService#_doActivateExtension vscode.debug-auto-launch, startup: false, activationEvent: 'onStartupFinished'
2023-03-01 13:53:28.058 [info] ExtensionService#_doActivateExtension vscode.merge-conflict, startup: false, activationEvent: 'onStartupFinished'
2023-03-01 13:53:28.252 [info] ExtensionService#_doActivateExtension esbenp.prettier-vscode, startup: false, activationEvent: 'onLanguage:json'
2023-03-01 13:53:39.488 [error] Error: Channel closed
	at new NodeError (node:internal/errors:371:5)
	at target.send (node:internal/child_process:741:16)
	at IPCMessageWriter.write (/home/alex/.vscode-oss/extensions/tht13.python-0.2.2-universal/node_modules/vscode-jsonrpc/lib/messageWriter.js:34:22)
	at /home/alex/.vscode-oss/extensions/tht13.python-0.2.2-universal/node_modules/vscode-jsonrpc/lib/main.js:195:31
	at new Promise (<anonymous>)
	at Object.sendRequest (/home/alex/.vscode-oss/extensions/tht13.python-0.2.2-universal/node_modules/vscode-jsonrpc/lib/main.js:186:20)
	at Object.sendRequest (/home/alex/.vscode-oss/extensions/tht13.python-0.2.2-universal/node_modules/vscode-languageclient/lib/main.js:43:66)
	at LanguageClient.doSendRequest (/home/alex/.vscode-oss/extensions/tht13.python-0.2.2-universal/node_modules/vscode-languageclient/lib/main.js:167:31)
	at /home/alex/.vscode-oss/extensions/tht13.python-0.2.2-universal/node_modules/vscode-languageclient/lib/main.js:160:30
	at process.processTicksAndRejections (node:internal/process/task_queues:96:5)
2023-03-01 15:01:35.745 [error] Error: Channel closed
	at new NodeError (node:internal/errors:371:5)
	at target.send (node:internal/child_process:741:16)
	at IPCMessageWriter.write (/home/alex/.vscode-oss/extensions/tht13.python-0.2.2-universal/node_modules/vscode-jsonrpc/lib/messageWriter.js:34:22)
	at Object.sendNotification (/home/alex/.vscode-oss/extensions/tht13.python-0.2.2-universal/node_modules/vscode-jsonrpc/lib/main.js:180:27)
	at Object.didOpenTextDocument (/home/alex/.vscode-oss/extensions/tht13.python-0.2.2-universal/node_modules/vscode-languageclient/lib/main.js:54:68)
	at LanguageClient.onDidOpenTextDoument (/home/alex/.vscode-oss/extensions/tht13.python-0.2.2-universal/node_modules/vscode-languageclient/lib/main.js:361:20)
	at /home/alex/.vscode-oss/extensions/tht13.python-0.2.2-universal/node_modules/vscode-languageclient/lib/main.js:277:86
	at f.invoke (/usr/lib/code/out/vs/workbench/api/node/extensionHostProcess.js:63:145)
	at g.deliver (/usr/lib/code/out/vs/workbench/api/node/extensionHostProcess.js:63:2029)
	at d.fire (/usr/lib/code/out/vs/workbench/api/node/extensionHostProcess.js:63:1667)
	at /usr/lib/code/out/vs/workbench/api/node/extensionHostProcess.js:98:9596
	at f.invoke (/usr/lib/code/out/vs/workbench/api/node/extensionHostProcess.js:63:145)
	at g.deliver (/usr/lib/code/out/vs/workbench/api/node/extensionHostProcess.js:63:2029)
	at d.fire (/usr/lib/code/out/vs/workbench/api/node/extensionHostProcess.js:63:1667)
	at g.acceptDocumentsAndEditorsDelta (/usr/lib/code/out/vs/workbench/api/node/extensionHostProcess.js:98:13735)
	at g.$acceptDocumentsAndEditorsDelta (/usr/lib/code/out/vs/workbench/api/node/extensionHostProcess.js:98:12176)
	at l.N (/usr/lib/code/out/vs/workbench/api/node/extensionHostProcess.js:106:11239)
	at l.M (/usr/lib/code/out/vs/workbench/api/node/extensionHostProcess.js:106:10957)
	at l.H (/usr/lib/code/out/vs/workbench/api/node/extensionHostProcess.js:106:10044)
	at l.G (/usr/lib/code/out/vs/workbench/api/node/extensionHostProcess.js:106:9022)
	at /usr/lib/code/out/vs/workbench/api/node/extensionHostProcess.js:106:7810
	at f.invoke (/usr/lib/code/out/vs/workbench/api/node/extensionHostProcess.js:63:145)
	at g.deliver (/usr/lib/code/out/vs/workbench/api/node/extensionHostProcess.js:63:2029)
	at d.fire (/usr/lib/code/out/vs/workbench/api/node/extensionHostProcess.js:63:1667)
	at p.fire (/usr/lib/code/out/vs/workbench/api/node/extensionHostProcess.js:72:14861)
	at /usr/lib/code/out/vs/workbench/api/node/extensionHostProcess.js:122:15815
	at f.invoke (/usr/lib/code/out/vs/workbench/api/node/extensionHostProcess.js:63:145)
	at g.deliver (/usr/lib/code/out/vs/workbench/api/node/extensionHostProcess.js:63:2029)
	at d.fire (/usr/lib/code/out/vs/workbench/api/node/extensionHostProcess.js:63:1667)
	at p.fire (/usr/lib/code/out/vs/workbench/api/node/extensionHostProcess.js:72:14861)
	at t.E (/usr/lib/code/out/vs/workbench/api/node/extensionHostProcess.js:72:18927)
	at /usr/lib/code/out/vs/workbench/api/node/extensionHostProcess.js:72:16915
	at f.invoke (/usr/lib/code/out/vs/workbench/api/node/extensionHostProcess.js:63:145)
	at g.deliver (/usr/lib/code/out/vs/workbench/api/node/extensionHostProcess.js:63:2029)
	at d.fire (/usr/lib/code/out/vs/workbench/api/node/extensionHostProcess.js:63:1667)
	at h.acceptChunk (/usr/lib/code/out/vs/workbench/api/node/extensionHostProcess.js:72:12592)
	at /usr/lib/code/out/vs/workbench/api/node/extensionHostProcess.js:72:11879
	at Socket.t (/usr/lib/code/out/vs/workbench/api/node/extensionHostProcess.js:72:22415)
	at Socket.emit (node:events:526:28)
	at addChunk (node:internal/streams/readable:315:12)
	at readableAddChunk (node:internal/streams/readable:289:9)
	at Readable.push (node:internal/streams/readable:228:10)
	at Pipe.onStreamRead (node:internal/stream_base_commons:190:23)
2023-03-01 15:01:35.751 [error] Error: Channel closed
	at new NodeError (node:internal/errors:371:5)
	at target.send (node:internal/child_process:741:16)
	at IPCMessageWriter.write (/home/alex/.vscode-oss/extensions/tht13.python-0.2.2-universal/node_modules/vscode-jsonrpc/lib/messageWriter.js:34:22)
	at /home/alex/.vscode-oss/extensions/tht13.python-0.2.2-universal/node_modules/vscode-jsonrpc/lib/main.js:195:31
	at new Promise (<anonymous>)
	at Object.sendRequest (/home/alex/.vscode-oss/extensions/tht13.python-0.2.2-universal/node_modules/vscode-jsonrpc/lib/main.js:186:20)
	at Object.sendRequest (/home/alex/.vscode-oss/extensions/tht13.python-0.2.2-universal/node_modules/vscode-languageclient/lib/main.js:43:66)
	at LanguageClient.doSendRequest (/home/alex/.vscode-oss/extensions/tht13.python-0.2.2-universal/node_modules/vscode-languageclient/lib/main.js:167:31)
	at /home/alex/.vscode-oss/extensions/tht13.python-0.2.2-universal/node_modules/vscode-languageclient/lib/main.js:160:30
	at process.processTicksAndRejections (node:internal/process/task_queues:96:5)
2023-03-01 15:01:49.174 [error] TypeError: Cannot read properties of undefined (reading 'text')
	at PythonExtension._onChange (/home/alex/.vscode-oss/extensions/tht13.python-0.2.2-universal/out/client/src/pythonMain.js:77:23)
	at f.invoke (/usr/lib/code/out/vs/workbench/api/node/extensionHostProcess.js:63:145)
	at g.deliver (/usr/lib/code/out/vs/workbench/api/node/extensionHostProcess.js:63:2029)
	at d.fire (/usr/lib/code/out/vs/workbench/api/node/extensionHostProcess.js:63:1667)
	at k.$acceptDirtyStateChanged (/usr/lib/code/out/vs/workbench/api/node/extensionHostProcess.js:98:10874)
	at l.N (/usr/lib/code/out/vs/workbench/api/node/extensionHostProcess.js:106:11239)
	at l.M (/usr/lib/code/out/vs/workbench/api/node/extensionHostProcess.js:106:10957)
	at l.H (/usr/lib/code/out/vs/workbench/api/node/extensionHostProcess.js:106:10044)
	at l.G (/usr/lib/code/out/vs/workbench/api/node/extensionHostProcess.js:106:9022)
	at /usr/lib/code/out/vs/workbench/api/node/extensionHostProcess.js:106:7810
	at f.invoke (/usr/lib/code/out/vs/workbench/api/node/extensionHostProcess.js:63:145)
	at g.deliver (/usr/lib/code/out/vs/workbench/api/node/extensionHostProcess.js:63:2029)
	at d.fire (/usr/lib/code/out/vs/workbench/api/node/extensionHostProcess.js:63:1667)
	at p.fire (/usr/lib/code/out/vs/workbench/api/node/extensionHostProcess.js:72:14861)
	at /usr/lib/code/out/vs/workbench/api/node/extensionHostProcess.js:122:15815
	at f.invoke (/usr/lib/code/out/vs/workbench/api/node/extensionHostProcess.js:63:145)
	at g.deliver (/usr/lib/code/out/vs/workbench/api/node/extensionHostProcess.js:63:2029)
	at d.fire (/usr/lib/code/out/vs/workbench/api/node/extensionHostProcess.js:63:1667)
	at p.fire (/usr/lib/code/out/vs/workbench/api/node/extensionHostProcess.js:72:14861)
	at t.E (/usr/lib/code/out/vs/workbench/api/node/extensionHostProcess.js:72:18927)
	at /usr/lib/code/out/vs/workbench/api/node/extensionHostProcess.js:72:16915
	at f.invoke (/usr/lib/code/out/vs/workbench/api/node/extensionHostProcess.js:63:145)
	at g.deliver (/usr/lib/code/out/vs/workbench/api/node/extensionHostProcess.js:63:2029)
	at d.fire (/usr/lib/code/out/vs/workbench/api/node/extensionHostProcess.js:63:1667)
	at h.acceptChunk (/usr/lib/code/out/vs/workbench/api/node/extensionHostProcess.js:72:12592)
	at /usr/lib/code/out/vs/workbench/api/node/extensionHostProcess.js:72:11879
	at Socket.t (/usr/lib/code/out/vs/workbench/api/node/extensionHostProcess.js:72:22415)
	at Socket.emit (node:events:526:28)
	at addChunk (node:internal/streams/readable:315:12)
	at readableAddChunk (node:internal/streams/readable:289:9)
	at Readable.push (node:internal/streams/readable:228:10)
	at Pipe.onStreamRead (node:internal/stream_base_commons:190:23)
2023-03-01 15:01:49.275 [error] Error: Channel closed
	at new NodeError (node:internal/errors:371:5)
	at target.send (node:internal/child_process:741:16)
	at IPCMessageWriter.write (/home/alex/.vscode-oss/extensions/tht13.python-0.2.2-universal/node_modules/vscode-jsonrpc/lib/messageWriter.js:34:22)
	at Object.sendNotification (/home/alex/.vscode-oss/extensions/tht13.python-0.2.2-universal/node_modules/vscode-jsonrpc/lib/main.js:180:27)
	at Object.didChangeTextDocument (/home/alex/.vscode-oss/extensions/tht13.python-0.2.2-universal/node_modules/vscode-languageclient/lib/main.js:55:70)
	at Delayer.<anonymous> (/home/alex/.vscode-oss/extensions/tht13.python-0.2.2-universal/node_modules/vscode-languageclient/lib/main.js:373:28)
	at /home/alex/.vscode-oss/extensions/tht13.python-0.2.2-universal/node_modules/vscode-languageclient/lib/utils/async.js:27:36
2023-03-01 15:01:49.506 [error] Error: Channel closed
	at new NodeError (node:internal/errors:371:5)
	at target.send (node:internal/child_process:741:16)
	at IPCMessageWriter.write (/home/alex/.vscode-oss/extensions/tht13.python-0.2.2-universal/node_modules/vscode-jsonrpc/lib/messageWriter.js:34:22)
	at Object.sendNotification (/home/alex/.vscode-oss/extensions/tht13.python-0.2.2-universal/node_modules/vscode-jsonrpc/lib/main.js:180:27)
	at Object.didChangeTextDocument (/home/alex/.vscode-oss/extensions/tht13.python-0.2.2-universal/node_modules/vscode-languageclient/lib/main.js:55:70)
	at Delayer.<anonymous> (/home/alex/.vscode-oss/extensions/tht13.python-0.2.2-universal/node_modules/vscode-languageclient/lib/main.js:373:28)
	at /home/alex/.vscode-oss/extensions/tht13.python-0.2.2-universal/node_modules/vscode-languageclient/lib/utils/async.js:27:36
2023-03-01 15:01:51.082 [error] Error: Channel closed
	at new NodeError (node:internal/errors:371:5)
	at target.send (node:internal/child_process:741:16)
	at IPCMessageWriter.write (/home/alex/.vscode-oss/extensions/tht13.python-0.2.2-universal/node_modules/vscode-jsonrpc/lib/messageWriter.js:34:22)
	at Object.sendNotification (/home/alex/.vscode-oss/extensions/tht13.python-0.2.2-universal/node_modules/vscode-jsonrpc/lib/main.js:180:27)
	at Object.didChangeTextDocument (/home/alex/.vscode-oss/extensions/tht13.python-0.2.2-universal/node_modules/vscode-languageclient/lib/main.js:55:70)
	at Delayer.<anonymous> (/home/alex/.vscode-oss/extensions/tht13.python-0.2.2-universal/node_modules/vscode-languageclient/lib/main.js:373:28)
	at /home/alex/.vscode-oss/extensions/tht13.python-0.2.2-universal/node_modules/vscode-languageclient/lib/utils/async.js:27:36
2023-03-01 15:01:51.779 [error] Error: Channel closed
	at new NodeError (node:internal/errors:371:5)
	at target.send (node:internal/child_process:741:16)
	at IPCMessageWriter.write (/home/alex/.vscode-oss/extensions/tht13.python-0.2.2-universal/node_modules/vscode-jsonrpc/lib/messageWriter.js:34:22)
	at Object.sendNotification (/home/alex/.vscode-oss/extensions/tht13.python-0.2.2-universal/node_modules/vscode-jsonrpc/lib/main.js:180:27)
	at Object.didChangeTextDocument (/home/alex/.vscode-oss/extensions/tht13.python-0.2.2-universal/node_modules/vscode-languageclient/lib/main.js:55:70)
	at Delayer.<anonymous> (/home/alex/.vscode-oss/extensions/tht13.python-0.2.2-universal/node_modules/vscode-languageclient/lib/main.js:373:28)
	at /home/alex/.vscode-oss/extensions/tht13.python-0.2.2-universal/node_modules/vscode-languageclient/lib/utils/async.js:27:36
2023-03-01 15:01:52.317 [error] Error: Channel closed
	at new NodeError (node:internal/errors:371:5)
	at target.send (node:internal/child_process:741:16)
	at IPCMessageWriter.write (/home/alex/.vscode-oss/extensions/tht13.python-0.2.2-universal/node_modules/vscode-jsonrpc/lib/messageWriter.js:34:22)
	at Object.sendNotification (/home/alex/.vscode-oss/extensions/tht13.python-0.2.2-universal/node_modules/vscode-jsonrpc/lib/main.js:180:27)
	at Object.didChangeTextDocument (/home/alex/.vscode-oss/extensions/tht13.python-0.2.2-universal/node_modules/vscode-languageclient/lib/main.js:55:70)
	at Delayer.<anonymous> (/home/alex/.vscode-oss/extensions/tht13.python-0.2.2-universal/node_modules/vscode-languageclient/lib/main.js:373:28)
	at /home/alex/.vscode-oss/extensions/tht13.python-0.2.2-universal/node_modules/vscode-languageclient/lib/utils/async.js:27:36
2023-03-01 15:01:53.880 [error] Error: Channel closed
	at new NodeError (node:internal/errors:371:5)
	at target.send (node:internal/child_process:741:16)
	at IPCMessageWriter.write (/home/alex/.vscode-oss/extensions/tht13.python-0.2.2-universal/node_modules/vscode-jsonrpc/lib/messageWriter.js:34:22)
	at Object.sendNotification (/home/alex/.vscode-oss/extensions/tht13.python-0.2.2-universal/node_modules/vscode-jsonrpc/lib/main.js:180:27)
	at Object.didChangeTextDocument (/home/alex/.vscode-oss/extensions/tht13.python-0.2.2-universal/node_modules/vscode-languageclient/lib/main.js:55:70)
	at Delayer.<anonymous> (/home/alex/.vscode-oss/extensions/tht13.python-0.2.2-universal/node_modules/vscode-languageclient/lib/main.js:373:28)
	at /home/alex/.vscode-oss/extensions/tht13.python-0.2.2-universal/node_modules/vscode-languageclient/lib/utils/async.js:27:36
2023-03-01 15:01:55.674 [error] Error: Channel closed
	at new NodeError (node:internal/errors:371:5)
	at target.send (node:internal/child_process:741:16)
	at IPCMessageWriter.write (/home/alex/.vscode-oss/extensions/tht13.python-0.2.2-universal/node_modules/vscode-jsonrpc/lib/messageWriter.js:34:22)
	at Object.sendNotification (/home/alex/.vscode-oss/extensions/tht13.python-0.2.2-universal/node_modules/vscode-jsonrpc/lib/main.js:180:27)
	at Object.didChangeTextDocument (/home/alex/.vscode-oss/extensions/tht13.python-0.2.2-universal/node_modules/vscode-languageclient/lib/main.js:55:70)
	at Delayer.<anonymous> (/home/alex/.vscode-oss/extensions/tht13.python-0.2.2-universal/node_modules/vscode-languageclient/lib/main.js:373:28)
	at /home/alex/.vscode-oss/extensions/tht13.python-0.2.2-universal/node_modules/vscode-languageclient/lib/utils/async.js:27:36
2023-03-01 15:01:55.983 [error] Error: Channel closed
	at new NodeError (node:internal/errors:371:5)
	at target.send (node:internal/child_process:741:16)
	at IPCMessageWriter.write (/home/alex/.vscode-oss/extensions/tht13.python-0.2.2-universal/node_modules/vscode-jsonrpc/lib/messageWriter.js:34:22)
	at Object.sendNotification (/home/alex/.vscode-oss/extensions/tht13.python-0.2.2-universal/node_modules/vscode-jsonrpc/lib/main.js:180:27)
	at Object.didChangeTextDocument (/home/alex/.vscode-oss/extensions/tht13.python-0.2.2-universal/node_modules/vscode-languageclient/lib/main.js:55:70)
	at Delayer.<anonymous> (/home/alex/.vscode-oss/extensions/tht13.python-0.2.2-universal/node_modules/vscode-languageclient/lib/main.js:373:28)
	at /home/alex/.vscode-oss/extensions/tht13.python-0.2.2-universal/node_modules/vscode-languageclient/lib/utils/async.js:27:36
2023-03-01 15:01:57.502 [error] Error: Channel closed
	at new NodeError (node:internal/errors:371:5)
	at target.send (node:internal/child_process:741:16)
	at IPCMessageWriter.write (/home/alex/.vscode-oss/extensions/tht13.python-0.2.2-universal/node_modules/vscode-jsonrpc/lib/messageWriter.js:34:22)
	at Object.sendNotification (/home/alex/.vscode-oss/extensions/tht13.python-0.2.2-universal/node_modules/vscode-jsonrpc/lib/main.js:180:27)
	at Object.didChangeTextDocument (/home/alex/.vscode-oss/extensions/tht13.python-0.2.2-universal/node_modules/vscode-languageclient/lib/main.js:55:70)
	at Delayer.<anonymous> (/home/alex/.vscode-oss/extensions/tht13.python-0.2.2-universal/node_modules/vscode-languageclient/lib/main.js:373:28)
	at /home/alex/.vscode-oss/extensions/tht13.python-0.2.2-universal/node_modules/vscode-languageclient/lib/utils/async.js:27:36
2023-03-01 15:01:58.878 [error] Error: Channel closed
	at new NodeError (node:internal/errors:371:5)
	at target.send (node:internal/child_process:741:16)
	at IPCMessageWriter.write (/home/alex/.vscode-oss/extensions/tht13.python-0.2.2-universal/node_modules/vscode-jsonrpc/lib/messageWriter.js:34:22)
	at Object.sendNotification (/home/alex/.vscode-oss/extensions/tht13.python-0.2.2-universal/node_modules/vscode-jsonrpc/lib/main.js:180:27)
	at Object.didChangeTextDocument (/home/alex/.vscode-oss/extensions/tht13.python-0.2.2-universal/node_modules/vscode-languageclient/lib/main.js:55:70)
	at Delayer.<anonymous> (/home/alex/.vscode-oss/extensions/tht13.python-0.2.2-universal/node_modules/vscode-languageclient/lib/main.js:373:28)
	at /home/alex/.vscode-oss/extensions/tht13.python-0.2.2-universal/node_modules/vscode-languageclient/lib/utils/async.js:27:36
2023-03-01 15:02:18.086 [error] Error: Channel closed
	at new NodeError (node:internal/errors:371:5)
	at target.send (node:internal/child_process:741:16)
	at IPCMessageWriter.write (/home/alex/.vscode-oss/extensions/tht13.python-0.2.2-universal/node_modules/vscode-jsonrpc/lib/messageWriter.js:34:22)
	at Object.sendNotification (/home/alex/.vscode-oss/extensions/tht13.python-0.2.2-universal/node_modules/vscode-jsonrpc/lib/main.js:180:27)
	at Object.didChangeTextDocument (/home/alex/.vscode-oss/extensions/tht13.python-0.2.2-universal/node_modules/vscode-languageclient/lib/main.js:55:70)
	at Delayer.<anonymous> (/home/alex/.vscode-oss/extensions/tht13.python-0.2.2-universal/node_modules/vscode-languageclient/lib/main.js:373:28)
	at /home/alex/.vscode-oss/extensions/tht13.python-0.2.2-universal/node_modules/vscode-languageclient/lib/utils/async.js:27:36
2023-03-01 15:02:18.767 [error] Error: Channel closed
	at new NodeError (node:internal/errors:371:5)
	at target.send (node:internal/child_process:741:16)
	at IPCMessageWriter.write (/home/alex/.vscode-oss/extensions/tht13.python-0.2.2-universal/node_modules/vscode-jsonrpc/lib/messageWriter.js:34:22)
	at Object.sendNotification (/home/alex/.vscode-oss/extensions/tht13.python-0.2.2-universal/node_modules/vscode-jsonrpc/lib/main.js:180:27)
	at Object.didChangeTextDocument (/home/alex/.vscode-oss/extensions/tht13.python-0.2.2-universal/node_modules/vscode-languageclient/lib/main.js:55:70)
	at Delayer.<anonymous> (/home/alex/.vscode-oss/extensions/tht13.python-0.2.2-universal/node_modules/vscode-languageclient/lib/main.js:373:28)
	at /home/alex/.vscode-oss/extensions/tht13.python-0.2.2-universal/node_modules/vscode-languageclient/lib/utils/async.js:27:36
2023-03-01 15:02:19.535 [error] Error: Channel closed
	at new NodeError (node:internal/errors:371:5)
	at target.send (node:internal/child_process:741:16)
	at IPCMessageWriter.write (/home/alex/.vscode-oss/extensions/tht13.python-0.2.2-universal/node_modules/vscode-jsonrpc/lib/messageWriter.js:34:22)
	at Object.sendNotification (/home/alex/.vscode-oss/extensions/tht13.python-0.2.2-universal/node_modules/vscode-jsonrpc/lib/main.js:180:27)
	at Object.didChangeTextDocument (/home/alex/.vscode-oss/extensions/tht13.python-0.2.2-universal/node_modules/vscode-languageclient/lib/main.js:55:70)
	at Delayer.<anonymous> (/home/alex/.vscode-oss/extensions/tht13.python-0.2.2-universal/node_modules/vscode-languageclient/lib/main.js:373:28)
	at /home/alex/.vscode-oss/extensions/tht13.python-0.2.2-universal/node_modules/vscode-languageclient/lib/utils/async.js:27:36
2023-03-01 15:02:19.720 [error] Error: Channel closed
	at new NodeError (node:internal/errors:371:5)
	at target.send (node:internal/child_process:741:16)
	at IPCMessageWriter.write (/home/alex/.vscode-oss/extensions/tht13.python-0.2.2-universal/node_modules/vscode-jsonrpc/lib/messageWriter.js:34:22)
	at Object.sendNotification (/home/alex/.vscode-oss/extensions/tht13.python-0.2.2-universal/node_modules/vscode-jsonrpc/lib/main.js:180:27)
	at Object.didChangeTextDocument (/home/alex/.vscode-oss/extensions/tht13.python-0.2.2-universal/node_modules/vscode-languageclient/lib/main.js:55:70)
	at Delayer.<anonymous> (/home/alex/.vscode-oss/extensions/tht13.python-0.2.2-universal/node_modules/vscode-languageclient/lib/main.js:373:28)
	at /home/alex/.vscode-oss/extensions/tht13.python-0.2.2-universal/node_modules/vscode-languageclient/lib/utils/async.js:27:36
2023-03-01 15:02:20.976 [error] Error: Channel closed
	at new NodeError (node:internal/errors:371:5)
	at target.send (node:internal/child_process:741:16)
	at IPCMessageWriter.write (/home/alex/.vscode-oss/extensions/tht13.python-0.2.2-universal/node_modules/vscode-jsonrpc/lib/messageWriter.js:34:22)
	at Object.sendNotification (/home/alex/.vscode-oss/extensions/tht13.python-0.2.2-universal/node_modules/vscode-jsonrpc/lib/main.js:180:27)
	at Object.didChangeTextDocument (/home/alex/.vscode-oss/extensions/tht13.python-0.2.2-universal/node_modules/vscode-languageclient/lib/main.js:55:70)
	at Delayer.<anonymous> (/home/alex/.vscode-oss/extensions/tht13.python-0.2.2-universal/node_modules/vscode-languageclient/lib/main.js:373:28)
	at /home/alex/.vscode-oss/extensions/tht13.python-0.2.2-universal/node_modules/vscode-languageclient/lib/utils/async.js:27:36
2023-03-01 15:02:21.190 [error] Error: Channel closed
	at new NodeError (node:internal/errors:371:5)
	at target.send (node:internal/child_process:741:16)
	at IPCMessageWriter.write (/home/alex/.vscode-oss/extensions/tht13.python-0.2.2-universal/node_modules/vscode-jsonrpc/lib/messageWriter.js:34:22)
	at Object.sendNotification (/home/alex/.vscode-oss/extensions/tht13.python-0.2.2-universal/node_modules/vscode-jsonrpc/lib/main.js:180:27)
	at Object.didChangeTextDocument (/home/alex/.vscode-oss/extensions/tht13.python-0.2.2-universal/node_modules/vscode-languageclient/lib/main.js:55:70)
	at Delayer.<anonymous> (/home/alex/.vscode-oss/extensions/tht13.python-0.2.2-universal/node_modules/vscode-languageclient/lib/main.js:373:28)
	at /home/alex/.vscode-oss/extensions/tht13.python-0.2.2-universal/node_modules/vscode-languageclient/lib/utils/async.js:27:36
2023-03-01 15:02:22.593 [error] Error: Channel closed
	at new NodeError (node:internal/errors:371:5)
	at target.send (node:internal/child_process:741:16)
	at IPCMessageWriter.write (/home/alex/.vscode-oss/extensions/tht13.python-0.2.2-universal/node_modules/vscode-jsonrpc/lib/messageWriter.js:34:22)
	at Object.sendNotification (/home/alex/.vscode-oss/extensions/tht13.python-0.2.2-universal/node_modules/vscode-jsonrpc/lib/main.js:180:27)
	at Object.didChangeTextDocument (/home/alex/.vscode-oss/extensions/tht13.python-0.2.2-universal/node_modules/vscode-languageclient/lib/main.js:55:70)
	at Delayer.<anonymous> (/home/alex/.vscode-oss/extensions/tht13.python-0.2.2-universal/node_modules/vscode-languageclient/lib/main.js:373:28)
	at /home/alex/.vscode-oss/extensions/tht13.python-0.2.2-universal/node_modules/vscode-languageclient/lib/utils/async.js:27:36
2023-03-01 15:02:23.557 [error] Error: Channel closed
	at new NodeError (node:internal/errors:371:5)
	at target.send (node:internal/child_process:741:16)
	at IPCMessageWriter.write (/home/alex/.vscode-oss/extensions/tht13.python-0.2.2-universal/node_modules/vscode-jsonrpc/lib/messageWriter.js:34:22)
	at Object.sendNotification (/home/alex/.vscode-oss/extensions/tht13.python-0.2.2-universal/node_modules/vscode-jsonrpc/lib/main.js:180:27)
	at Object.didChangeTextDocument (/home/alex/.vscode-oss/extensions/tht13.python-0.2.2-universal/node_modules/vscode-languageclient/lib/main.js:55:70)
	at Delayer.<anonymous> (/home/alex/.vscode-oss/extensions/tht13.python-0.2.2-universal/node_modules/vscode-languageclient/lib/main.js:373:28)
	at /home/alex/.vscode-oss/extensions/tht13.python-0.2.2-universal/node_modules/vscode-languageclient/lib/utils/async.js:27:36
2023-03-01 15:03:59.276 [error] Error: Channel closed
	at new NodeError (node:internal/errors:371:5)
	at target.send (node:internal/child_process:741:16)
	at IPCMessageWriter.write (/home/alex/.vscode-oss/extensions/tht13.python-0.2.2-universal/node_modules/vscode-jsonrpc/lib/messageWriter.js:34:22)
	at Object.sendNotification (/home/alex/.vscode-oss/extensions/tht13.python-0.2.2-universal/node_modules/vscode-jsonrpc/lib/main.js:180:27)
	at Object.didChangeConfiguration (/home/alex/.vscode-oss/extensions/tht13.python-0.2.2-universal/node_modules/vscode-languageclient/lib/main.js:52:71)
	at LanguageClient.onDidChangeConfiguration (/home/alex/.vscode-oss/extensions/tht13.python-0.2.2-universal/node_modules/vscode-languageclient/lib/main.js:489:28)
	at LanguageClient.<anonymous> (/home/alex/.vscode-oss/extensions/tht13.python-0.2.2-universal/node_modules/vscode-languageclient/lib/main.js:475:81)
	at f.invoke (/usr/lib/code/out/vs/workbench/api/node/extensionHostProcess.js:63:145)
	at g.deliver (/usr/lib/code/out/vs/workbench/api/node/extensionHostProcess.js:63:2029)
	at d.fire (/usr/lib/code/out/vs/workbench/api/node/extensionHostProcess.js:63:1667)
	at i.$acceptConfigurationChanged (/usr/lib/code/out/vs/workbench/api/node/extensionHostProcess.js:107:24393)
	at /usr/lib/code/out/vs/workbench/api/node/extensionHostProcess.js:107:23877
	at process.processTicksAndRejections (node:internal/process/task_queues:96:5)
2023-03-01 15:04:03.555 [error] TypeError: Cannot read properties of undefined (reading 'text')
	at PythonExtension._onChange (/home/alex/.vscode-oss/extensions/tht13.python-0.2.2-universal/out/client/src/pythonMain.js:77:23)
	at f.invoke (/usr/lib/code/out/vs/workbench/api/node/extensionHostProcess.js:63:145)
	at g.deliver (/usr/lib/code/out/vs/workbench/api/node/extensionHostProcess.js:63:2029)
	at d.fire (/usr/lib/code/out/vs/workbench/api/node/extensionHostProcess.js:63:1667)
	at k.$acceptDirtyStateChanged (/usr/lib/code/out/vs/workbench/api/node/extensionHostProcess.js:98:10874)
	at l.N (/usr/lib/code/out/vs/workbench/api/node/extensionHostProcess.js:106:11239)
	at l.M (/usr/lib/code/out/vs/workbench/api/node/extensionHostProcess.js:106:10957)
	at l.H (/usr/lib/code/out/vs/workbench/api/node/extensionHostProcess.js:106:10044)
	at l.G (/usr/lib/code/out/vs/workbench/api/node/extensionHostProcess.js:106:9022)
	at /usr/lib/code/out/vs/workbench/api/node/extensionHostProcess.js:106:7810
	at f.invoke (/usr/lib/code/out/vs/workbench/api/node/extensionHostProcess.js:63:145)
	at g.deliver (/usr/lib/code/out/vs/workbench/api/node/extensionHostProcess.js:63:2029)
	at d.fire (/usr/lib/code/out/vs/workbench/api/node/extensionHostProcess.js:63:1667)
	at p.fire (/usr/lib/code/out/vs/workbench/api/node/extensionHostProcess.js:72:14861)
	at /usr/lib/code/out/vs/workbench/api/node/extensionHostProcess.js:122:15815
	at f.invoke (/usr/lib/code/out/vs/workbench/api/node/extensionHostProcess.js:63:145)
	at g.deliver (/usr/lib/code/out/vs/workbench/api/node/extensionHostProcess.js:63:2029)
	at d.fire (/usr/lib/code/out/vs/workbench/api/node/extensionHostProcess.js:63:1667)
	at p.fire (/usr/lib/code/out/vs/workbench/api/node/extensionHostProcess.js:72:14861)
	at t.E (/usr/lib/code/out/vs/workbench/api/node/extensionHostProcess.js:72:18927)
	at /usr/lib/code/out/vs/workbench/api/node/extensionHostProcess.js:72:16915
	at f.invoke (/usr/lib/code/out/vs/workbench/api/node/extensionHostProcess.js:63:145)
	at g.deliver (/usr/lib/code/out/vs/workbench/api/node/extensionHostProcess.js:63:2029)
	at d.fire (/usr/lib/code/out/vs/workbench/api/node/extensionHostProcess.js:63:1667)
	at h.acceptChunk (/usr/lib/code/out/vs/workbench/api/node/extensionHostProcess.js:72:12592)
	at /usr/lib/code/out/vs/workbench/api/node/extensionHostProcess.js:72:11879
	at Socket.t (/usr/lib/code/out/vs/workbench/api/node/extensionHostProcess.js:72:22415)
	at Socket.emit (node:events:526:28)
	at addChunk (node:internal/streams/readable:315:12)
	at readableAddChunk (node:internal/streams/readable:289:9)
	at Readable.push (node:internal/streams/readable:228:10)
	at Pipe.onStreamRead (node:internal/stream_base_commons:190:23)
2023-03-01 15:04:03.556 [error] TypeError: Cannot read properties of undefined (reading 'text')
	at PythonExtension._onChange (/home/alex/.vscode-oss/extensions/tht13.python-0.2.2-universal/out/client/src/pythonMain.js:77:23)
	at f.invoke (/usr/lib/code/out/vs/workbench/api/node/extensionHostProcess.js:63:145)
	at g.deliver (/usr/lib/code/out/vs/workbench/api/node/extensionHostProcess.js:63:2029)
	at d.fire (/usr/lib/code/out/vs/workbench/api/node/extensionHostProcess.js:63:1667)
	at k.$acceptDirtyStateChanged (/usr/lib/code/out/vs/workbench/api/node/extensionHostProcess.js:98:10874)
	at k.$acceptModelSaved (/usr/lib/code/out/vs/workbench/api/node/extensionHostProcess.js:98:10672)
	at l.N (/usr/lib/code/out/vs/workbench/api/node/extensionHostProcess.js:106:11239)
	at l.M (/usr/lib/code/out/vs/workbench/api/node/extensionHostProcess.js:106:10957)
	at l.H (/usr/lib/code/out/vs/workbench/api/node/extensionHostProcess.js:106:10044)
	at l.G (/usr/lib/code/out/vs/workbench/api/node/extensionHostProcess.js:106:9022)
	at /usr/lib/code/out/vs/workbench/api/node/extensionHostProcess.js:106:7810
	at f.invoke (/usr/lib/code/out/vs/workbench/api/node/extensionHostProcess.js:63:145)
	at g.deliver (/usr/lib/code/out/vs/workbench/api/node/extensionHostProcess.js:63:2029)
	at d.fire (/usr/lib/code/out/vs/workbench/api/node/extensionHostProcess.js:63:1667)
	at p.fire (/usr/lib/code/out/vs/workbench/api/node/extensionHostProcess.js:72:14861)
	at /usr/lib/code/out/vs/workbench/api/node/extensionHostProcess.js:122:15815
	at f.invoke (/usr/lib/code/out/vs/workbench/api/node/extensionHostProcess.js:63:145)
	at g.deliver (/usr/lib/code/out/vs/workbench/api/node/extensionHostProcess.js:63:2029)
	at d.fire (/usr/lib/code/out/vs/workbench/api/node/extensionHostProcess.js:63:1667)
	at p.fire (/usr/lib/code/out/vs/workbench/api/node/extensionHostProcess.js:72:14861)
	at t.E (/usr/lib/code/out/vs/workbench/api/node/extensionHostProcess.js:72:18927)
	at /usr/lib/code/out/vs/workbench/api/node/extensionHostProcess.js:72:16915
	at f.invoke (/usr/lib/code/out/vs/workbench/api/node/extensionHostProcess.js:63:145)
	at g.deliver (/usr/lib/code/out/vs/workbench/api/node/extensionHostProcess.js:63:2029)
	at d.fire (/usr/lib/code/out/vs/workbench/api/node/extensionHostProcess.js:63:1667)
	at h.acceptChunk (/usr/lib/code/out/vs/workbench/api/node/extensionHostProcess.js:72:12592)
	at /usr/lib/code/out/vs/workbench/api/node/extensionHostProcess.js:72:11879
	at Socket.t (/usr/lib/code/out/vs/workbench/api/node/extensionHostProcess.js:72:22415)
	at Socket.emit (node:events:526:28)
	at addChunk (node:internal/streams/readable:315:12)
	at readableAddChunk (node:internal/streams/readable:289:9)
	at Readable.push (node:internal/streams/readable:228:10)
	at Pipe.onStreamRead (node:internal/stream_base_commons:190:23)
2023-03-01 15:04:03.557 [error] TypeError: Cannot read properties of undefined (reading 'text')
	at PythonExtension._onChange (/home/alex/.vscode-oss/extensions/tht13.python-0.2.2-universal/out/client/src/pythonMain.js:77:23)
	at f.invoke (/usr/lib/code/out/vs/workbench/api/node/extensionHostProcess.js:63:145)
	at g.deliver (/usr/lib/code/out/vs/workbench/api/node/extensionHostProcess.js:63:2029)
	at d.fire (/usr/lib/code/out/vs/workbench/api/node/extensionHostProcess.js:63:1667)
	at k.$acceptDirtyStateChanged (/usr/lib/code/out/vs/workbench/api/node/extensionHostProcess.js:98:10874)
	at l.N (/usr/lib/code/out/vs/workbench/api/node/extensionHostProcess.js:106:11239)
	at l.M (/usr/lib/code/out/vs/workbench/api/node/extensionHostProcess.js:106:10957)
	at l.H (/usr/lib/code/out/vs/workbench/api/node/extensionHostProcess.js:106:10044)
	at l.G (/usr/lib/code/out/vs/workbench/api/node/extensionHostProcess.js:106:9022)
	at /usr/lib/code/out/vs/workbench/api/node/extensionHostProcess.js:106:7810
	at f.invoke (/usr/lib/code/out/vs/workbench/api/node/extensionHostProcess.js:63:145)
	at g.deliver (/usr/lib/code/out/vs/workbench/api/node/extensionHostProcess.js:63:2029)
	at d.fire (/usr/lib/code/out/vs/workbench/api/node/extensionHostProcess.js:63:1667)
	at p.fire (/usr/lib/code/out/vs/workbench/api/node/extensionHostProcess.js:72:14861)
	at /usr/lib/code/out/vs/workbench/api/node/extensionHostProcess.js:122:15815
	at f.invoke (/usr/lib/code/out/vs/workbench/api/node/extensionHostProcess.js:63:145)
	at g.deliver (/usr/lib/code/out/vs/workbench/api/node/extensionHostProcess.js:63:2029)
	at d.fire (/usr/lib/code/out/vs/workbench/api/node/extensionHostProcess.js:63:1667)
	at p.fire (/usr/lib/code/out/vs/workbench/api/node/extensionHostProcess.js:72:14861)
	at t.E (/usr/lib/code/out/vs/workbench/api/node/extensionHostProcess.js:72:18927)
	at /usr/lib/code/out/vs/workbench/api/node/extensionHostProcess.js:72:16915
	at f.invoke (/usr/lib/code/out/vs/workbench/api/node/extensionHostProcess.js:63:145)
	at g.deliver (/usr/lib/code/out/vs/workbench/api/node/extensionHostProcess.js:63:2029)
	at d.fire (/usr/lib/code/out/vs/workbench/api/node/extensionHostProcess.js:63:1667)
	at h.acceptChunk (/usr/lib/code/out/vs/workbench/api/node/extensionHostProcess.js:72:12592)
	at /usr/lib/code/out/vs/workbench/api/node/extensionHostProcess.js:72:11879
	at Socket.t (/usr/lib/code/out/vs/workbench/api/node/extensionHostProcess.js:72:22415)
	at Socket.emit (node:events:526:28)
	at addChunk (node:internal/streams/readable:315:12)
	at readableAddChunk (node:internal/streams/readable:289:9)
	at Readable.push (node:internal/streams/readable:228:10)
	at Pipe.onStreamRead (node:internal/stream_base_commons:190:23)
2023-03-01 15:04:03.557 [error] TypeError: Cannot read properties of undefined (reading 'text')
	at PythonExtension._onChange (/home/alex/.vscode-oss/extensions/tht13.python-0.2.2-universal/out/client/src/pythonMain.js:77:23)
	at f.invoke (/usr/lib/code/out/vs/workbench/api/node/extensionHostProcess.js:63:145)
	at g.deliver (/usr/lib/code/out/vs/workbench/api/node/extensionHostProcess.js:63:2029)
	at d.fire (/usr/lib/code/out/vs/workbench/api/node/extensionHostProcess.js:63:1667)
	at k.$acceptDirtyStateChanged (/usr/lib/code/out/vs/workbench/api/node/extensionHostProcess.js:98:10874)
	at k.$acceptModelSaved (/usr/lib/code/out/vs/workbench/api/node/extensionHostProcess.js:98:10672)
	at l.N (/usr/lib/code/out/vs/workbench/api/node/extensionHostProcess.js:106:11239)
	at l.M (/usr/lib/code/out/vs/workbench/api/node/extensionHostProcess.js:106:10957)
	at l.H (/usr/lib/code/out/vs/workbench/api/node/extensionHostProcess.js:106:10044)
	at l.G (/usr/lib/code/out/vs/workbench/api/node/extensionHostProcess.js:106:9022)
	at /usr/lib/code/out/vs/workbench/api/node/extensionHostProcess.js:106:7810
	at f.invoke (/usr/lib/code/out/vs/workbench/api/node/extensionHostProcess.js:63:145)
	at g.deliver (/usr/lib/code/out/vs/workbench/api/node/extensionHostProcess.js:63:2029)
	at d.fire (/usr/lib/code/out/vs/workbench/api/node/extensionHostProcess.js:63:1667)
	at p.fire (/usr/lib/code/out/vs/workbench/api/node/extensionHostProcess.js:72:14861)
	at /usr/lib/code/out/vs/workbench/api/node/extensionHostProcess.js:122:15815
	at f.invoke (/usr/lib/code/out/vs/workbench/api/node/extensionHostProcess.js:63:145)
	at g.deliver (/usr/lib/code/out/vs/workbench/api/node/extensionHostProcess.js:63:2029)
	at d.fire (/usr/lib/code/out/vs/workbench/api/node/extensionHostProcess.js:63:1667)
	at p.fire (/usr/lib/code/out/vs/workbench/api/node/extensionHostProcess.js:72:14861)
	at t.E (/usr/lib/code/out/vs/workbench/api/node/extensionHostProcess.js:72:18927)
	at /usr/lib/code/out/vs/workbench/api/node/extensionHostProcess.js:72:16915
	at f.invoke (/usr/lib/code/out/vs/workbench/api/node/extensionHostProcess.js:63:145)
	at g.deliver (/usr/lib/code/out/vs/workbench/api/node/extensionHostProcess.js:63:2029)
	at d.fire (/usr/lib/code/out/vs/workbench/api/node/extensionHostProcess.js:63:1667)
	at h.acceptChunk (/usr/lib/code/out/vs/workbench/api/node/extensionHostProcess.js:72:12592)
	at /usr/lib/code/out/vs/workbench/api/node/extensionHostProcess.js:72:11879
	at Socket.t (/usr/lib/code/out/vs/workbench/api/node/extensionHostProcess.js:72:22415)
	at Socket.emit (node:events:526:28)
	at addChunk (node:internal/streams/readable:315:12)
	at readableAddChunk (node:internal/streams/readable:289:9)
	at Readable.push (node:internal/streams/readable:228:10)
	at Pipe.onStreamRead (node:internal/stream_base_commons:190:23)
2023-03-01 15:04:03.558 [error] Error: Channel closed
	at new NodeError (node:internal/errors:371:5)
	at target.send (node:internal/child_process:741:16)
	at IPCMessageWriter.write (/home/alex/.vscode-oss/extensions/tht13.python-0.2.2-universal/node_modules/vscode-jsonrpc/lib/messageWriter.js:34:22)
	at Object.sendNotification (/home/alex/.vscode-oss/extensions/tht13.python-0.2.2-universal/node_modules/vscode-jsonrpc/lib/main.js:180:27)
	at Object.didChangeTextDocument (/home/alex/.vscode-oss/extensions/tht13.python-0.2.2-universal/node_modules/vscode-languageclient/lib/main.js:55:70)
	at Delayer.<anonymous> (/home/alex/.vscode-oss/extensions/tht13.python-0.2.2-universal/node_modules/vscode-languageclient/lib/main.js:373:28)
	at Delayer.forceDelivery (/home/alex/.vscode-oss/extensions/tht13.python-0.2.2-universal/node_modules/vscode-languageclient/lib/utils/async.js:45:27)
	at LanguageClient.forceDocumentSync (/home/alex/.vscode-oss/extensions/tht13.python-0.2.2-universal/node_modules/vscode-languageclient/lib/main.js:385:39)
	at LanguageClient.doSendRequest (/home/alex/.vscode-oss/extensions/tht13.python-0.2.2-universal/node_modules/vscode-languageclient/lib/main.js:166:18)
	at /home/alex/.vscode-oss/extensions/tht13.python-0.2.2-universal/node_modules/vscode-languageclient/lib/main.js:160:30
	at process.processTicksAndRejections (node:internal/process/task_queues:96:5)
2023-03-01 15:04:03.558 [error] Error: Channel closed
	at new NodeError (node:internal/errors:371:5)
	at target.send (node:internal/child_process:741:16)
	at IPCMessageWriter.write (/home/alex/.vscode-oss/extensions/tht13.python-0.2.2-universal/node_modules/vscode-jsonrpc/lib/messageWriter.js:34:22)
	at /home/alex/.vscode-oss/extensions/tht13.python-0.2.2-universal/node_modules/vscode-jsonrpc/lib/main.js:195:31
	at new Promise (<anonymous>)
	at Object.sendRequest (/home/alex/.vscode-oss/extensions/tht13.python-0.2.2-universal/node_modules/vscode-jsonrpc/lib/main.js:186:20)
	at Object.sendRequest (/home/alex/.vscode-oss/extensions/tht13.python-0.2.2-universal/node_modules/vscode-languageclient/lib/main.js:43:66)
	at LanguageClient.doSendRequest (/home/alex/.vscode-oss/extensions/tht13.python-0.2.2-universal/node_modules/vscode-languageclient/lib/main.js:167:31)
	at /home/alex/.vscode-oss/extensions/tht13.python-0.2.2-universal/node_modules/vscode-languageclient/lib/main.js:160:30
	at process.processTicksAndRejections (node:internal/process/task_queues:96:5)
2023-03-01 15:04:03.558 [error] Error: Channel closed
	at new NodeError (node:internal/errors:371:5)
	at target.send (node:internal/child_process:741:16)
	at IPCMessageWriter.write (/home/alex/.vscode-oss/extensions/tht13.python-0.2.2-universal/node_modules/vscode-jsonrpc/lib/messageWriter.js:34:22)
	at /home/alex/.vscode-oss/extensions/tht13.python-0.2.2-universal/node_modules/vscode-jsonrpc/lib/main.js:195:31
	at new Promise (<anonymous>)
	at Object.sendRequest (/home/alex/.vscode-oss/extensions/tht13.python-0.2.2-universal/node_modules/vscode-jsonrpc/lib/main.js:186:20)
	at Object.sendRequest (/home/alex/.vscode-oss/extensions/tht13.python-0.2.2-universal/node_modules/vscode-languageclient/lib/main.js:43:66)
	at LanguageClient.doSendRequest (/home/alex/.vscode-oss/extensions/tht13.python-0.2.2-universal/node_modules/vscode-languageclient/lib/main.js:167:31)
	at /home/alex/.vscode-oss/extensions/tht13.python-0.2.2-universal/node_modules/vscode-languageclient/lib/main.js:160:30
	at process.processTicksAndRejections (node:internal/process/task_queues:96:5)
2023-03-01 15:04:03.598 [error] TypeError: Cannot read properties of undefined (reading 'text')
	at PythonExtension._onChange (/home/alex/.vscode-oss/extensions/tht13.python-0.2.2-universal/out/client/src/pythonMain.js:77:23)
	at f.invoke (/usr/lib/code/out/vs/workbench/api/node/extensionHostProcess.js:63:145)
	at g.deliver (/usr/lib/code/out/vs/workbench/api/node/extensionHostProcess.js:63:2029)
	at d.fire (/usr/lib/code/out/vs/workbench/api/node/extensionHostProcess.js:63:1667)
	at k.$acceptDirtyStateChanged (/usr/lib/code/out/vs/workbench/api/node/extensionHostProcess.js:98:10874)
	at l.N (/usr/lib/code/out/vs/workbench/api/node/extensionHostProcess.js:106:11239)
	at l.M (/usr/lib/code/out/vs/workbench/api/node/extensionHostProcess.js:106:10957)
	at l.H (/usr/lib/code/out/vs/workbench/api/node/extensionHostProcess.js:106:10044)
	at l.G (/usr/lib/code/out/vs/workbench/api/node/extensionHostProcess.js:106:9022)
	at /usr/lib/code/out/vs/workbench/api/node/extensionHostProcess.js:106:7810
	at f.invoke (/usr/lib/code/out/vs/workbench/api/node/extensionHostProcess.js:63:145)
	at g.deliver (/usr/lib/code/out/vs/workbench/api/node/extensionHostProcess.js:63:2029)
	at d.fire (/usr/lib/code/out/vs/workbench/api/node/extensionHostProcess.js:63:1667)
	at p.fire (/usr/lib/code/out/vs/workbench/api/node/extensionHostProcess.js:72:14861)
	at /usr/lib/code/out/vs/workbench/api/node/extensionHostProcess.js:122:15815
	at f.invoke (/usr/lib/code/out/vs/workbench/api/node/extensionHostProcess.js:63:145)
	at g.deliver (/usr/lib/code/out/vs/workbench/api/node/extensionHostProcess.js:63:2029)
	at d.fire (/usr/lib/code/out/vs/workbench/api/node/extensionHostProcess.js:63:1667)
	at p.fire (/usr/lib/code/out/vs/workbench/api/node/extensionHostProcess.js:72:14861)
	at t.E (/usr/lib/code/out/vs/workbench/api/node/extensionHostProcess.js:72:18927)
	at /usr/lib/code/out/vs/workbench/api/node/extensionHostProcess.js:72:16915
	at f.invoke (/usr/lib/code/out/vs/workbench/api/node/extensionHostProcess.js:63:145)
	at g.deliver (/usr/lib/code/out/vs/workbench/api/node/extensionHostProcess.js:63:2029)
	at d.fire (/usr/lib/code/out/vs/workbench/api/node/extensionHostProcess.js:63:1667)
	at h.acceptChunk (/usr/lib/code/out/vs/workbench/api/node/extensionHostProcess.js:72:12592)
	at /usr/lib/code/out/vs/workbench/api/node/extensionHostProcess.js:72:11879
	at Socket.t (/usr/lib/code/out/vs/workbench/api/node/extensionHostProcess.js:72:22415)
	at Socket.emit (node:events:526:28)
	at addChunk (node:internal/streams/readable:315:12)
	at readableAddChunk (node:internal/streams/readable:289:9)
	at Readable.push (node:internal/streams/readable:228:10)
	at Pipe.onStreamRead (node:internal/stream_base_commons:190:23)
2023-03-01 15:04:03.599 [error] TypeError: Cannot read properties of undefined (reading 'text')
	at PythonExtension._onChange (/home/alex/.vscode-oss/extensions/tht13.python-0.2.2-universal/out/client/src/pythonMain.js:77:23)
	at f.invoke (/usr/lib/code/out/vs/workbench/api/node/extensionHostProcess.js:63:145)
	at g.deliver (/usr/lib/code/out/vs/workbench/api/node/extensionHostProcess.js:63:2029)
	at d.fire (/usr/lib/code/out/vs/workbench/api/node/extensionHostProcess.js:63:1667)
	at k.$acceptDirtyStateChanged (/usr/lib/code/out/vs/workbench/api/node/extensionHostProcess.js:98:10874)
	at k.$acceptModelSaved (/usr/lib/code/out/vs/workbench/api/node/extensionHostProcess.js:98:10672)
	at l.N (/usr/lib/code/out/vs/workbench/api/node/extensionHostProcess.js:106:11239)
	at l.M (/usr/lib/code/out/vs/workbench/api/node/extensionHostProcess.js:106:10957)
	at l.H (/usr/lib/code/out/vs/workbench/api/node/extensionHostProcess.js:106:10044)
	at l.G (/usr/lib/code/out/vs/workbench/api/node/extensionHostProcess.js:106:9022)
	at /usr/lib/code/out/vs/workbench/api/node/extensionHostProcess.js:106:7810
	at f.invoke (/usr/lib/code/out/vs/workbench/api/node/extensionHostProcess.js:63:145)
	at g.deliver (/usr/lib/code/out/vs/workbench/api/node/extensionHostProcess.js:63:2029)
	at d.fire (/usr/lib/code/out/vs/workbench/api/node/extensionHostProcess.js:63:1667)
	at p.fire (/usr/lib/code/out/vs/workbench/api/node/extensionHostProcess.js:72:14861)
	at /usr/lib/code/out/vs/workbench/api/node/extensionHostProcess.js:122:15815
	at f.invoke (/usr/lib/code/out/vs/workbench/api/node/extensionHostProcess.js:63:145)
	at g.deliver (/usr/lib/code/out/vs/workbench/api/node/extensionHostProcess.js:63:2029)
	at d.fire (/usr/lib/code/out/vs/workbench/api/node/extensionHostProcess.js:63:1667)
	at p.fire (/usr/lib/code/out/vs/workbench/api/node/extensionHostProcess.js:72:14861)
	at t.E (/usr/lib/code/out/vs/workbench/api/node/extensionHostProcess.js:72:18927)
	at /usr/lib/code/out/vs/workbench/api/node/extensionHostProcess.js:72:16915
	at f.invoke (/usr/lib/code/out/vs/workbench/api/node/extensionHostProcess.js:63:145)
	at g.deliver (/usr/lib/code/out/vs/workbench/api/node/extensionHostProcess.js:63:2029)
	at d.fire (/usr/lib/code/out/vs/workbench/api/node/extensionHostProcess.js:63:1667)
	at h.acceptChunk (/usr/lib/code/out/vs/workbench/api/node/extensionHostProcess.js:72:12592)
	at /usr/lib/code/out/vs/workbench/api/node/extensionHostProcess.js:72:11879
	at Socket.t (/usr/lib/code/out/vs/workbench/api/node/extensionHostProcess.js:72:22415)
	at Socket.emit (node:events:526:28)
	at addChunk (node:internal/streams/readable:315:12)
	at readableAddChunk (node:internal/streams/readable:289:9)
	at Readable.push (node:internal/streams/readable:228:10)
	at Pipe.onStreamRead (node:internal/stream_base_commons:190:23)
2023-03-01 15:04:03.600 [error] TypeError: Cannot read properties of undefined (reading 'text')
	at PythonExtension._onChange (/home/alex/.vscode-oss/extensions/tht13.python-0.2.2-universal/out/client/src/pythonMain.js:77:23)
	at f.invoke (/usr/lib/code/out/vs/workbench/api/node/extensionHostProcess.js:63:145)
	at g.deliver (/usr/lib/code/out/vs/workbench/api/node/extensionHostProcess.js:63:2029)
	at d.fire (/usr/lib/code/out/vs/workbench/api/node/extensionHostProcess.js:63:1667)
	at k.$acceptDirtyStateChanged (/usr/lib/code/out/vs/workbench/api/node/extensionHostProcess.js:98:10874)
	at l.N (/usr/lib/code/out/vs/workbench/api/node/extensionHostProcess.js:106:11239)
	at l.M (/usr/lib/code/out/vs/workbench/api/node/extensionHostProcess.js:106:10957)
	at l.H (/usr/lib/code/out/vs/workbench/api/node/extensionHostProcess.js:106:10044)
	at l.G (/usr/lib/code/out/vs/workbench/api/node/extensionHostProcess.js:106:9022)
	at /usr/lib/code/out/vs/workbench/api/node/extensionHostProcess.js:106:7810
	at f.invoke (/usr/lib/code/out/vs/workbench/api/node/extensionHostProcess.js:63:145)
	at g.deliver (/usr/lib/code/out/vs/workbench/api/node/extensionHostProcess.js:63:2029)
	at d.fire (/usr/lib/code/out/vs/workbench/api/node/extensionHostProcess.js:63:1667)
	at p.fire (/usr/lib/code/out/vs/workbench/api/node/extensionHostProcess.js:72:14861)
	at /usr/lib/code/out/vs/workbench/api/node/extensionHostProcess.js:122:15815
	at f.invoke (/usr/lib/code/out/vs/workbench/api/node/extensionHostProcess.js:63:145)
	at g.deliver (/usr/lib/code/out/vs/workbench/api/node/extensionHostProcess.js:63:2029)
	at d.fire (/usr/lib/code/out/vs/workbench/api/node/extensionHostProcess.js:63:1667)
	at p.fire (/usr/lib/code/out/vs/workbench/api/node/extensionHostProcess.js:72:14861)
	at t.E (/usr/lib/code/out/vs/workbench/api/node/extensionHostProcess.js:72:18927)
	at /usr/lib/code/out/vs/workbench/api/node/extensionHostProcess.js:72:16915
	at f.invoke (/usr/lib/code/out/vs/workbench/api/node/extensionHostProcess.js:63:145)
	at g.deliver (/usr/lib/code/out/vs/workbench/api/node/extensionHostProcess.js:63:2029)
	at d.fire (/usr/lib/code/out/vs/workbench/api/node/extensionHostProcess.js:63:1667)
	at h.acceptChunk (/usr/lib/code/out/vs/workbench/api/node/extensionHostProcess.js:72:12592)
	at /usr/lib/code/out/vs/workbench/api/node/extensionHostProcess.js:72:11879
	at Socket.t (/usr/lib/code/out/vs/workbench/api/node/extensionHostProcess.js:72:22415)
	at Socket.emit (node:events:526:28)
	at addChunk (node:internal/streams/readable:315:12)
	at readableAddChunk (node:internal/streams/readable:289:9)
	at Readable.push (node:internal/streams/readable:228:10)
	at Pipe.onStreamRead (node:internal/stream_base_commons:190:23)
2023-03-01 15:04:03.600 [error] TypeError: Cannot read properties of undefined (reading 'text')
	at PythonExtension._onChange (/home/alex/.vscode-oss/extensions/tht13.python-0.2.2-universal/out/client/src/pythonMain.js:77:23)
	at f.invoke (/usr/lib/code/out/vs/workbench/api/node/extensionHostProcess.js:63:145)
	at g.deliver (/usr/lib/code/out/vs/workbench/api/node/extensionHostProcess.js:63:2029)
	at d.fire (/usr/lib/code/out/vs/workbench/api/node/extensionHostProcess.js:63:1667)
	at k.$acceptDirtyStateChanged (/usr/lib/code/out/vs/workbench/api/node/extensionHostProcess.js:98:10874)
	at k.$acceptModelSaved (/usr/lib/code/out/vs/workbench/api/node/extensionHostProcess.js:98:10672)
	at l.N (/usr/lib/code/out/vs/workbench/api/node/extensionHostProcess.js:106:11239)
	at l.M (/usr/lib/code/out/vs/workbench/api/node/extensionHostProcess.js:106:10957)
	at l.H (/usr/lib/code/out/vs/workbench/api/node/extensionHostProcess.js:106:10044)
	at l.G (/usr/lib/code/out/vs/workbench/api/node/extensionHostProcess.js:106:9022)
	at /usr/lib/code/out/vs/workbench/api/node/extensionHostProcess.js:106:7810
	at f.invoke (/usr/lib/code/out/vs/workbench/api/node/extensionHostProcess.js:63:145)
	at g.deliver (/usr/lib/code/out/vs/workbench/api/node/extensionHostProcess.js:63:2029)
	at d.fire (/usr/lib/code/out/vs/workbench/api/node/extensionHostProcess.js:63:1667)
	at p.fire (/usr/lib/code/out/vs/workbench/api/node/extensionHostProcess.js:72:14861)
	at /usr/lib/code/out/vs/workbench/api/node/extensionHostProcess.js:122:15815
	at f.invoke (/usr/lib/code/out/vs/workbench/api/node/extensionHostProcess.js:63:145)
	at g.deliver (/usr/lib/code/out/vs/workbench/api/node/extensionHostProcess.js:63:2029)
	at d.fire (/usr/lib/code/out/vs/workbench/api/node/extensionHostProcess.js:63:1667)
	at p.fire (/usr/lib/code/out/vs/workbench/api/node/extensionHostProcess.js:72:14861)
	at t.E (/usr/lib/code/out/vs/workbench/api/node/extensionHostProcess.js:72:18927)
	at /usr/lib/code/out/vs/workbench/api/node/extensionHostProcess.js:72:16915
	at f.invoke (/usr/lib/code/out/vs/workbench/api/node/extensionHostProcess.js:63:145)
	at g.deliver (/usr/lib/code/out/vs/workbench/api/node/extensionHostProcess.js:63:2029)
	at d.fire (/usr/lib/code/out/vs/workbench/api/node/extensionHostProcess.js:63:1667)
	at h.acceptChunk (/usr/lib/code/out/vs/workbench/api/node/extensionHostProcess.js:72:12592)
	at /usr/lib/code/out/vs/workbench/api/node/extensionHostProcess.js:72:11879
	at Socket.t (/usr/lib/code/out/vs/workbench/api/node/extensionHostProcess.js:72:22415)
	at Socket.emit (node:events:526:28)
	at addChunk (node:internal/streams/readable:315:12)
	at readableAddChunk (node:internal/streams/readable:289:9)
	at Readable.push (node:internal/streams/readable:228:10)
	at Pipe.onStreamRead (node:internal/stream_base_commons:190:23)
2023-03-01 15:04:03.601 [error] TypeError: Cannot read properties of undefined (reading 'text')
	at PythonExtension._onChange (/home/alex/.vscode-oss/extensions/tht13.python-0.2.2-universal/out/client/src/pythonMain.js:77:23)
	at f.invoke (/usr/lib/code/out/vs/workbench/api/node/extensionHostProcess.js:63:145)
	at g.deliver (/usr/lib/code/out/vs/workbench/api/node/extensionHostProcess.js:63:2029)
	at d.fire (/usr/lib/code/out/vs/workbench/api/node/extensionHostProcess.js:63:1667)
	at k.$acceptDirtyStateChanged (/usr/lib/code/out/vs/workbench/api/node/extensionHostProcess.js:98:10874)
	at l.N (/usr/lib/code/out/vs/workbench/api/node/extensionHostProcess.js:106:11239)
	at l.M (/usr/lib/code/out/vs/workbench/api/node/extensionHostProcess.js:106:10957)
	at l.H (/usr/lib/code/out/vs/workbench/api/node/extensionHostProcess.js:106:10044)
	at l.G (/usr/lib/code/out/vs/workbench/api/node/extensionHostProcess.js:106:9022)
	at /usr/lib/code/out/vs/workbench/api/node/extensionHostProcess.js:106:7810
	at f.invoke (/usr/lib/code/out/vs/workbench/api/node/extensionHostProcess.js:63:145)
	at g.deliver (/usr/lib/code/out/vs/workbench/api/node/extensionHostProcess.js:63:2029)
	at d.fire (/usr/lib/code/out/vs/workbench/api/node/extensionHostProcess.js:63:1667)
	at p.fire (/usr/lib/code/out/vs/workbench/api/node/extensionHostProcess.js:72:14861)
	at /usr/lib/code/out/vs/workbench/api/node/extensionHostProcess.js:122:15815
	at f.invoke (/usr/lib/code/out/vs/workbench/api/node/extensionHostProcess.js:63:145)
	at g.deliver (/usr/lib/code/out/vs/workbench/api/node/extensionHostProcess.js:63:2029)
	at d.fire (/usr/lib/code/out/vs/workbench/api/node/extensionHostProcess.js:63:1667)
	at p.fire (/usr/lib/code/out/vs/workbench/api/node/extensionHostProcess.js:72:14861)
	at t.E (/usr/lib/code/out/vs/workbench/api/node/extensionHostProcess.js:72:18927)
	at /usr/lib/code/out/vs/workbench/api/node/extensionHostProcess.js:72:16915
	at f.invoke (/usr/lib/code/out/vs/workbench/api/node/extensionHostProcess.js:63:145)
	at g.deliver (/usr/lib/code/out/vs/workbench/api/node/extensionHostProcess.js:63:2029)
	at d.fire (/usr/lib/code/out/vs/workbench/api/node/extensionHostProcess.js:63:1667)
	at h.acceptChunk (/usr/lib/code/out/vs/workbench/api/node/extensionHostProcess.js:72:12592)
	at /usr/lib/code/out/vs/workbench/api/node/extensionHostProcess.js:72:11879
	at Socket.t (/usr/lib/code/out/vs/workbench/api/node/extensionHostProcess.js:72:22415)
	at Socket.emit (node:events:526:28)
	at addChunk (node:internal/streams/readable:315:12)
	at readableAddChunk (node:internal/streams/readable:289:9)
	at Readable.push (node:internal/streams/readable:228:10)
	at Pipe.onStreamRead (node:internal/stream_base_commons:190:23)
2023-03-01 15:04:03.602 [error] TypeError: Cannot read properties of undefined (reading 'text')
	at PythonExtension._onChange (/home/alex/.vscode-oss/extensions/tht13.python-0.2.2-universal/out/client/src/pythonMain.js:77:23)
	at f.invoke (/usr/lib/code/out/vs/workbench/api/node/extensionHostProcess.js:63:145)
	at g.deliver (/usr/lib/code/out/vs/workbench/api/node/extensionHostProcess.js:63:2029)
	at d.fire (/usr/lib/code/out/vs/workbench/api/node/extensionHostProcess.js:63:1667)
	at k.$acceptDirtyStateChanged (/usr/lib/code/out/vs/workbench/api/node/extensionHostProcess.js:98:10874)
	at k.$acceptModelSaved (/usr/lib/code/out/vs/workbench/api/node/extensionHostProcess.js:98:10672)
	at l.N (/usr/lib/code/out/vs/workbench/api/node/extensionHostProcess.js:106:11239)
	at l.M (/usr/lib/code/out/vs/workbench/api/node/extensionHostProcess.js:106:10957)
	at l.H (/usr/lib/code/out/vs/workbench/api/node/extensionHostProcess.js:106:10044)
	at l.G (/usr/lib/code/out/vs/workbench/api/node/extensionHostProcess.js:106:9022)
	at /usr/lib/code/out/vs/workbench/api/node/extensionHostProcess.js:106:7810
	at f.invoke (/usr/lib/code/out/vs/workbench/api/node/extensionHostProcess.js:63:145)
	at g.deliver (/usr/lib/code/out/vs/workbench/api/node/extensionHostProcess.js:63:2029)
	at d.fire (/usr/lib/code/out/vs/workbench/api/node/extensionHostProcess.js:63:1667)
	at p.fire (/usr/lib/code/out/vs/workbench/api/node/extensionHostProcess.js:72:14861)
	at /usr/lib/code/out/vs/workbench/api/node/extensionHostProcess.js:122:15815
	at f.invoke (/usr/lib/code/out/vs/workbench/api/node/extensionHostProcess.js:63:145)
	at g.deliver (/usr/lib/code/out/vs/workbench/api/node/extensionHostProcess.js:63:2029)
	at d.fire (/usr/lib/code/out/vs/workbench/api/node/extensionHostProcess.js:63:1667)
	at p.fire (/usr/lib/code/out/vs/workbench/api/node/extensionHostProcess.js:72:14861)
	at t.E (/usr/lib/code/out/vs/workbench/api/node/extensionHostProcess.js:72:18927)
	at /usr/lib/code/out/vs/workbench/api/node/extensionHostProcess.js:72:16915
	at f.invoke (/usr/lib/code/out/vs/workbench/api/node/extensionHostProcess.js:63:145)
	at g.deliver (/usr/lib/code/out/vs/workbench/api/node/extensionHostProcess.js:63:2029)
	at d.fire (/usr/lib/code/out/vs/workbench/api/node/extensionHostProcess.js:63:1667)
	at h.acceptChunk (/usr/lib/code/out/vs/workbench/api/node/extensionHostProcess.js:72:12592)
	at /usr/lib/code/out/vs/workbench/api/node/extensionHostProcess.js:72:11879
	at Socket.t (/usr/lib/code/out/vs/workbench/api/node/extensionHostProcess.js:72:22415)
	at Socket.emit (node:events:526:28)
	at addChunk (node:internal/streams/readable:315:12)
	at readableAddChunk (node:internal/streams/readable:289:9)
	at Readable.push (node:internal/streams/readable:228:10)
	at Pipe.onStreamRead (node:internal/stream_base_commons:190:23)
2023-03-01 15:04:03.602 [error] TypeError: Cannot read properties of undefined (reading 'text')
	at PythonExtension._onChange (/home/alex/.vscode-oss/extensions/tht13.python-0.2.2-universal/out/client/src/pythonMain.js:77:23)
	at f.invoke (/usr/lib/code/out/vs/workbench/api/node/extensionHostProcess.js:63:145)
	at g.deliver (/usr/lib/code/out/vs/workbench/api/node/extensionHostProcess.js:63:2029)
	at d.fire (/usr/lib/code/out/vs/workbench/api/node/extensionHostProcess.js:63:1667)
	at k.$acceptDirtyStateChanged (/usr/lib/code/out/vs/workbench/api/node/extensionHostProcess.js:98:10874)
	at l.N (/usr/lib/code/out/vs/workbench/api/node/extensionHostProcess.js:106:11239)
	at l.M (/usr/lib/code/out/vs/workbench/api/node/extensionHostProcess.js:106:10957)
	at l.H (/usr/lib/code/out/vs/workbench/api/node/extensionHostProcess.js:106:10044)
	at l.G (/usr/lib/code/out/vs/workbench/api/node/extensionHostProcess.js:106:9022)
	at /usr/lib/code/out/vs/workbench/api/node/extensionHostProcess.js:106:7810
	at f.invoke (/usr/lib/code/out/vs/workbench/api/node/extensionHostProcess.js:63:145)
	at g.deliver (/usr/lib/code/out/vs/workbench/api/node/extensionHostProcess.js:63:2029)
	at d.fire (/usr/lib/code/out/vs/workbench/api/node/extensionHostProcess.js:63:1667)
	at p.fire (/usr/lib/code/out/vs/workbench/api/node/extensionHostProcess.js:72:14861)
	at /usr/lib/code/out/vs/workbench/api/node/extensionHostProcess.js:122:15815
	at f.invoke (/usr/lib/code/out/vs/workbench/api/node/extensionHostProcess.js:63:145)
	at g.deliver (/usr/lib/code/out/vs/workbench/api/node/extensionHostProcess.js:63:2029)
	at d.fire (/usr/lib/code/out/vs/workbench/api/node/extensionHostProcess.js:63:1667)
	at p.fire (/usr/lib/code/out/vs/workbench/api/node/extensionHostProcess.js:72:14861)
	at t.E (/usr/lib/code/out/vs/workbench/api/node/extensionHostProcess.js:72:18927)
	at /usr/lib/code/out/vs/workbench/api/node/extensionHostProcess.js:72:16915
	at f.invoke (/usr/lib/code/out/vs/workbench/api/node/extensionHostProcess.js:63:145)
	at g.deliver (/usr/lib/code/out/vs/workbench/api/node/extensionHostProcess.js:63:2029)
	at d.fire (/usr/lib/code/out/vs/workbench/api/node/extensionHostProcess.js:63:1667)
	at h.acceptChunk (/usr/lib/code/out/vs/workbench/api/node/extensionHostProcess.js:72:12592)
	at /usr/lib/code/out/vs/workbench/api/node/extensionHostProcess.js:72:11879
	at Socket.t (/usr/lib/code/out/vs/workbench/api/node/extensionHostProcess.js:72:22415)
	at Socket.emit (node:events:526:28)
	at addChunk (node:internal/streams/readable:315:12)
	at readableAddChunk (node:internal/streams/readable:289:9)
	at Readable.push (node:internal/streams/readable:228:10)
	at Pipe.onStreamRead (node:internal/stream_base_commons:190:23)
2023-03-01 15:04:03.603 [error] TypeError: Cannot read properties of undefined (reading 'text')
	at PythonExtension._onChange (/home/alex/.vscode-oss/extensions/tht13.python-0.2.2-universal/out/client/src/pythonMain.js:77:23)
	at f.invoke (/usr/lib/code/out/vs/workbench/api/node/extensionHostProcess.js:63:145)
	at g.deliver (/usr/lib/code/out/vs/workbench/api/node/extensionHostProcess.js:63:2029)
	at d.fire (/usr/lib/code/out/vs/workbench/api/node/extensionHostProcess.js:63:1667)
	at k.$acceptDirtyStateChanged (/usr/lib/code/out/vs/workbench/api/node/extensionHostProcess.js:98:10874)
	at k.$acceptModelSaved (/usr/lib/code/out/vs/workbench/api/node/extensionHostProcess.js:98:10672)
	at l.N (/usr/lib/code/out/vs/workbench/api/node/extensionHostProcess.js:106:11239)
	at l.M (/usr/lib/code/out/vs/workbench/api/node/extensionHostProcess.js:106:10957)
	at l.H (/usr/lib/code/out/vs/workbench/api/node/extensionHostProcess.js:106:10044)
	at l.G (/usr/lib/code/out/vs/workbench/api/node/extensionHostProcess.js:106:9022)
	at /usr/lib/code/out/vs/workbench/api/node/extensionHostProcess.js:106:7810
	at f.invoke (/usr/lib/code/out/vs/workbench/api/node/extensionHostProcess.js:63:145)
	at g.deliver (/usr/lib/code/out/vs/workbench/api/node/extensionHostProcess.js:63:2029)
	at d.fire (/usr/lib/code/out/vs/workbench/api/node/extensionHostProcess.js:63:1667)
	at p.fire (/usr/lib/code/out/vs/workbench/api/node/extensionHostProcess.js:72:14861)
	at /usr/lib/code/out/vs/workbench/api/node/extensionHostProcess.js:122:15815
	at f.invoke (/usr/lib/code/out/vs/workbench/api/node/extensionHostProcess.js:63:145)
	at g.deliver (/usr/lib/code/out/vs/workbench/api/node/extensionHostProcess.js:63:2029)
	at d.fire (/usr/lib/code/out/vs/workbench/api/node/extensionHostProcess.js:63:1667)
	at p.fire (/usr/lib/code/out/vs/workbench/api/node/extensionHostProcess.js:72:14861)
	at t.E (/usr/lib/code/out/vs/workbench/api/node/extensionHostProcess.js:72:18927)
	at /usr/lib/code/out/vs/workbench/api/node/extensionHostProcess.js:72:16915
	at f.invoke (/usr/lib/code/out/vs/workbench/api/node/extensionHostProcess.js:63:145)
	at g.deliver (/usr/lib/code/out/vs/workbench/api/node/extensionHostProcess.js:63:2029)
	at d.fire (/usr/lib/code/out/vs/workbench/api/node/extensionHostProcess.js:63:1667)
	at h.acceptChunk (/usr/lib/code/out/vs/workbench/api/node/extensionHostProcess.js:72:12592)
	at /usr/lib/code/out/vs/workbench/api/node/extensionHostProcess.js:72:11879
	at Socket.t (/usr/lib/code/out/vs/workbench/api/node/extensionHostProcess.js:72:22415)
	at Socket.emit (node:events:526:28)
	at addChunk (node:internal/streams/readable:315:12)
	at readableAddChunk (node:internal/streams/readable:289:9)
	at Readable.push (node:internal/streams/readable:228:10)
	at Pipe.onStreamRead (node:internal/stream_base_commons:190:23)
2023-03-01 15:04:03.603 [error] TypeError: Cannot read properties of undefined (reading 'text')
	at PythonExtension._onChange (/home/alex/.vscode-oss/extensions/tht13.python-0.2.2-universal/out/client/src/pythonMain.js:77:23)
	at f.invoke (/usr/lib/code/out/vs/workbench/api/node/extensionHostProcess.js:63:145)
	at g.deliver (/usr/lib/code/out/vs/workbench/api/node/extensionHostProcess.js:63:2029)
	at d.fire (/usr/lib/code/out/vs/workbench/api/node/extensionHostProcess.js:63:1667)
	at k.$acceptDirtyStateChanged (/usr/lib/code/out/vs/workbench/api/node/extensionHostProcess.js:98:10874)
	at l.N (/usr/lib/code/out/vs/workbench/api/node/extensionHostProcess.js:106:11239)
	at l.M (/usr/lib/code/out/vs/workbench/api/node/extensionHostProcess.js:106:10957)
	at l.H (/usr/lib/code/out/vs/workbench/api/node/extensionHostProcess.js:106:10044)
	at l.G (/usr/lib/code/out/vs/workbench/api/node/extensionHostProcess.js:106:9022)
	at /usr/lib/code/out/vs/workbench/api/node/extensionHostProcess.js:106:7810
	at f.invoke (/usr/lib/code/out/vs/workbench/api/node/extensionHostProcess.js:63:145)
	at g.deliver (/usr/lib/code/out/vs/workbench/api/node/extensionHostProcess.js:63:2029)
	at d.fire (/usr/lib/code/out/vs/workbench/api/node/extensionHostProcess.js:63:1667)
	at p.fire (/usr/lib/code/out/vs/workbench/api/node/extensionHostProcess.js:72:14861)
	at /usr/lib/code/out/vs/workbench/api/node/extensionHostProcess.js:122:15815
	at f.invoke (/usr/lib/code/out/vs/workbench/api/node/extensionHostProcess.js:63:145)
	at g.deliver (/usr/lib/code/out/vs/workbench/api/node/extensionHostProcess.js:63:2029)
	at d.fire (/usr/lib/code/out/vs/workbench/api/node/extensionHostProcess.js:63:1667)
	at p.fire (/usr/lib/code/out/vs/workbench/api/node/extensionHostProcess.js:72:14861)
	at t.E (/usr/lib/code/out/vs/workbench/api/node/extensionHostProcess.js:72:18927)
	at /usr/lib/code/out/vs/workbench/api/node/extensionHostProcess.js:72:16915
	at f.invoke (/usr/lib/code/out/vs/workbench/api/node/extensionHostProcess.js:63:145)
	at g.deliver (/usr/lib/code/out/vs/workbench/api/node/extensionHostProcess.js:63:2029)
	at d.fire (/usr/lib/code/out/vs/workbench/api/node/extensionHostProcess.js:63:1667)
	at h.acceptChunk (/usr/lib/code/out/vs/workbench/api/node/extensionHostProcess.js:72:12592)
	at /usr/lib/code/out/vs/workbench/api/node/extensionHostProcess.js:72:11879
	at Socket.t (/usr/lib/code/out/vs/workbench/api/node/extensionHostProcess.js:72:22415)
	at Socket.emit (node:events:526:28)
	at addChunk (node:internal/streams/readable:315:12)
	at readableAddChunk (node:internal/streams/readable:289:9)
	at Readable.push (node:internal/streams/readable:228:10)
	at Pipe.onStreamRead (node:internal/stream_base_commons:190:23)
2023-03-01 15:04:03.604 [error] TypeError: Cannot read properties of undefined (reading 'text')
	at PythonExtension._onChange (/home/alex/.vscode-oss/extensions/tht13.python-0.2.2-universal/out/client/src/pythonMain.js:77:23)
	at f.invoke (/usr/lib/code/out/vs/workbench/api/node/extensionHostProcess.js:63:145)
	at g.deliver (/usr/lib/code/out/vs/workbench/api/node/extensionHostProcess.js:63:2029)
	at d.fire (/usr/lib/code/out/vs/workbench/api/node/extensionHostProcess.js:63:1667)
	at k.$acceptDirtyStateChanged (/usr/lib/code/out/vs/workbench/api/node/extensionHostProcess.js:98:10874)
	at k.$acceptModelSaved (/usr/lib/code/out/vs/workbench/api/node/extensionHostProcess.js:98:10672)
	at l.N (/usr/lib/code/out/vs/workbench/api/node/extensionHostProcess.js:106:11239)
	at l.M (/usr/lib/code/out/vs/workbench/api/node/extensionHostProcess.js:106:10957)
	at l.H (/usr/lib/code/out/vs/workbench/api/node/extensionHostProcess.js:106:10044)
	at l.G (/usr/lib/code/out/vs/workbench/api/node/extensionHostProcess.js:106:9022)
	at /usr/lib/code/out/vs/workbench/api/node/extensionHostProcess.js:106:7810
	at f.invoke (/usr/lib/code/out/vs/workbench/api/node/extensionHostProcess.js:63:145)
	at g.deliver (/usr/lib/code/out/vs/workbench/api/node/extensionHostProcess.js:63:2029)
	at d.fire (/usr/lib/code/out/vs/workbench/api/node/extensionHostProcess.js:63:1667)
	at p.fire (/usr/lib/code/out/vs/workbench/api/node/extensionHostProcess.js:72:14861)
	at /usr/lib/code/out/vs/workbench/api/node/extensionHostProcess.js:122:15815
	at f.invoke (/usr/lib/code/out/vs/workbench/api/node/extensionHostProcess.js:63:145)
	at g.deliver (/usr/lib/code/out/vs/workbench/api/node/extensionHostProcess.js:63:2029)
	at d.fire (/usr/lib/code/out/vs/workbench/api/node/extensionHostProcess.js:63:1667)
	at p.fire (/usr/lib/code/out/vs/workbench/api/node/extensionHostProcess.js:72:14861)
	at t.E (/usr/lib/code/out/vs/workbench/api/node/extensionHostProcess.js:72:18927)
	at /usr/lib/code/out/vs/workbench/api/node/extensionHostProcess.js:72:16915
	at f.invoke (/usr/lib/code/out/vs/workbench/api/node/extensionHostProcess.js:63:145)
	at g.deliver (/usr/lib/code/out/vs/workbench/api/node/extensionHostProcess.js:63:2029)
	at d.fire (/usr/lib/code/out/vs/workbench/api/node/extensionHostProcess.js:63:1667)
	at h.acceptChunk (/usr/lib/code/out/vs/workbench/api/node/extensionHostProcess.js:72:12592)
	at /usr/lib/code/out/vs/workbench/api/node/extensionHostProcess.js:72:11879
	at Socket.t (/usr/lib/code/out/vs/workbench/api/node/extensionHostProcess.js:72:22415)
	at Socket.emit (node:events:526:28)
	at addChunk (node:internal/streams/readable:315:12)
	at readableAddChunk (node:internal/streams/readable:289:9)
	at Readable.push (node:internal/streams/readable:228:10)
	at Pipe.onStreamRead (node:internal/stream_base_commons:190:23)
2023-03-01 15:04:03.607 [error] Error: Channel closed
	at new NodeError (node:internal/errors:371:5)
	at target.send (node:internal/child_process:741:16)
	at IPCMessageWriter.write (/home/alex/.vscode-oss/extensions/tht13.python-0.2.2-universal/node_modules/vscode-jsonrpc/lib/messageWriter.js:34:22)
	at Object.sendNotification (/home/alex/.vscode-oss/extensions/tht13.python-0.2.2-universal/node_modules/vscode-jsonrpc/lib/main.js:180:27)
	at Object.didChangeTextDocument (/home/alex/.vscode-oss/extensions/tht13.python-0.2.2-universal/node_modules/vscode-languageclient/lib/main.js:55:70)
	at Delayer.<anonymous> (/home/alex/.vscode-oss/extensions/tht13.python-0.2.2-universal/node_modules/vscode-languageclient/lib/main.js:373:28)
	at Delayer.forceDelivery (/home/alex/.vscode-oss/extensions/tht13.python-0.2.2-universal/node_modules/vscode-languageclient/lib/utils/async.js:45:27)
	at LanguageClient.forceDocumentSync (/home/alex/.vscode-oss/extensions/tht13.python-0.2.2-universal/node_modules/vscode-languageclient/lib/main.js:385:39)
	at LanguageClient.doSendRequest (/home/alex/.vscode-oss/extensions/tht13.python-0.2.2-universal/node_modules/vscode-languageclient/lib/main.js:166:18)
	at /home/alex/.vscode-oss/extensions/tht13.python-0.2.2-universal/node_modules/vscode-languageclient/lib/main.js:160:30
	at process.processTicksAndRejections (node:internal/process/task_queues:96:5)
2023-03-01 15:04:03.607 [error] Error: Channel closed
	at new NodeError (node:internal/errors:371:5)
	at target.send (node:internal/child_process:741:16)
	at IPCMessageWriter.write (/home/alex/.vscode-oss/extensions/tht13.python-0.2.2-universal/node_modules/vscode-jsonrpc/lib/messageWriter.js:34:22)
	at /home/alex/.vscode-oss/extensions/tht13.python-0.2.2-universal/node_modules/vscode-jsonrpc/lib/main.js:195:31
	at new Promise (<anonymous>)
	at Object.sendRequest (/home/alex/.vscode-oss/extensions/tht13.python-0.2.2-universal/node_modules/vscode-jsonrpc/lib/main.js:186:20)
	at Object.sendRequest (/home/alex/.vscode-oss/extensions/tht13.python-0.2.2-universal/node_modules/vscode-languageclient/lib/main.js:43:66)
	at LanguageClient.doSendRequest (/home/alex/.vscode-oss/extensions/tht13.python-0.2.2-universal/node_modules/vscode-languageclient/lib/main.js:167:31)
	at /home/alex/.vscode-oss/extensions/tht13.python-0.2.2-universal/node_modules/vscode-languageclient/lib/main.js:160:30
	at process.processTicksAndRejections (node:internal/process/task_queues:96:5)
2023-03-01 15:04:03.607 [error] Error: Channel closed
	at new NodeError (node:internal/errors:371:5)
	at target.send (node:internal/child_process:741:16)
	at IPCMessageWriter.write (/home/alex/.vscode-oss/extensions/tht13.python-0.2.2-universal/node_modules/vscode-jsonrpc/lib/messageWriter.js:34:22)
	at /home/alex/.vscode-oss/extensions/tht13.python-0.2.2-universal/node_modules/vscode-jsonrpc/lib/main.js:195:31
	at new Promise (<anonymous>)
	at Object.sendRequest (/home/alex/.vscode-oss/extensions/tht13.python-0.2.2-universal/node_modules/vscode-jsonrpc/lib/main.js:186:20)
	at Object.sendRequest (/home/alex/.vscode-oss/extensions/tht13.python-0.2.2-universal/node_modules/vscode-languageclient/lib/main.js:43:66)
	at LanguageClient.doSendRequest (/home/alex/.vscode-oss/extensions/tht13.python-0.2.2-universal/node_modules/vscode-languageclient/lib/main.js:167:31)
	at /home/alex/.vscode-oss/extensions/tht13.python-0.2.2-universal/node_modules/vscode-languageclient/lib/main.js:160:30
	at process.processTicksAndRejections (node:internal/process/task_queues:96:5)
2023-03-01 15:04:03.608 [error] Error: Channel closed
	at new NodeError (node:internal/errors:371:5)
	at target.send (node:internal/child_process:741:16)
	at IPCMessageWriter.write (/home/alex/.vscode-oss/extensions/tht13.python-0.2.2-universal/node_modules/vscode-jsonrpc/lib/messageWriter.js:34:22)
	at /home/alex/.vscode-oss/extensions/tht13.python-0.2.2-universal/node_modules/vscode-jsonrpc/lib/main.js:195:31
	at new Promise (<anonymous>)
	at Object.sendRequest (/home/alex/.vscode-oss/extensions/tht13.python-0.2.2-universal/node_modules/vscode-jsonrpc/lib/main.js:186:20)
	at Object.sendRequest (/home/alex/.vscode-oss/extensions/tht13.python-0.2.2-universal/node_modules/vscode-languageclient/lib/main.js:43:66)
	at LanguageClient.doSendRequest (/home/alex/.vscode-oss/extensions/tht13.python-0.2.2-universal/node_modules/vscode-languageclient/lib/main.js:167:31)
	at /home/alex/.vscode-oss/extensions/tht13.python-0.2.2-universal/node_modules/vscode-languageclient/lib/main.js:160:30
	at process.processTicksAndRejections (node:internal/process/task_queues:96:5)
2023-03-01 15:04:03.608 [error] Error: Channel closed
	at new NodeError (node:internal/errors:371:5)
	at target.send (node:internal/child_process:741:16)
	at IPCMessageWriter.write (/home/alex/.vscode-oss/extensions/tht13.python-0.2.2-universal/node_modules/vscode-jsonrpc/lib/messageWriter.js:34:22)
	at /home/alex/.vscode-oss/extensions/tht13.python-0.2.2-universal/node_modules/vscode-jsonrpc/lib/main.js:195:31
	at new Promise (<anonymous>)
	at Object.sendRequest (/home/alex/.vscode-oss/extensions/tht13.python-0.2.2-universal/node_modules/vscode-jsonrpc/lib/main.js:186:20)
	at Object.sendRequest (/home/alex/.vscode-oss/extensions/tht13.python-0.2.2-universal/node_modules/vscode-languageclient/lib/main.js:43:66)
	at LanguageClient.doSendRequest (/home/alex/.vscode-oss/extensions/tht13.python-0.2.2-universal/node_modules/vscode-languageclient/lib/main.js:167:31)
	at /home/alex/.vscode-oss/extensions/tht13.python-0.2.2-universal/node_modules/vscode-languageclient/lib/main.js:160:30
	at process.processTicksAndRejections (node:internal/process/task_queues:96:5)
2023-03-01 15:04:03.608 [error] Error: Channel closed
	at new NodeError (node:internal/errors:371:5)
	at target.send (node:internal/child_process:741:16)
	at IPCMessageWriter.write (/home/alex/.vscode-oss/extensions/tht13.python-0.2.2-universal/node_modules/vscode-jsonrpc/lib/messageWriter.js:34:22)
	at /home/alex/.vscode-oss/extensions/tht13.python-0.2.2-universal/node_modules/vscode-jsonrpc/lib/main.js:195:31
	at new Promise (<anonymous>)
	at Object.sendRequest (/home/alex/.vscode-oss/extensions/tht13.python-0.2.2-universal/node_modules/vscode-jsonrpc/lib/main.js:186:20)
	at Object.sendRequest (/home/alex/.vscode-oss/extensions/tht13.python-0.2.2-universal/node_modules/vscode-languageclient/lib/main.js:43:66)
	at LanguageClient.doSendRequest (/home/alex/.vscode-oss/extensions/tht13.python-0.2.2-universal/node_modules/vscode-languageclient/lib/main.js:167:31)
	at /home/alex/.vscode-oss/extensions/tht13.python-0.2.2-universal/node_modules/vscode-languageclient/lib/main.js:160:30
	at process.processTicksAndRejections (node:internal/process/task_queues:96:5)
2023-03-01 15:04:03.664 [error] TypeError: Cannot read properties of undefined (reading 'text')
	at PythonExtension._onChange (/home/alex/.vscode-oss/extensions/tht13.python-0.2.2-universal/out/client/src/pythonMain.js:77:23)
	at f.invoke (/usr/lib/code/out/vs/workbench/api/node/extensionHostProcess.js:63:145)
	at g.deliver (/usr/lib/code/out/vs/workbench/api/node/extensionHostProcess.js:63:2029)
	at d.fire (/usr/lib/code/out/vs/workbench/api/node/extensionHostProcess.js:63:1667)
	at k.$acceptDirtyStateChanged (/usr/lib/code/out/vs/workbench/api/node/extensionHostProcess.js:98:10874)
	at l.N (/usr/lib/code/out/vs/workbench/api/node/extensionHostProcess.js:106:11239)
	at l.M (/usr/lib/code/out/vs/workbench/api/node/extensionHostProcess.js:106:10957)
	at l.H (/usr/lib/code/out/vs/workbench/api/node/extensionHostProcess.js:106:10044)
	at l.G (/usr/lib/code/out/vs/workbench/api/node/extensionHostProcess.js:106:9022)
	at /usr/lib/code/out/vs/workbench/api/node/extensionHostProcess.js:106:7810
	at f.invoke (/usr/lib/code/out/vs/workbench/api/node/extensionHostProcess.js:63:145)
	at g.deliver (/usr/lib/code/out/vs/workbench/api/node/extensionHostProcess.js:63:2029)
	at d.fire (/usr/lib/code/out/vs/workbench/api/node/extensionHostProcess.js:63:1667)
	at p.fire (/usr/lib/code/out/vs/workbench/api/node/extensionHostProcess.js:72:14861)
	at /usr/lib/code/out/vs/workbench/api/node/extensionHostProcess.js:122:15815
	at f.invoke (/usr/lib/code/out/vs/workbench/api/node/extensionHostProcess.js:63:145)
	at g.deliver (/usr/lib/code/out/vs/workbench/api/node/extensionHostProcess.js:63:2029)
	at d.fire (/usr/lib/code/out/vs/workbench/api/node/extensionHostProcess.js:63:1667)
	at p.fire (/usr/lib/code/out/vs/workbench/api/node/extensionHostProcess.js:72:14861)
	at t.E (/usr/lib/code/out/vs/workbench/api/node/extensionHostProcess.js:72:18927)
	at /usr/lib/code/out/vs/workbench/api/node/extensionHostProcess.js:72:16915
	at f.invoke (/usr/lib/code/out/vs/workbench/api/node/extensionHostProcess.js:63:145)
	at g.deliver (/usr/lib/code/out/vs/workbench/api/node/extensionHostProcess.js:63:2029)
	at d.fire (/usr/lib/code/out/vs/workbench/api/node/extensionHostProcess.js:63:1667)
	at h.acceptChunk (/usr/lib/code/out/vs/workbench/api/node/extensionHostProcess.js:72:12592)
	at /usr/lib/code/out/vs/workbench/api/node/extensionHostProcess.js:72:11879
	at Socket.t (/usr/lib/code/out/vs/workbench/api/node/extensionHostProcess.js:72:22415)
	at Socket.emit (node:events:526:28)
	at addChunk (node:internal/streams/readable:315:12)
	at readableAddChunk (node:internal/streams/readable:289:9)
	at Readable.push (node:internal/streams/readable:228:10)
	at Pipe.onStreamRead (node:internal/stream_base_commons:190:23)
2023-03-01 15:04:03.664 [error] TypeError: Cannot read properties of undefined (reading 'text')
	at PythonExtension._onChange (/home/alex/.vscode-oss/extensions/tht13.python-0.2.2-universal/out/client/src/pythonMain.js:77:23)
	at f.invoke (/usr/lib/code/out/vs/workbench/api/node/extensionHostProcess.js:63:145)
	at g.deliver (/usr/lib/code/out/vs/workbench/api/node/extensionHostProcess.js:63:2029)
	at d.fire (/usr/lib/code/out/vs/workbench/api/node/extensionHostProcess.js:63:1667)
	at k.$acceptDirtyStateChanged (/usr/lib/code/out/vs/workbench/api/node/extensionHostProcess.js:98:10874)
	at k.$acceptModelSaved (/usr/lib/code/out/vs/workbench/api/node/extensionHostProcess.js:98:10672)
	at l.N (/usr/lib/code/out/vs/workbench/api/node/extensionHostProcess.js:106:11239)
	at l.M (/usr/lib/code/out/vs/workbench/api/node/extensionHostProcess.js:106:10957)
	at l.H (/usr/lib/code/out/vs/workbench/api/node/extensionHostProcess.js:106:10044)
	at l.G (/usr/lib/code/out/vs/workbench/api/node/extensionHostProcess.js:106:9022)
	at /usr/lib/code/out/vs/workbench/api/node/extensionHostProcess.js:106:7810
	at f.invoke (/usr/lib/code/out/vs/workbench/api/node/extensionHostProcess.js:63:145)
	at g.deliver (/usr/lib/code/out/vs/workbench/api/node/extensionHostProcess.js:63:2029)
	at d.fire (/usr/lib/code/out/vs/workbench/api/node/extensionHostProcess.js:63:1667)
	at p.fire (/usr/lib/code/out/vs/workbench/api/node/extensionHostProcess.js:72:14861)
	at /usr/lib/code/out/vs/workbench/api/node/extensionHostProcess.js:122:15815
	at f.invoke (/usr/lib/code/out/vs/workbench/api/node/extensionHostProcess.js:63:145)
	at g.deliver (/usr/lib/code/out/vs/workbench/api/node/extensionHostProcess.js:63:2029)
	at d.fire (/usr/lib/code/out/vs/workbench/api/node/extensionHostProcess.js:63:1667)
	at p.fire (/usr/lib/code/out/vs/workbench/api/node/extensionHostProcess.js:72:14861)
	at t.E (/usr/lib/code/out/vs/workbench/api/node/extensionHostProcess.js:72:18927)
	at /usr/lib/code/out/vs/workbench/api/node/extensionHostProcess.js:72:16915
	at f.invoke (/usr/lib/code/out/vs/workbench/api/node/extensionHostProcess.js:63:145)
	at g.deliver (/usr/lib/code/out/vs/workbench/api/node/extensionHostProcess.js:63:2029)
	at d.fire (/usr/lib/code/out/vs/workbench/api/node/extensionHostProcess.js:63:1667)
	at h.acceptChunk (/usr/lib/code/out/vs/workbench/api/node/extensionHostProcess.js:72:12592)
	at /usr/lib/code/out/vs/workbench/api/node/extensionHostProcess.js:72:11879
	at Socket.t (/usr/lib/code/out/vs/workbench/api/node/extensionHostProcess.js:72:22415)
	at Socket.emit (node:events:526:28)
	at addChunk (node:internal/streams/readable:315:12)
	at readableAddChunk (node:internal/streams/readable:289:9)
	at Readable.push (node:internal/streams/readable:228:10)
	at Pipe.onStreamRead (node:internal/stream_base_commons:190:23)
2023-03-01 15:04:03.665 [error] Error: Channel closed
	at new NodeError (node:internal/errors:371:5)
	at target.send (node:internal/child_process:741:16)
	at IPCMessageWriter.write (/home/alex/.vscode-oss/extensions/tht13.python-0.2.2-universal/node_modules/vscode-jsonrpc/lib/messageWriter.js:34:22)
	at Object.sendNotification (/home/alex/.vscode-oss/extensions/tht13.python-0.2.2-universal/node_modules/vscode-jsonrpc/lib/main.js:180:27)
	at Object.didChangeTextDocument (/home/alex/.vscode-oss/extensions/tht13.python-0.2.2-universal/node_modules/vscode-languageclient/lib/main.js:55:70)
	at Delayer.<anonymous> (/home/alex/.vscode-oss/extensions/tht13.python-0.2.2-universal/node_modules/vscode-languageclient/lib/main.js:373:28)
	at Delayer.forceDelivery (/home/alex/.vscode-oss/extensions/tht13.python-0.2.2-universal/node_modules/vscode-languageclient/lib/utils/async.js:45:27)
	at LanguageClient.forceDocumentSync (/home/alex/.vscode-oss/extensions/tht13.python-0.2.2-universal/node_modules/vscode-languageclient/lib/main.js:385:39)
	at LanguageClient.doSendRequest (/home/alex/.vscode-oss/extensions/tht13.python-0.2.2-universal/node_modules/vscode-languageclient/lib/main.js:166:18)
	at /home/alex/.vscode-oss/extensions/tht13.python-0.2.2-universal/node_modules/vscode-languageclient/lib/main.js:160:30
	at process.processTicksAndRejections (node:internal/process/task_queues:96:5)
2023-03-01 15:04:03.666 [error] Error: Channel closed
	at new NodeError (node:internal/errors:371:5)
	at target.send (node:internal/child_process:741:16)
	at IPCMessageWriter.write (/home/alex/.vscode-oss/extensions/tht13.python-0.2.2-universal/node_modules/vscode-jsonrpc/lib/messageWriter.js:34:22)
	at /home/alex/.vscode-oss/extensions/tht13.python-0.2.2-universal/node_modules/vscode-jsonrpc/lib/main.js:195:31
	at new Promise (<anonymous>)
	at Object.sendRequest (/home/alex/.vscode-oss/extensions/tht13.python-0.2.2-universal/node_modules/vscode-jsonrpc/lib/main.js:186:20)
	at Object.sendRequest (/home/alex/.vscode-oss/extensions/tht13.python-0.2.2-universal/node_modules/vscode-languageclient/lib/main.js:43:66)
	at LanguageClient.doSendRequest (/home/alex/.vscode-oss/extensions/tht13.python-0.2.2-universal/node_modules/vscode-languageclient/lib/main.js:167:31)
	at /home/alex/.vscode-oss/extensions/tht13.python-0.2.2-universal/node_modules/vscode-languageclient/lib/main.js:160:30
	at process.processTicksAndRejections (node:internal/process/task_queues:96:5)
2023-03-01 15:04:08.274 [info] ExtensionService#_doActivateExtension vscode.debug-server-ready, startup: false, activationEvent: 'onDebugResolve'
2023-03-01 15:04:19.991 [info] ExtensionService#_doActivateExtension vscode.markdown-math, startup: false, activationEvent: 'api', root cause: vscode.markdown-language-features
2023-03-01 15:04:20.014 [info] ExtensionService#_doActivateExtension laike9m.cyberbrain, startup: false, activationEvent: '*'
2023-03-01 15:04:23.603 [info] ExtensionService#_doActivateExtension ms-vscode.js-debug, startup: false, activationEvent: 'onDebugInitialConfigurations'
2023-03-01 15:05:56.300 [error] Error: Channel closed
	at new NodeError (node:internal/errors:371:5)
	at target.send (node:internal/child_process:741:16)
	at IPCMessageWriter.write (/home/alex/.vscode-oss/extensions/tht13.python-0.2.2-universal/node_modules/vscode-jsonrpc/lib/messageWriter.js:34:22)
	at Object.sendNotification (/home/alex/.vscode-oss/extensions/tht13.python-0.2.2-universal/node_modules/vscode-jsonrpc/lib/main.js:180:27)
	at Object.didCloseTextDocument (/home/alex/.vscode-oss/extensions/tht13.python-0.2.2-universal/node_modules/vscode-languageclient/lib/main.js:56:69)
	at LanguageClient.onDidCloseTextDoument (/home/alex/.vscode-oss/extensions/tht13.python-0.2.2-universal/node_modules/vscode-languageclient/lib/main.js:381:20)
	at /home/alex/.vscode-oss/extensions/tht13.python-0.2.2-universal/node_modules/vscode-languageclient/lib/main.js:279:87
	at f.invoke (/usr/lib/code/out/vs/workbench/api/node/extensionHostProcess.js:63:145)
	at g.deliver (/usr/lib/code/out/vs/workbench/api/node/extensionHostProcess.js:63:2029)
	at d.fire (/usr/lib/code/out/vs/workbench/api/node/extensionHostProcess.js:63:1667)
	at /usr/lib/code/out/vs/workbench/api/node/extensionHostProcess.js:98:9510
	at f.invoke (/usr/lib/code/out/vs/workbench/api/node/extensionHostProcess.js:63:145)
	at g.deliver (/usr/lib/code/out/vs/workbench/api/node/extensionHostProcess.js:63:2029)
	at d.fire (/usr/lib/code/out/vs/workbench/api/node/extensionHostProcess.js:63:1667)
	at g.acceptDocumentsAndEditorsDelta (/usr/lib/code/out/vs/workbench/api/node/extensionHostProcess.js:98:13702)
	at g.$acceptDocumentsAndEditorsDelta (/usr/lib/code/out/vs/workbench/api/node/extensionHostProcess.js:98:12176)
	at l.N (/usr/lib/code/out/vs/workbench/api/node/extensionHostProcess.js:106:11239)
	at l.M (/usr/lib/code/out/vs/workbench/api/node/extensionHostProcess.js:106:10957)
	at l.H (/usr/lib/code/out/vs/workbench/api/node/extensionHostProcess.js:106:10044)
	at l.G (/usr/lib/code/out/vs/workbench/api/node/extensionHostProcess.js:106:9022)
	at /usr/lib/code/out/vs/workbench/api/node/extensionHostProcess.js:106:7810
	at f.invoke (/usr/lib/code/out/vs/workbench/api/node/extensionHostProcess.js:63:145)
	at g.deliver (/usr/lib/code/out/vs/workbench/api/node/extensionHostProcess.js:63:2029)
	at d.fire (/usr/lib/code/out/vs/workbench/api/node/extensionHostProcess.js:63:1667)
	at p.fire (/usr/lib/code/out/vs/workbench/api/node/extensionHostProcess.js:72:14861)
	at /usr/lib/code/out/vs/workbench/api/node/extensionHostProcess.js:122:15815
	at f.invoke (/usr/lib/code/out/vs/workbench/api/node/extensionHostProcess.js:63:145)
	at g.deliver (/usr/lib/code/out/vs/workbench/api/node/extensionHostProcess.js:63:2029)
	at d.fire (/usr/lib/code/out/vs/workbench/api/node/extensionHostProcess.js:63:1667)
	at p.fire (/usr/lib/code/out/vs/workbench/api/node/extensionHostProcess.js:72:14861)
	at t.E (/usr/lib/code/out/vs/workbench/api/node/extensionHostProcess.js:72:18927)
	at /usr/lib/code/out/vs/workbench/api/node/extensionHostProcess.js:72:16915
	at f.invoke (/usr/lib/code/out/vs/workbench/api/node/extensionHostProcess.js:63:145)
	at g.deliver (/usr/lib/code/out/vs/workbench/api/node/extensionHostProcess.js:63:2029)
	at d.fire (/usr/lib/code/out/vs/workbench/api/node/extensionHostProcess.js:63:1667)
	at h.acceptChunk (/usr/lib/code/out/vs/workbench/api/node/extensionHostProcess.js:72:12592)
	at /usr/lib/code/out/vs/workbench/api/node/extensionHostProcess.js:72:11879
	at Socket.t (/usr/lib/code/out/vs/workbench/api/node/extensionHostProcess.js:72:22415)
	at Socket.emit (node:events:526:28)
	at addChunk (node:internal/streams/readable:315:12)
	at readableAddChunk (node:internal/streams/readable:289:9)
	at Readable.push (node:internal/streams/readable:228:10)
	at Pipe.onStreamRead (node:internal/stream_base_commons:190:23)
2023-03-01 15:25:59.978 [info] ExtensionService#_doActivateExtension vscode.typescript-language-features, startup: false, activationEvent: 'onLanguage:jsonc'
2023-03-01 15:26:00.354 [error] Error: Channel closed
	at new NodeError (node:internal/errors:371:5)
	at target.send (node:internal/child_process:741:16)
	at IPCMessageWriter.write (/home/alex/.vscode-oss/extensions/tht13.python-0.2.2-universal/node_modules/vscode-jsonrpc/lib/messageWriter.js:34:22)
	at Object.sendNotification (/home/alex/.vscode-oss/extensions/tht13.python-0.2.2-universal/node_modules/vscode-jsonrpc/lib/main.js:180:27)
	at Object.didChangeConfiguration (/home/alex/.vscode-oss/extensions/tht13.python-0.2.2-universal/node_modules/vscode-languageclient/lib/main.js:52:71)
	at LanguageClient.onDidChangeConfiguration (/home/alex/.vscode-oss/extensions/tht13.python-0.2.2-universal/node_modules/vscode-languageclient/lib/main.js:489:28)
	at LanguageClient.<anonymous> (/home/alex/.vscode-oss/extensions/tht13.python-0.2.2-universal/node_modules/vscode-languageclient/lib/main.js:475:81)
	at f.invoke (/usr/lib/code/out/vs/workbench/api/node/extensionHostProcess.js:63:145)
	at g.deliver (/usr/lib/code/out/vs/workbench/api/node/extensionHostProcess.js:63:2029)
	at d.fire (/usr/lib/code/out/vs/workbench/api/node/extensionHostProcess.js:63:1667)
	at i.$acceptConfigurationChanged (/usr/lib/code/out/vs/workbench/api/node/extensionHostProcess.js:107:24393)
	at /usr/lib/code/out/vs/workbench/api/node/extensionHostProcess.js:107:23877
	at process.processTicksAndRejections (node:internal/process/task_queues:96:5)
2023-03-01 15:27:04.776 [info] Extension host terminating: received terminate message from renderer
2023-03-01 15:27:04.794 [error] Canceled: Canceled
	at new u (/usr/lib/code/out/vs/workbench/api/node/extensionHostProcess.js:96:88070)
	at l.O (/usr/lib/code/out/vs/workbench/api/node/extensionHostProcess.js:106:11276)
	at V.<computed>.M.charCodeAt.V.<computed> (/usr/lib/code/out/vs/workbench/api/node/extensionHostProcess.js:106:8557)
	at s.g (/usr/lib/code/out/vs/workbench/api/node/extensionHostProcess.js:96:107430)
	at s.executeCommand (/usr/lib/code/out/vs/workbench/api/node/extensionHostProcess.js:96:106806)
	at w.registerCommand.description (/usr/lib/code/out/vs/workbench/api/node/extensionHostProcess.js:96:106099)
	at s.h (/usr/lib/code/out/vs/workbench/api/node/extensionHostProcess.js:96:108016)
	at s.g (/usr/lib/code/out/vs/workbench/api/node/extensionHostProcess.js:96:106906)
	at s.executeCommand (/usr/lib/code/out/vs/workbench/api/node/extensionHostProcess.js:96:106806)
	at Object.executeCommand (/usr/lib/code/out/vs/workbench/api/node/extensionHostProcess.js:117:30778)
	at D (/usr/lib/code/extensions/git/dist/main.js:2:2055373)
	at f.invoke (/usr/lib/code/out/vs/workbench/api/node/extensionHostProcess.js:63:145)
	at g.deliver (/usr/lib/code/out/vs/workbench/api/node/extensionHostProcess.js:63:2029)
	at d.fire (/usr/lib/code/out/vs/workbench/api/node/extensionHostProcess.js:63:1667)
	at Object.h [as dispose] (/usr/lib/code/extensions/git/dist/main.js:2:2070210)
	at /usr/lib/code/extensions/git/dist/main.js:2:2074277
	at Array.forEach (<anonymous>)
	at g.dispose (/usr/lib/code/extensions/git/dist/main.js:2:2074263)
	at C.<anonymous> (/usr/lib/code/out/vs/workbench/api/node/extensionHostProcess.js:94:12431)
	at C.dispose (/usr/lib/code/out/vs/workbench/api/node/extensionHostProcess.js:94:12566)
	at C.<anonymous> (/usr/lib/code/extensions/git/dist/main.js:2:2057503)
	at C.dispose (/usr/lib/code/out/vs/workbench/api/node/extensionHostProcess.js:94:12566)
	at T (/usr/lib/code/out/vs/workbench/api/node/extensionHostProcess.js:10:12072)
	at f.X (/usr/lib/code/out/vs/workbench/api/node/extensionHostProcess.js:108:11242)
	at /usr/lib/code/out/vs/workbench/api/node/extensionHostProcess.js:108:9037
	at Array.map (<anonymous>)
	at f.Q (/usr/lib/code/out/vs/workbench/api/node/extensionHostProcess.js:108:9024)
	at f.terminate (/usr/lib/code/out/vs/workbench/api/node/extensionHostProcess.js:108:9298)
	at h.terminate (/usr/lib/code/out/vs/workbench/api/node/extensionHostProcess.js:112:1397)
	at p (/usr/lib/code/out/vs/workbench/api/node/extensionHostProcess.js:122:17851)
	at /usr/lib/code/out/vs/workbench/api/node/extensionHostProcess.js:122:15761
	at f.invoke (/usr/lib/code/out/vs/workbench/api/node/extensionHostProcess.js:63:145)
	at g.deliver (/usr/lib/code/out/vs/workbench/api/node/extensionHostProcess.js:63:2029)
	at d.fire (/usr/lib/code/out/vs/workbench/api/node/extensionHostProcess.js:63:1667)
	at p.fire (/usr/lib/code/out/vs/workbench/api/node/extensionHostProcess.js:72:14861)
	at t.E (/usr/lib/code/out/vs/workbench/api/node/extensionHostProcess.js:72:18927)
	at /usr/lib/code/out/vs/workbench/api/node/extensionHostProcess.js:72:16915
	at f.invoke (/usr/lib/code/out/vs/workbench/api/node/extensionHostProcess.js:63:145)
	at g.deliver (/usr/lib/code/out/vs/workbench/api/node/extensionHostProcess.js:63:2029)
	at d.fire (/usr/lib/code/out/vs/workbench/api/node/extensionHostProcess.js:63:1667)
	at h.acceptChunk (/usr/lib/code/out/vs/workbench/api/node/extensionHostProcess.js:72:12592)
	at /usr/lib/code/out/vs/workbench/api/node/extensionHostProcess.js:72:11879
	at Socket.t (/usr/lib/code/out/vs/workbench/api/node/extensionHostProcess.js:72:22415)
	at Socket.emit (node:events:526:28)
	at addChunk (node:internal/streams/readable:315:12)
	at readableAddChunk (node:internal/streams/readable:289:9)
	at Readable.push (node:internal/streams/readable:228:10)
	at Pipe.onStreamRead (node:internal/stream_base_commons:190:23) setContext undefined
2023-03-01 15:27:04.794 [error] Error: Channel closed
	at new NodeError (node:internal/errors:371:5)
	at target.send (node:internal/child_process:741:16)
	at IPCMessageWriter.write (/home/alex/.vscode-oss/extensions/tht13.python-0.2.2-universal/node_modules/vscode-jsonrpc/lib/messageWriter.js:34:22)
	at /home/alex/.vscode-oss/extensions/tht13.python-0.2.2-universal/node_modules/vscode-jsonrpc/lib/main.js:195:31
	at new Promise (<anonymous>)
	at Object.sendRequest (/home/alex/.vscode-oss/extensions/tht13.python-0.2.2-universal/node_modules/vscode-jsonrpc/lib/main.js:186:20)
	at Object.shutdown (/home/alex/.vscode-oss/extensions/tht13.python-0.2.2-universal/node_modules/vscode-languageclient/lib/main.js:48:51)
	at /home/alex/.vscode-oss/extensions/tht13.python-0.2.2-universal/node_modules/vscode-languageclient/lib/main.js:319:24
	at process.processTicksAndRejections (node:internal/process/task_queues:96:5)
2023-03-01 15:27:04.796 [info] Extension host with pid 873 exiting with code 0
