2023-03-01 13:53:28.153 [info] Log level: Info
2023-03-01 13:53:28.153 [info] Validating found git in: "git"
2023-03-01 13:53:28.153 [info] Using git "2.39.2" from "git"
2023-03-01 13:53:28.153 [info] > git rev-parse --show-toplevel [18ms]
2023-03-01 13:53:28.153 [info] > git rev-parse --git-dir --git-common-dir [2ms]
2023-03-01 13:53:28.153 [info] Open repository: /home/alex/Projects/Webee
2023-03-01 13:53:28.153 [info] > git rev-parse --show-toplevel [106ms]
2023-03-01 13:53:28.180 [info] > git config --get commit.template [72ms]
2023-03-01 13:53:28.205 [info] > git rev-parse --show-toplevel [68ms]
2023-03-01 13:53:28.326 [info] > git rev-parse --show-toplevel [97ms]
2023-03-01 13:53:28.352 [info] > git for-each-ref --format=%(refname)%00%(upstream:short)%00%(objectname)%00%(upstream:track)%00%(upstream:remotename)%00%(upstream:remoteref) refs/heads/main refs/remotes/main [150ms]
2023-03-01 13:53:28.495 [info] > git rev-parse --show-toplevel [145ms]
2023-03-01 13:53:28.510 [info] > git for-each-ref --sort -committerdate --format %(refname) %(objectname) %(*objectname) [137ms]
2023-03-01 13:53:28.512 [info] > git status -z -uall [149ms]
2023-03-01 13:53:28.529 [info] > git rev-parse --show-toplevel [28ms]
2023-03-01 13:53:28.551 [info] > git show --textconv :frontend/package-lock.json [9ms]
2023-03-01 13:53:28.553 [info] > git config --get commit.template [18ms]
2023-03-01 13:53:28.561 [info] > git ls-files --stage -- /home/alex/Projects/Webee/frontend/package-lock.json [14ms]
2023-03-01 13:53:28.576 [info] > git cat-file -s 3c1368cd7a5d04f59fa5aa9e731ee49ac32c9c05 [10ms]
2023-03-01 13:53:28.579 [info] > git for-each-ref --format=%(refname)%00%(upstream:short)%00%(objectname)%00%(upstream:track)%00%(upstream:remotename)%00%(upstream:remoteref) refs/heads/main refs/remotes/main [7ms]
2023-03-01 13:53:28.595 [info] > git check-ignore -v -z --stdin [36ms]
2023-03-01 13:53:28.606 [info] > git for-each-ref --sort -committerdate --format %(refname) %(objectname) %(*objectname) [12ms]
2023-03-01 13:53:28.671 [info] > git status -z -uall [85ms]
2023-03-01 13:53:37.095 [info] > git check-ignore -v -z --stdin [5ms]
2023-03-01 13:53:39.671 [info] > git show --textconv :database_api/api.py [8ms]
2023-03-01 13:53:39.675 [info] > git ls-files --stage -- /home/alex/Projects/Webee/database_api/api.py [4ms]
2023-03-01 13:53:39.682 [info] > git cat-file -s 266a38a07031401d421309ac589aa84b2c3efeb4 [1ms]
2023-03-01 14:59:17.765 [info] > git show --textconv :database_api/database.py [8ms]
2023-03-01 14:59:17.768 [info] > git ls-files --stage -- /home/alex/Projects/Webee/database_api/database.py [4ms]
2023-03-01 14:59:17.775 [info] > git cat-file -s f8e2fde3f78cfd0d0ff38927ac07072922eca51d [1ms]
2023-03-01 15:00:55.258 [info] > git show --textconv :database_api/models/comp_modules.py [7ms]
2023-03-01 15:00:55.262 [info] > git ls-files --stage -- /home/alex/Projects/Webee/database_api/models/comp_modules.py [5ms]
2023-03-01 15:00:55.270 [info] > git cat-file -s 3128d2a6f11336f5668cbbb3bbbe472363bb9c00 [2ms]
2023-03-01 15:01:00.710 [info] > git show --textconv :database_api/models/data_models.py [7ms]
2023-03-01 15:01:00.712 [info] > git ls-files --stage -- /home/alex/Projects/Webee/database_api/models/data_models.py [4ms]
2023-03-01 15:01:00.717 [info] > git cat-file -s 596859f4a76f6f6320745f7935d6207af0c0b3b0 [1ms]
2023-03-01 15:01:01.295 [info] > git show --textconv :database_api/models/mod_models.py [8ms]
2023-03-01 15:01:01.298 [info] > git ls-files --stage -- /home/alex/Projects/Webee/database_api/models/mod_models.py [4ms]
2023-03-01 15:01:01.304 [info] > git cat-file -s a1233e3be7cc85f509c1a354ad2769b96ec93377 [1ms]
2023-03-01 15:01:35.928 [info] > git show --textconv :database_api/crud.py [7ms]
2023-03-01 15:01:35.932 [info] > git ls-files --stage -- /home/alex/Projects/Webee/database_api/crud.py [4ms]
2023-03-01 15:01:35.937 [info] > git cat-file -s 051d6cb5e13c9916915b6b108b5b5ed1e172fc62 [1ms]
2023-03-01 15:04:04.772 [info] > git config --get commit.template [8ms]
2023-03-01 15:04:04.772 [info] > git for-each-ref --format=%(refname)%00%(upstream:short)%00%(objectname)%00%(upstream:track)%00%(upstream:remotename)%00%(upstream:remoteref) refs/heads/main refs/remotes/main [2ms]
2023-03-01 15:04:04.793 [info] > git for-each-ref --sort -committerdate --format %(refname) %(objectname) %(*objectname) [6ms]
2023-03-01 15:04:04.838 [info] > git status -z -uall [59ms]
2023-03-01 15:05:05.379 [info] > git check-ignore -v -z --stdin [4ms]
2023-03-01 15:05:25.616 [info] > git show --textconv :database_api/main.py [8ms]
2023-03-01 15:05:25.621 [info] > git ls-files --stage -- /home/alex/Projects/Webee/database_api/main.py [6ms]
2023-03-01 15:05:25.629 [info] > git cat-file -s 18ef0854679b3bd4fdd8ad72a8b08f981980a93e [1ms]
2023-03-01 15:05:27.180 [info] > git show --textconv :README.md [5ms]
2023-03-01 15:05:27.184 [info] > git ls-files --stage -- /home/alex/Projects/Webee/README.md [4ms]
2023-03-01 15:05:27.189 [info] > git cat-file -s 3a15236b3bf50c324665bc7f6947369ed938e57a [1ms]
2023-03-01 15:05:57.372 [info] > git config --get commit.template [3ms]
2023-03-01 15:05:57.381 [info] > git for-each-ref --format=%(refname)%00%(upstream:short)%00%(objectname)%00%(upstream:track)%00%(upstream:remotename)%00%(upstream:remoteref) refs/heads/main refs/remotes/main [2ms]
2023-03-01 15:05:57.411 [info] > git for-each-ref --sort -committerdate --format %(refname) %(objectname) %(*objectname) [7ms]
2023-03-01 15:05:57.449 [info] > git status -z -uall [60ms]
