2023-02-28 16:15:22.588 [info] Log level: Info
2023-02-28 16:15:22.588 [info] Validating found git in: "git"
2023-02-28 16:15:22.610 [info] Using git "2.39.2" from "git"
2023-02-28 16:15:22.626 [info] > git rev-parse --show-toplevel [4ms]
2023-02-28 16:15:22.668 [info] > git rev-parse --git-dir --git-common-dir [34ms]
2023-02-28 16:15:22.694 [info] Open repository: /home/alex/Projects/Webee
2023-02-28 16:15:22.763 [info] > git config --get commit.template [24ms]
2023-02-28 16:15:22.764 [info] > git rev-parse --show-toplevel [53ms]
2023-02-28 16:15:22.780 [info] > git rev-parse --show-toplevel [10ms]
2023-02-28 16:15:22.789 [info] > git for-each-ref --format=%(refname)%00%(upstream:short)%00%(objectname)%00%(upstream:track)%00%(upstream:remotename)%00%(upstream:remoteref) refs/heads/main refs/remotes/main [9ms]
2023-02-28 16:15:22.824 [info] > git rev-parse --show-toplevel [37ms]
2023-02-28 16:15:22.848 [info] > git rev-parse --show-toplevel [1ms]
2023-02-28 16:15:22.857 [info] > git for-each-ref --sort -committerdate --format %(refname) %(objectname) %(*objectname) [35ms]
2023-02-28 16:15:22.861 [info] > git rev-parse --show-toplevel [4ms]
2023-02-28 16:15:22.950 [info] > git status -z -uall [149ms]
2023-02-28 16:15:22.975 [info] > git config --get commit.template [9ms]
2023-02-28 16:15:22.977 [info] > git for-each-ref --format=%(refname)%00%(upstream:short)%00%(objectname)%00%(upstream:track)%00%(upstream:remotename)%00%(upstream:remoteref) refs/heads/main refs/remotes/main [3ms]
2023-02-28 16:15:23.035 [info] > git for-each-ref --sort -committerdate --format %(refname) %(objectname) %(*objectname) [3ms]
2023-02-28 16:15:23.089 [info] > git status -z -uall [90ms]
2023-02-28 16:15:23.294 [info] > git check-ignore -v -z --stdin [27ms]
2023-02-28 16:15:23.546 [info] > git show --textconv :api/models.py [6ms]
2023-02-28 16:15:23.549 [info] > git ls-files --stage -- /home/alex/Projects/Webee/api/models.py [3ms]
2023-02-28 16:15:23.554 [info] > git cat-file -s 806e0cac27e68ead8cef7e3d4d620e279ca6eb5d [1ms]
2023-02-28 16:33:25.917 [info] > git config --get commit.template [6ms]
2023-02-28 16:33:25.918 [info] > git for-each-ref --format=%(refname)%00%(upstream:short)%00%(objectname)%00%(upstream:track)%00%(upstream:remotename)%00%(upstream:remoteref) refs/heads/main refs/remotes/main [2ms]
2023-02-28 16:33:25.940 [info] > git for-each-ref --sort -committerdate --format %(refname) %(objectname) %(*objectname) [6ms]
2023-02-28 16:33:25.975 [info] > git status -z -uall [53ms]
2023-02-28 16:33:31.451 [info] > git show --textconv :api/schemas.py [7ms]
2023-02-28 16:33:31.455 [info] > git ls-files --stage -- /home/alex/Projects/Webee/api/schemas.py [5ms]
2023-02-28 16:33:31.463 [info] > git cat-file -s 268a35d6fd4a2d55bfc5afe8bcdb4cbcc60f3a35 [2ms]
2023-02-28 16:34:31.581 [info] > git show --textconv :mods/ratioMod.py [7ms]
2023-02-28 16:34:31.585 [info] > git ls-files --stage -- /home/alex/Projects/Webee/mods/ratioMod.py [5ms]
2023-02-28 16:34:31.592 [info] > git cat-file -s e69de29bb2d1d6434b8b29ae775ad8c2e48c5391 [1ms]
2023-02-28 16:35:37.076 [info] > git show --textconv :api/database.py [9ms]
2023-02-28 16:35:37.081 [info] > git ls-files --stage -- /home/alex/Projects/Webee/api/database.py [6ms]
2023-02-28 16:35:37.088 [info] > git cat-file -s f8e2fde3f78cfd0d0ff38927ac07072922eca51d [2ms]
2023-02-28 16:35:40.358 [info] > git show --textconv :api/main.py [8ms]
2023-02-28 16:35:40.362 [info] > git ls-files --stage -- /home/alex/Projects/Webee/api/main.py [5ms]
2023-02-28 16:35:40.369 [info] > git cat-file -s 18ef0854679b3bd4fdd8ad72a8b08f981980a93e [1ms]
2023-02-28 16:36:14.105 [info] > git show --textconv :mods/wallet_mod.py [8ms]
2023-02-28 16:36:14.109 [info] > git ls-files --stage -- /home/alex/Projects/Webee/mods/wallet_mod.py [5ms]
2023-02-28 16:36:14.117 [info] > git cat-file -s e69de29bb2d1d6434b8b29ae775ad8c2e48c5391 [1ms]
2023-02-28 16:36:15.492 [info] > git show --textconv :mods/ratioMod.py [8ms]
2023-02-28 16:36:15.496 [info] > git ls-files --stage -- /home/alex/Projects/Webee/mods/ratioMod.py [5ms]
2023-02-28 16:36:15.503 [info] > git cat-file -s e69de29bb2d1d6434b8b29ae775ad8c2e48c5391 [1ms]
2023-02-28 16:36:16.992 [info] > git show --textconv :mods/feedback_mod.py [7ms]
2023-02-28 16:36:16.997 [info] > git ls-files --stage -- /home/alex/Projects/Webee/mods/feedback_mod.py [5ms]
2023-02-28 16:36:17.003 [info] > git cat-file -s be80a2de5bb0690cdc449244142e6135230f9a69 [1ms]
2023-02-28 16:36:47.443 [info] > git show --textconv :README.md [8ms]
2023-02-28 16:36:47.449 [info] > git ls-files --stage -- /home/alex/Projects/Webee/README.md [7ms]
2023-02-28 16:36:47.457 [info] > git cat-file -s 3a15236b3bf50c324665bc7f6947369ed938e57a [2ms]
2023-02-28 16:38:04.174 [info] > git check-ignore -v -z --stdin [10ms]
2023-02-28 16:38:04.646 [info] > git config --get commit.template [6ms]
2023-02-28 16:38:04.646 [info] > git for-each-ref --format=%(refname)%00%(upstream:short)%00%(objectname)%00%(upstream:track)%00%(upstream:remotename)%00%(upstream:remoteref) refs/heads/main refs/remotes/main [1ms]
2023-02-28 16:38:04.674 [info] > git for-each-ref --sort -committerdate --format %(refname) %(objectname) %(*objectname) [15ms]
2023-02-28 16:38:04.711 [info] > git status -z -uall [59ms]
2023-02-28 16:38:07.685 [info] > git show --textconv :database_api/database.py [7ms]
2023-02-28 16:38:07.690 [info] > git ls-files --stage -- /home/alex/Projects/Webee/database_api/database.py [5ms]
2023-02-28 16:38:30.056 [info] > git check-ignore -v -z --stdin [5ms]
2023-02-28 16:38:30.615 [info] > git config --get commit.template [5ms]
2023-02-28 16:38:30.615 [info] > git for-each-ref --format=%(refname)%00%(upstream:short)%00%(objectname)%00%(upstream:track)%00%(upstream:remotename)%00%(upstream:remoteref) refs/heads/main refs/remotes/main [1ms]
2023-02-28 16:38:30.637 [info] > git for-each-ref --sort -committerdate --format %(refname) %(objectname) %(*objectname) [10ms]
2023-02-28 16:38:30.681 [info] > git status -z -uall [61ms]
2023-02-28 16:38:42.182 [info] > git check-ignore -v -z --stdin [4ms]
2023-02-28 16:38:42.743 [info] > git config --get commit.template [8ms]
2023-02-28 16:38:42.744 [info] > git for-each-ref --format=%(refname)%00%(upstream:short)%00%(objectname)%00%(upstream:track)%00%(upstream:remotename)%00%(upstream:remoteref) refs/heads/main refs/remotes/main [1ms]
2023-02-28 16:38:42.766 [info] > git for-each-ref --sort -committerdate --format %(refname) %(objectname) %(*objectname) [9ms]
2023-02-28 16:38:42.803 [info] > git status -z -uall [53ms]
2023-02-28 16:39:01.147 [info] > git check-ignore -v -z --stdin [5ms]
2023-02-28 16:39:01.646 [info] > git config --get commit.template [8ms]
2023-02-28 16:39:01.647 [info] > git for-each-ref --format=%(refname)%00%(upstream:short)%00%(objectname)%00%(upstream:track)%00%(upstream:remotename)%00%(upstream:remoteref) refs/heads/main refs/remotes/main [2ms]
2023-02-28 16:39:01.666 [info] > git for-each-ref --sort -committerdate --format %(refname) %(objectname) %(*objectname) [6ms]
2023-02-28 16:39:01.707 [info] > git status -z -uall [54ms]
2023-02-28 16:39:03.708 [info] > git check-ignore -v -z --stdin [7ms]
2023-02-28 16:39:25.741 [info] > git show --textconv :database_api/crud.py [7ms]
2023-02-28 16:39:25.744 [info] > git ls-files --stage -- /home/alex/Projects/Webee/database_api/crud.py [4ms]
2023-02-28 16:39:48.712 [info] > git show --textconv :database_api/models.py [9ms]
2023-02-28 16:39:48.715 [info] > git ls-files --stage -- /home/alex/Projects/Webee/database_api/models.py [3ms]
2023-02-28 16:40:12.195 [info] > git check-ignore -v -z --stdin [4ms]
2023-02-28 16:40:12.742 [info] > git config --get commit.template [9ms]
2023-02-28 16:40:12.742 [info] > git for-each-ref --format=%(refname)%00%(upstream:short)%00%(objectname)%00%(upstream:track)%00%(upstream:remotename)%00%(upstream:remoteref) refs/heads/main refs/remotes/main [2ms]
2023-02-28 16:40:12.769 [info] > git for-each-ref --sort -committerdate --format %(refname) %(objectname) %(*objectname) [16ms]
2023-02-28 16:40:12.802 [info] > git status -z -uall [56ms]
2023-02-28 16:40:19.461 [info] > git show --textconv :database_api/models/models.py [6ms]
2023-02-28 16:40:19.464 [info] > git ls-files --stage -- /home/alex/Projects/Webee/database_api/models/models.py [4ms]
2023-02-28 16:40:19.758 [info] > git check-ignore -v -z --stdin [3ms]
2023-02-28 16:40:20.309 [info] > git config --get commit.template [9ms]
2023-02-28 16:40:20.310 [info] > git for-each-ref --format=%(refname)%00%(upstream:short)%00%(objectname)%00%(upstream:track)%00%(upstream:remotename)%00%(upstream:remoteref) refs/heads/main refs/remotes/main [2ms]
2023-02-28 16:40:20.330 [info] > git for-each-ref --sort -committerdate --format %(refname) %(objectname) %(*objectname) [1ms]
2023-02-28 16:40:20.378 [info] > git status -z -uall [63ms]
2023-02-28 16:40:39.835 [info] > git show --textconv :database_api/models/mod_models [6ms]
2023-02-28 16:40:39.837 [info] > git ls-files --stage -- /home/alex/Projects/Webee/database_api/models/mod_models [3ms]
2023-02-28 16:40:40.118 [info] > git check-ignore -v -z --stdin [5ms]
2023-02-28 16:40:40.651 [info] > git config --get commit.template [6ms]
2023-02-28 16:40:40.651 [info] > git for-each-ref --format=%(refname)%00%(upstream:short)%00%(objectname)%00%(upstream:track)%00%(upstream:remotename)%00%(upstream:remoteref) refs/heads/main refs/remotes/main [1ms]
2023-02-28 16:40:40.666 [info] > git for-each-ref --sort -committerdate --format %(refname) %(objectname) %(*objectname) [3ms]
2023-02-28 16:40:40.720 [info] > git status -z -uall [64ms]
2023-02-28 16:40:48.335 [info] > git show --textconv :database_api/models/mod_models,py [8ms]
2023-02-28 16:40:48.339 [info] > git ls-files --stage -- /home/alex/Projects/Webee/database_api/models/mod_models,py [5ms]
2023-02-28 16:40:48.677 [info] > git check-ignore -v -z --stdin [4ms]
2023-02-28 16:40:49.172 [info] > git config --get commit.template [7ms]
2023-02-28 16:40:49.173 [info] > git for-each-ref --format=%(refname)%00%(upstream:short)%00%(objectname)%00%(upstream:track)%00%(upstream:remotename)%00%(upstream:remoteref) refs/heads/main refs/remotes/main [1ms]
2023-02-28 16:40:49.199 [info] > git for-each-ref --sort -committerdate --format %(refname) %(objectname) %(*objectname) [15ms]
2023-02-28 16:40:49.243 [info] > git status -z -uall [66ms]
2023-02-28 16:40:53.868 [info] > git show --textconv :database_api/models/mod_models.py [8ms]
2023-02-28 16:40:53.872 [info] > git ls-files --stage -- /home/alex/Projects/Webee/database_api/models/mod_models.py [5ms]
2023-02-28 16:40:54.196 [info] > git check-ignore -v -z --stdin [4ms]
2023-02-28 16:40:54.702 [info] > git config --get commit.template [9ms]
2023-02-28 16:40:54.703 [info] > git for-each-ref --format=%(refname)%00%(upstream:short)%00%(objectname)%00%(upstream:track)%00%(upstream:remotename)%00%(upstream:remoteref) refs/heads/main refs/remotes/main [2ms]
2023-02-28 16:40:54.732 [info] > git for-each-ref --sort -committerdate --format %(refname) %(objectname) %(*objectname) [17ms]
2023-02-28 16:40:54.768 [info] > git status -z -uall [60ms]
2023-02-28 16:41:16.328 [info] > git show --textconv :database_api/models/data_models.py [9ms]
2023-02-28 16:41:16.331 [info] > git ls-files --stage -- /home/alex/Projects/Webee/database_api/models/data_models.py [3ms]
2023-02-28 16:41:16.643 [info] > git check-ignore -v -z --stdin [4ms]
2023-02-28 16:41:17.105 [info] > git config --get commit.template [8ms]
2023-02-28 16:41:17.106 [info] > git for-each-ref --format=%(refname)%00%(upstream:short)%00%(objectname)%00%(upstream:track)%00%(upstream:remotename)%00%(upstream:remoteref) refs/heads/main refs/remotes/main [2ms]
2023-02-28 16:41:17.128 [info] > git for-each-ref --sort -committerdate --format %(refname) %(objectname) %(*objectname) [7ms]
2023-02-28 16:41:17.174 [info] > git status -z -uall [61ms]
2023-02-28 16:41:40.025 [info] > git show --textconv :database_api/models/__init__.py [8ms]
2023-02-28 16:41:40.029 [info] > git ls-files --stage -- /home/alex/Projects/Webee/database_api/models/__init__.py [5ms]
2023-02-28 16:41:40.320 [info] > git check-ignore -v -z --stdin [7ms]
2023-02-28 16:41:40.848 [info] > git config --get commit.template [5ms]
2023-02-28 16:41:40.849 [info] > git for-each-ref --format=%(refname)%00%(upstream:short)%00%(objectname)%00%(upstream:track)%00%(upstream:remotename)%00%(upstream:remoteref) refs/heads/main refs/remotes/main [1ms]
2023-02-28 16:41:40.870 [info] > git for-each-ref --sort -committerdate --format %(refname) %(objectname) %(*objectname) [8ms]
2023-02-28 16:41:40.920 [info] > git status -z -uall [65ms]
2023-02-28 16:42:09.769 [info] > git show --textconv :database_api/schemas.py [8ms]
2023-02-28 16:42:09.774 [info] > git ls-files --stage -- /home/alex/Projects/Webee/database_api/schemas.py [6ms]
2023-02-28 17:02:33.695 [info] > git show --textconv :database_api/models/comp_modules.py [6ms]
2023-02-28 17:02:33.700 [info] > git ls-files --stage -- /home/alex/Projects/Webee/database_api/models/comp_modules.py [5ms]
2023-02-28 17:02:34.001 [info] > git check-ignore -v -z --stdin [6ms]
2023-02-28 17:02:34.524 [info] > git config --get commit.template [7ms]
2023-02-28 17:02:34.525 [info] > git for-each-ref --format=%(refname)%00%(upstream:short)%00%(objectname)%00%(upstream:track)%00%(upstream:remotename)%00%(upstream:remoteref) refs/heads/main refs/remotes/main [2ms]
2023-02-28 17:02:34.545 [info] > git for-each-ref --sort -committerdate --format %(refname) %(objectname) %(*objectname) [5ms]
2023-02-28 17:02:34.594 [info] > git status -z -uall [62ms]
2023-02-28 17:11:12.451 [info] > git config --get commit.template [5ms]
2023-02-28 17:11:12.451 [info] > git for-each-ref --format=%(refname)%00%(upstream:short)%00%(objectname)%00%(upstream:track)%00%(upstream:remotename)%00%(upstream:remoteref) refs/heads/main refs/remotes/main [1ms]
2023-02-28 17:11:12.469 [info] > git for-each-ref --sort -committerdate --format %(refname) %(objectname) %(*objectname) [8ms]
2023-02-28 17:11:12.509 [info] > git status -z -uall [53ms]
2023-02-28 17:11:16.426 [info] > git show --textconv :special_enitity.py [7ms]
2023-02-28 17:11:16.432 [info] > git ls-files --stage -- /home/alex/Projects/Webee/special_enitity.py [6ms]
2023-02-28 17:11:16.438 [info] > git cat-file -s 1682704470786e907b926167e128c6a6d1b5c685 [1ms]
2023-02-28 17:11:23.440 [info] > git config --get commit.template [8ms]
2023-02-28 17:11:23.441 [info] > git for-each-ref --format=%(refname)%00%(upstream:short)%00%(objectname)%00%(upstream:track)%00%(upstream:remotename)%00%(upstream:remoteref) refs/heads/main refs/remotes/main [2ms]
2023-02-28 17:11:23.465 [info] > git for-each-ref --sort -committerdate --format %(refname) %(objectname) %(*objectname) [11ms]
2023-02-28 17:11:23.507 [info] > git status -z -uall [59ms]
2023-02-28 17:11:25.614 [info] > git show --textconv :entity copy.py [7ms]
2023-02-28 17:11:25.619 [info] > git ls-files --stage -- /home/alex/Projects/Webee/entity copy.py [6ms]
2023-02-28 17:11:25.627 [info] > git cat-file -s 814d789987ecc0b923bcbbcb3dcbcf3c3b53dbed [1ms]
2023-02-28 17:11:31.873 [info] > git config --get commit.template [7ms]
2023-02-28 17:11:31.874 [info] > git for-each-ref --format=%(refname)%00%(upstream:short)%00%(objectname)%00%(upstream:track)%00%(upstream:remotename)%00%(upstream:remoteref) refs/heads/main refs/remotes/main [2ms]
2023-02-28 17:11:31.889 [info] > git for-each-ref --sort -committerdate --format %(refname) %(objectname) %(*objectname) [3ms]
2023-02-28 17:11:31.939 [info] > git status -z -uall [59ms]
2023-02-28 17:11:52.033 [info] > git show --textconv :database_api/__init__.py [7ms]
2023-02-28 17:11:52.038 [info] > git ls-files --stage -- /home/alex/Projects/Webee/database_api/__init__.py [5ms]
2023-02-28 17:11:52.868 [info] > git show --textconv :database_api/api.py [8ms]
2023-02-28 17:11:52.872 [info] > git ls-files --stage -- /home/alex/Projects/Webee/database_api/api.py [5ms]
2023-02-28 17:11:54.805 [info] > git config --get commit.template [8ms]
2023-02-28 17:11:54.806 [info] > git for-each-ref --format=%(refname)%00%(upstream:short)%00%(objectname)%00%(upstream:track)%00%(upstream:remotename)%00%(upstream:remoteref) refs/heads/main refs/remotes/main [2ms]
2023-02-28 17:11:54.835 [info] > git for-each-ref --sort -committerdate --format %(refname) %(objectname) %(*objectname) [15ms]
2023-02-28 17:11:54.869 [info] > git status -z -uall [56ms]
2023-02-28 17:11:55.960 [info] > git show --textconv :database_api/main.py [7ms]
2023-02-28 17:11:55.964 [info] > git ls-files --stage -- /home/alex/Projects/Webee/database_api/main.py [5ms]
2023-02-28 17:11:59.887 [info] > git config --get commit.template [7ms]
2023-02-28 17:11:59.888 [info] > git for-each-ref --format=%(refname)%00%(upstream:short)%00%(objectname)%00%(upstream:track)%00%(upstream:remotename)%00%(upstream:remoteref) refs/heads/main refs/remotes/main [2ms]
2023-02-28 17:11:59.908 [info] > git for-each-ref --sort -committerdate --format %(refname) %(objectname) %(*objectname) [6ms]
2023-02-28 17:11:59.956 [info] > git status -z -uall [62ms]
2023-02-28 17:12:04.975 [info] > git config --get commit.template [7ms]
2023-02-28 17:12:04.976 [info] > git for-each-ref --format=%(refname)%00%(upstream:short)%00%(objectname)%00%(upstream:track)%00%(upstream:remotename)%00%(upstream:remoteref) refs/heads/main refs/remotes/main [2ms]
2023-02-28 17:12:05.003 [info] > git for-each-ref --sort -committerdate --format %(refname) %(objectname) %(*objectname) [15ms]
2023-02-28 17:12:05.036 [info] > git status -z -uall [54ms]
