2023-03-01 02:57:01.783 [info] Log level: Info
2023-03-01 02:57:01.783 [info] Validating found git in: "git"
2023-03-01 02:57:01.783 [info] Using git "2.39.2" from "git"
2023-03-01 02:57:01.783 [info] > git rev-parse --show-toplevel [4ms]
2023-03-01 02:57:01.783 [info] > git rev-parse --git-dir --git-common-dir [77ms]
2023-03-01 02:57:01.783 [info] Open repository: /home/alex/Projects/Webee
2023-03-01 02:57:01.830 [info] > git config --get commit.template [38ms]
2023-03-01 02:57:01.831 [info] > git rev-parse --show-toplevel [55ms]
2023-03-01 02:57:01.844 [info] > git rev-parse --show-toplevel [3ms]
2023-03-01 02:57:01.882 [info] > git rev-parse --show-toplevel [31ms]
2023-03-01 02:57:01.891 [info] > git rev-parse --show-toplevel [2ms]
2023-03-01 02:57:01.902 [info] > git for-each-ref --format=%(refname)%00%(upstream:short)%00%(objectname)%00%(upstream:track)%00%(upstream:remotename)%00%(upstream:remoteref) refs/heads/main refs/remotes/main [27ms]
2023-03-01 02:57:01.922 [info] > git rev-parse --show-toplevel [21ms]
2023-03-01 02:57:01.931 [info] > git for-each-ref --sort -committerdate --format %(refname) %(objectname) %(*objectname) [9ms]
2023-03-01 02:57:02.022 [info] > git status -z -uall [113ms]
2023-03-01 02:57:02.040 [info] > git config --get commit.template [5ms]
2023-03-01 02:57:02.040 [info] > git for-each-ref --format=%(refname)%00%(upstream:short)%00%(objectname)%00%(upstream:track)%00%(upstream:remotename)%00%(upstream:remoteref) refs/heads/main refs/remotes/main [1ms]
2023-03-01 02:57:02.075 [info] > git for-each-ref --sort -committerdate --format %(refname) %(objectname) %(*objectname) [4ms]
2023-03-01 02:57:02.144 [info] > git status -z -uall [99ms]
2023-03-01 02:57:02.282 [info] > git show --textconv :database_api/models/comp_modules.py [9ms]
2023-03-01 02:57:02.286 [info] > git ls-files --stage -- /home/alex/Projects/Webee/database_api/models/comp_modules.py [5ms]
2023-03-01 02:57:02.294 [info] > git cat-file -s 3fc6080e9d59b2bf63520b3734ea9abe25d1c1e7 [2ms]
2023-03-01 02:57:02.377 [info] > git check-ignore -v -z --stdin [27ms]
2023-03-01 03:10:47.183 [info] > git show --textconv :database_api/database.py [9ms]
2023-03-01 03:10:47.188 [info] > git ls-files --stage -- /home/alex/Projects/Webee/database_api/database.py [5ms]
2023-03-01 03:10:47.198 [info] > git cat-file -s f8e2fde3f78cfd0d0ff38927ac07072922eca51d [3ms]
2023-03-01 03:10:48.595 [info] > git show --textconv :database_api/crud.py [8ms]
2023-03-01 03:10:48.599 [info] > git ls-files --stage -- /home/alex/Projects/Webee/database_api/crud.py [5ms]
2023-03-01 03:10:48.607 [info] > git cat-file -s 051d6cb5e13c9916915b6b108b5b5ed1e172fc62 [2ms]
2023-03-01 03:11:17.045 [info] > git show --textconv :requirements.txt [6ms]
2023-03-01 03:11:17.048 [info] > git ls-files --stage -- /home/alex/Projects/Webee/requirements.txt [4ms]
2023-03-01 03:11:17.053 [info] > git cat-file -s f348c354ca39d30f34f124a5c9e8ed1f028c6af7 [1ms]
2023-03-01 03:12:33.077 [info] > git ls-files --stage -- /home/alex/Projects/Webee/database_api/crud.py [7ms]
2023-03-01 03:12:33.082 [info] > git ls-files --stage -- /home/alex/Projects/Webee/database_api/database.py [17ms]
2023-03-01 03:12:33.086 [info] > git ls-files --stage -- /home/alex/Projects/Webee/database_api/models/comp_modules.py [28ms]
2023-03-01 03:12:33.091 [info] > git config --get commit.template [39ms]
2023-03-01 03:12:33.097 [info] > git cat-file -s 3fc6080e9d59b2bf63520b3734ea9abe25d1c1e7 [7ms]
2023-03-01 03:12:33.098 [info] > git cat-file -s f8e2fde3f78cfd0d0ff38927ac07072922eca51d [12ms]
2023-03-01 03:12:33.099 [info] > git cat-file -s 051d6cb5e13c9916915b6b108b5b5ed1e172fc62 [18ms]
2023-03-01 03:12:33.099 [info] > git ls-files --stage -- /home/alex/Projects/Webee/requirements.txt [23ms]
2023-03-01 03:12:33.103 [info] > git for-each-ref --format=%(refname)%00%(upstream:short)%00%(objectname)%00%(upstream:track)%00%(upstream:remotename)%00%(upstream:remoteref) refs/heads/main refs/remotes/main [7ms]
2023-03-01 03:12:33.144 [info] > git show --textconv :database_api/models/comp_modules.py [11ms]
2023-03-01 03:12:33.145 [info] > git show --textconv :database_api/database.py [7ms]
2023-03-01 03:12:33.145 [info] > git cat-file -s f348c354ca39d30f34f124a5c9e8ed1f028c6af7 [42ms]
2023-03-01 03:12:33.147 [info] > git for-each-ref --sort -committerdate --format %(refname) %(objectname) %(*objectname) [26ms]
2023-03-01 03:12:33.157 [info] > git show --textconv :database_api/crud.py [13ms]
2023-03-01 03:12:33.160 [info] > git show --textconv :requirements.txt [4ms]
2023-03-01 03:12:33.172 [info] > git status -z -uall [63ms]
2023-03-01 03:12:38.192 [info] > git config --get commit.template [9ms]
2023-03-01 03:12:38.193 [info] > git for-each-ref --format=%(refname)%00%(upstream:short)%00%(objectname)%00%(upstream:track)%00%(upstream:remotename)%00%(upstream:remoteref) refs/heads/main refs/remotes/main [1ms]
2023-03-01 03:12:38.220 [info] > git for-each-ref --sort -committerdate --format %(refname) %(objectname) %(*objectname) [14ms]
2023-03-01 03:12:38.254 [info] > git status -z -uall [54ms]
2023-03-01 03:15:24.645 [info] > git config --get commit.template [6ms]
2023-03-01 03:15:24.645 [info] > git for-each-ref --format=%(refname)%00%(upstream:short)%00%(objectname)%00%(upstream:track)%00%(upstream:remotename)%00%(upstream:remoteref) refs/heads/main refs/remotes/main [1ms]
2023-03-01 03:15:24.680 [info] > git for-each-ref --sort -committerdate --format %(refname) %(objectname) %(*objectname) [8ms]
2023-03-01 03:15:24.682 [info] > git check-ignore -v -z --stdin [4ms]
2023-03-01 03:15:24.721 [info] > git status -z -uall [71ms]
2023-03-01 03:15:42.301 [info] > git show --textconv :database_api/api.py [8ms]
2023-03-01 03:15:42.305 [info] > git ls-files --stage -- /home/alex/Projects/Webee/database_api/api.py [4ms]
2023-03-01 03:15:42.317 [info] > git cat-file -s 266a38a07031401d421309ac589aa84b2c3efeb4 [0ms]
2023-03-01 03:15:48.466 [info] > git show --textconv :database_api/main.py [8ms]
2023-03-01 03:15:48.471 [info] > git ls-files --stage -- /home/alex/Projects/Webee/database_api/main.py [5ms]
2023-03-01 03:15:48.477 [info] > git cat-file -s 18ef0854679b3bd4fdd8ad72a8b08f981980a93e [2ms]
2023-03-01 03:18:43.683 [info] > git show --textconv :database_api/__init__.py [7ms]
2023-03-01 03:18:43.687 [info] > git ls-files --stage -- /home/alex/Projects/Webee/database_api/__init__.py [4ms]
2023-03-01 03:18:43.693 [info] > git cat-file -s e69de29bb2d1d6434b8b29ae775ad8c2e48c5391 [2ms]
2023-03-01 03:19:28.717 [info] > git check-ignore -v -z --stdin [4ms]
2023-03-01 03:19:59.936 [info] > git check-ignore -v -z --stdin [6ms]
2023-03-01 03:20:19.693 [info] > git config --get commit.template [7ms]
2023-03-01 03:20:19.694 [info] > git for-each-ref --format=%(refname)%00%(upstream:short)%00%(objectname)%00%(upstream:track)%00%(upstream:remotename)%00%(upstream:remoteref) refs/heads/main refs/remotes/main [2ms]
2023-03-01 03:20:19.730 [info] > git for-each-ref --sort -committerdate --format %(refname) %(objectname) %(*objectname) [19ms]
2023-03-01 03:20:19.772 [info] > git status -z -uall [72ms]
2023-03-01 03:20:20.353 [info] > git check-ignore -v -z --stdin [5ms]
2023-03-01 03:20:24.789 [info] > git config --get commit.template [7ms]
2023-03-01 03:20:24.790 [info] > git for-each-ref --format=%(refname)%00%(upstream:short)%00%(objectname)%00%(upstream:track)%00%(upstream:remotename)%00%(upstream:remoteref) refs/heads/main refs/remotes/main [2ms]
2023-03-01 03:20:24.819 [info] > git for-each-ref --sort -committerdate --format %(refname) %(objectname) %(*objectname) [15ms]
2023-03-01 03:20:24.855 [info] > git status -z -uall [58ms]
2023-03-01 03:21:10.035 [info] > git show --textconv :database_api/Unit testing/main.py [8ms]
2023-03-01 03:21:10.039 [info] > git ls-files --stage -- /home/alex/Projects/Webee/database_api/Unit testing/main.py [4ms]
2023-03-01 03:21:10.332 [info] > git check-ignore -v -z --stdin [5ms]
2023-03-01 03:21:10.856 [info] > git config --get commit.template [7ms]
2023-03-01 03:21:10.857 [info] > git for-each-ref --format=%(refname)%00%(upstream:short)%00%(objectname)%00%(upstream:track)%00%(upstream:remotename)%00%(upstream:remoteref) refs/heads/main refs/remotes/main [2ms]
2023-03-01 03:21:10.885 [info] > git for-each-ref --sort -committerdate --format %(refname) %(objectname) %(*objectname) [12ms]
2023-03-01 03:21:10.924 [info] > git status -z -uall [60ms]
2023-03-01 03:21:40.096 [info] > git show --textconv :database_api/unit_testing/main.py [7ms]
2023-03-01 03:21:40.099 [info] > git ls-files --stage -- /home/alex/Projects/Webee/database_api/unit_testing/main.py [4ms]
2023-03-01 03:21:40.466 [info] > git check-ignore -v -z --stdin [6ms]
2023-03-01 03:21:40.970 [info] > git config --get commit.template [7ms]
2023-03-01 03:21:40.971 [info] > git for-each-ref --format=%(refname)%00%(upstream:short)%00%(objectname)%00%(upstream:track)%00%(upstream:remotename)%00%(upstream:remoteref) refs/heads/main refs/remotes/main [2ms]
2023-03-01 03:21:40.992 [info] > git for-each-ref --sort -committerdate --format %(refname) %(objectname) %(*objectname) [5ms]
2023-03-01 03:21:41.041 [info] > git status -z -uall [62ms]
2023-03-01 03:27:15.394 [info] > git show --textconv :main.py [7ms]
2023-03-01 03:27:15.410 [info] > git ls-files --stage -- /home/alex/Projects/Webee/main.py [17ms]
2023-03-01 03:27:15.419 [info] > git cat-file -s e69de29bb2d1d6434b8b29ae775ad8c2e48c5391 [3ms]
2023-03-01 03:27:21.455 [info] > git config --get commit.template [8ms]
2023-03-01 03:27:21.457 [info] > git for-each-ref --format=%(refname)%00%(upstream:short)%00%(objectname)%00%(upstream:track)%00%(upstream:remotename)%00%(upstream:remoteref) refs/heads/main refs/remotes/main [2ms]
2023-03-01 03:27:21.472 [info] > git for-each-ref --sort -committerdate --format %(refname) %(objectname) %(*objectname) [3ms]
2023-03-01 03:27:21.524 [info] > git status -z -uall [61ms]
2023-03-01 03:28:23.863 [info] > git config --get commit.template [8ms]
2023-03-01 03:28:23.864 [info] > git for-each-ref --format=%(refname)%00%(upstream:short)%00%(objectname)%00%(upstream:track)%00%(upstream:remotename)%00%(upstream:remoteref) refs/heads/main refs/remotes/main [2ms]
2023-03-01 03:28:23.895 [info] > git for-each-ref --sort -committerdate --format %(refname) %(objectname) %(*objectname) [16ms]
2023-03-01 03:28:23.928 [info] > git status -z -uall [57ms]
2023-03-01 03:41:18.114 [info] > git show --textconv :database_api/models/mod_models.py [7ms]
2023-03-01 03:41:18.118 [info] > git ls-files --stage -- /home/alex/Projects/Webee/database_api/models/mod_models.py [5ms]
2023-03-01 03:41:18.125 [info] > git cat-file -s 37d95798f995c4da9ed7901b7da888558ef19ebc [2ms]
2023-03-01 03:41:21.098 [info] > git show --textconv :database_api/models/data_models.py [5ms]
2023-03-01 03:41:21.101 [info] > git ls-files --stage -- /home/alex/Projects/Webee/database_api/models/data_models.py [3ms]
2023-03-01 03:41:21.107 [info] > git cat-file -s 5b210475e4622ac6c39d35ec1e71c746ccdc3c59 [2ms]
2023-03-01 04:17:01.913 [info] > git show --textconv :database_api/schemas.py [7ms]
2023-03-01 04:17:01.917 [info] > git ls-files --stage -- /home/alex/Projects/Webee/database_api/schemas.py [5ms]
2023-03-01 04:17:01.924 [info] > git cat-file -s 3e5010437f92de66797b2e93cba045f3fd97622f [2ms]
2023-03-01 04:22:37.267 [info] > git show --textconv :database_api/models/__init__.py [5ms]
2023-03-01 04:22:37.269 [info] > git ls-files --stage -- /home/alex/Projects/Webee/database_api/models/__init__.py [3ms]
2023-03-01 04:22:37.274 [info] > git cat-file -s e69de29bb2d1d6434b8b29ae775ad8c2e48c5391 [1ms]
2023-03-01 04:23:24.017 [info] > git config --get commit.template [7ms]
2023-03-01 04:23:24.018 [info] > git for-each-ref --format=%(refname)%00%(upstream:short)%00%(objectname)%00%(upstream:track)%00%(upstream:remotename)%00%(upstream:remoteref) refs/heads/main refs/remotes/main [1ms]
2023-03-01 04:23:24.047 [info] > git for-each-ref --sort -committerdate --format %(refname) %(objectname) %(*objectname) [12ms]
2023-03-01 04:23:24.093 [info] > git status -z -uall [70ms]
2023-03-01 04:23:30.111 [info] > git config --get commit.template [2ms]
2023-03-01 04:23:30.118 [info] > git for-each-ref --format=%(refname)%00%(upstream:short)%00%(objectname)%00%(upstream:track)%00%(upstream:remotename)%00%(upstream:remoteref) refs/heads/main refs/remotes/main [2ms]
2023-03-01 04:23:30.133 [info] > git for-each-ref --sort -committerdate --format %(refname) %(objectname) %(*objectname) [5ms]
2023-03-01 04:23:30.178 [info] > git status -z -uall [56ms]
2023-03-01 04:23:35.191 [info] > git config --get commit.template [5ms]
2023-03-01 04:23:35.191 [info] > git for-each-ref --format=%(refname)%00%(upstream:short)%00%(objectname)%00%(upstream:track)%00%(upstream:remotename)%00%(upstream:remoteref) refs/heads/main refs/remotes/main [1ms]
2023-03-01 04:23:35.214 [info] > git for-each-ref --sort -committerdate --format %(refname) %(objectname) %(*objectname) [12ms]
2023-03-01 04:23:35.250 [info] > git status -z -uall [54ms]
2023-03-01 04:30:54.377 [info] > git show --textconv :energy.py [8ms]
2023-03-01 04:30:54.383 [info] > git ls-files --stage -- /home/alex/Projects/Webee/energy.py [7ms]
2023-03-01 04:30:54.391 [info] > git cat-file -s 8c691826c2cce21e1956888e3e0981fe505bb9d3 [1ms]
2023-03-01 04:31:01.335 [info] > git config --get commit.template [9ms]
2023-03-01 04:31:01.335 [info] > git for-each-ref --format=%(refname)%00%(upstream:short)%00%(objectname)%00%(upstream:track)%00%(upstream:remotename)%00%(upstream:remoteref) refs/heads/main refs/remotes/main [2ms]
2023-03-01 04:31:01.365 [info] > git for-each-ref --sort -committerdate --format %(refname) %(objectname) %(*objectname) [15ms]
2023-03-01 04:31:01.408 [info] > git status -z -uall [66ms]
2023-03-01 04:31:01.739 [info] > git show --textconv :entity.py [9ms]
2023-03-01 04:31:01.744 [info] > git ls-files --stage -- /home/alex/Projects/Webee/entity.py [6ms]
2023-03-01 04:31:01.750 [info] > git cat-file -s 7602e3781a8dd392a1fd29b057f79a64938f2a9f [1ms]
2023-03-01 04:31:06.428 [info] > git config --get commit.template [9ms]
2023-03-01 04:31:06.429 [info] > git for-each-ref --format=%(refname)%00%(upstream:short)%00%(objectname)%00%(upstream:track)%00%(upstream:remotename)%00%(upstream:remoteref) refs/heads/main refs/remotes/main [2ms]
2023-03-01 04:31:06.460 [info] > git for-each-ref --sort -committerdate --format %(refname) %(objectname) %(*objectname) [1ms]
2023-03-01 04:31:06.497 [info] > git status -z -uall [61ms]
2023-03-01 04:31:14.328 [info] > git show --textconv :database_api/models/main.py [9ms]
2023-03-01 04:31:14.332 [info] > git ls-files --stage -- /home/alex/Projects/Webee/database_api/models/main.py [5ms]
2023-03-01 04:31:14.621 [info] > git check-ignore -v -z --stdin [5ms]
2023-03-01 04:31:15.164 [info] > git config --get commit.template [9ms]
2023-03-01 04:31:15.164 [info] > git for-each-ref --format=%(refname)%00%(upstream:short)%00%(objectname)%00%(upstream:track)%00%(upstream:remotename)%00%(upstream:remoteref) refs/heads/main refs/remotes/main [2ms]
2023-03-01 04:31:15.187 [info] > git for-each-ref --sort -committerdate --format %(refname) %(objectname) %(*objectname) [4ms]
2023-03-01 04:31:15.229 [info] > git status -z -uall [59ms]
2023-03-01 04:31:22.242 [info] > git show --textconv :main.py [7ms]
2023-03-01 04:31:22.248 [info] > git ls-files --stage -- /home/alex/Projects/Webee/main.py [6ms]
2023-03-01 04:31:22.256 [info] > git cat-file -s e69de29bb2d1d6434b8b29ae775ad8c2e48c5391 [1ms]
2023-03-01 04:31:23.082 [info] > git config --get commit.template [9ms]
2023-03-01 04:31:23.083 [info] > git for-each-ref --format=%(refname)%00%(upstream:short)%00%(objectname)%00%(upstream:track)%00%(upstream:remotename)%00%(upstream:remoteref) refs/heads/main refs/remotes/main [2ms]
2023-03-01 04:31:23.111 [info] > git for-each-ref --sort -committerdate --format %(refname) %(objectname) %(*objectname) [2ms]
2023-03-01 04:31:23.151 [info] > git status -z -uall [62ms]
2023-03-01 04:31:55.497 [info] > git show --textconv :.gitignore [8ms]
2023-03-01 04:31:55.503 [info] > git ls-files --stage -- /home/alex/Projects/Webee/.gitignore [7ms]
2023-03-01 04:31:55.766 [info] > git check-ignore -v -z --stdin [5ms]
2023-03-01 04:31:56.260 [info] > git config --get commit.template [8ms]
2023-03-01 04:31:56.261 [info] > git for-each-ref --format=%(refname)%00%(upstream:short)%00%(objectname)%00%(upstream:track)%00%(upstream:remotename)%00%(upstream:remoteref) refs/heads/main refs/remotes/main [2ms]
2023-03-01 04:31:56.292 [info] > git for-each-ref --sort -committerdate --format %(refname) %(objectname) %(*objectname) [12ms]
2023-03-01 04:31:56.329 [info] > git status -z -uall [61ms]
2023-03-01 04:32:00.371 [info] > git show --textconv :requirements.txt [8ms]
2023-03-01 04:32:00.376 [info] > git ls-files --stage -- /home/alex/Projects/Webee/requirements.txt [6ms]
2023-03-01 04:32:00.385 [info] > git cat-file -s f348c354ca39d30f34f124a5c9e8ed1f028c6af7 [2ms]
2023-03-01 04:32:04.888 [info] > git check-ignore -v -z --stdin [5ms]
2023-03-01 04:32:06.992 [info] > git check-ignore -v -z --stdin [13ms]
2023-03-01 04:50:52.280 [info] > git check-ignore -v -z --stdin [20ms]
2023-03-01 04:50:52.711 [info] > git config --get commit.template [8ms]
2023-03-01 04:50:52.712 [info] > git for-each-ref --format=%(refname)%00%(upstream:short)%00%(objectname)%00%(upstream:track)%00%(upstream:remotename)%00%(upstream:remoteref) refs/heads/main refs/remotes/main [2ms]
2023-03-01 04:50:52.736 [info] > git for-each-ref --sort -committerdate --format %(refname) %(objectname) %(*objectname) [13ms]
2023-03-01 04:50:52.770 [info] > git status -z -uall [53ms]
2023-03-01 04:50:55.979 [info] > git check-ignore -v -z --stdin [19ms]
2023-03-01 04:50:57.791 [info] > git config --get commit.template [8ms]
2023-03-01 04:50:57.792 [info] > git for-each-ref --format=%(refname)%00%(upstream:short)%00%(objectname)%00%(upstream:track)%00%(upstream:remotename)%00%(upstream:remoteref) refs/heads/main refs/remotes/main [2ms]
2023-03-01 04:50:57.824 [info] > git for-each-ref --sort -committerdate --format %(refname) %(objectname) %(*objectname) [17ms]
2023-03-01 04:50:57.856 [info] > git status -z -uall [58ms]
2023-03-01 04:51:29.958 [info] > git show --textconv :frontend/package-lock.json [10ms]
2023-03-01 04:51:29.963 [info] > git ls-files --stage -- /home/alex/Projects/Webee/frontend/package-lock.json [6ms]
2023-03-01 04:51:29.973 [info] > git cat-file -s 3c1368cd7a5d04f59fa5aa9e731ee49ac32c9c05 [2ms]
2023-03-01 04:51:31.938 [info] > git check-ignore -v -z --stdin [12ms]
